This is pdfTeX, Version 3.1415926-2.5-1.40.14 (TeX Live 2013/Debian) (format=pdflatex 2014.10.19)  2 DEC 2014 13:21
entering extended mode
 restricted \write18 enabled.
 %&-line parsing enabled.
**simobs_thesis_final.tex
(./simobs_thesis_final.tex
LaTeX2e <2011/06/27>
Babel <3.9h> and hyphenation patterns for 2 languages loaded.
(/usr/share/texlive/texmf-dist/tex/latex/base/book.cls
Document Class: book 2007/10/19 v1.4h Standard LaTeX document class
(/usr/share/texlive/texmf-dist/tex/latex/base/bk11.clo
File: bk11.clo 2007/10/19 v1.4h Standard LaTeX file (size option)
)
\c@part=\count79
\c@chapter=\count80
\c@section=\count81
\c@subsection=\count82
\c@subsubsection=\count83
\c@paragraph=\count84
\c@subparagraph=\count85
\c@figure=\count86
\c@table=\count87
\abovecaptionskip=\skip41
\belowcaptionskip=\skip42
\bibindent=\dimen102
)
(/usr/share/texlive/texmf-dist/tex/latex/caption/caption.sty
Package: caption 2013/05/02 v3.3-89 Customizing captions (AR)

(/usr/share/texlive/texmf-dist/tex/latex/caption/caption3.sty
Package: caption3 2013/05/02 v1.6-88 caption3 kernel (AR)
Package caption3 Info: TeX engine: e-TeX on input line 57.

(/usr/share/texlive/texmf-dist/tex/latex/graphics/keyval.sty
Package: keyval 1999/03/16 v1.13 key=value parser (DPC)
\KV@toks@=\toks14
)
\captionmargin=\dimen103
\captionmargin@=\dimen104
\captionwidth=\dimen105
\caption@tempdima=\dimen106
\caption@indent=\dimen107
\caption@parindent=\dimen108
\caption@hangindent=\dimen109
)
\c@ContinuedFloat=\count88
) (./titling.sty
Package: titling 2009/09/04 v2.1d maketitle typesetting
\thanksmarkwidth=\skip43
\thanksmargin=\skip44
\droptitle=\skip45
) (./titlepic.sty
Package: titlepic 2009/08/03 1.1 Package to display a picture on the title page

) (./multirow.sty
\bigstrutjot=\dimen110
) (./todonotes.sty
Package: todonotes 2011/03/07 .dtx Todonotes source and documentation.
Package: todonotes 2011/03/07

(/usr/share/texlive/texmf-dist/tex/latex/base/ifthen.sty
Package: ifthen 2001/05/26 v1.1c Standard LaTeX ifthen package (DPC)
)
(/usr/share/texlive/texmf-dist/tex/latex/xkeyval/xkeyval.sty
Package: xkeyval 2012/10/14 v2.6b package option processing (HA)

(/usr/share/texlive/texmf-dist/tex/generic/xkeyval/xkeyval.tex
\XKV@toks=\toks15
\XKV@tempa@toks=\toks16
\XKV@depth=\count89
File: xkeyval.tex 2012/10/14 v2.6b key=value parser (HA)
))
(/usr/share/texmf/tex/latex/xcolor/xcolor.sty
Package: xcolor 2007/01/21 v2.11 LaTeX color extensions (UK)

(/usr/share/texlive/texmf-dist/tex/latex/latexconfig/color.cfg
File: color.cfg 2007/01/18 v1.5 color configuration of teTeX/TeXLive
)
Package xcolor Info: Driver file: pdftex.def on input line 225.

(/usr/share/texlive/texmf-dist/tex/latex/pdftex-def/pdftex.def
File: pdftex.def 2011/05/27 v0.06d Graphics/color for pdfTeX

(/usr/share/texlive/texmf-dist/tex/generic/oberdiek/infwarerr.sty
Package: infwarerr 2010/04/08 v1.3 Providing info/warning/error messages (HO)
)
(/usr/share/texlive/texmf-dist/tex/generic/oberdiek/ltxcmds.sty
Package: ltxcmds 2011/11/09 v1.22 LaTeX kernel commands for general use (HO)
)
\Gread@gobject=\count90
)
Package xcolor Info: Model `cmy' substituted by `cmy0' on input line 1337.
Package xcolor Info: Model `hsb' substituted by `rgb' on input line 1341.
Package xcolor Info: Model `RGB' extended on input line 1353.
Package xcolor Info: Model `HTML' substituted by `rgb' on input line 1355.
Package xcolor Info: Model `Hsb' substituted by `hsb' on input line 1356.
Package xcolor Info: Model `tHsb' substituted by `hsb' on input line 1357.
Package xcolor Info: Model `HSB' substituted by `hsb' on input line 1358.
Package xcolor Info: Model `Gray' substituted by `gray' on input line 1359.
Package xcolor Info: Model `wave' substituted by `hsb' on input line 1360.
)
(/usr/share/texmf/tex/latex/pgf/frontendlayer/tikz.sty
(/usr/share/texmf/tex/latex/pgf/basiclayer/pgf.sty
(/usr/share/texmf/tex/latex/pgf/utilities/pgfrcs.sty
(/usr/share/texmf/tex/generic/pgf/utilities/pgfutil-common.tex
\pgfutil@everybye=\toks17
)
(/usr/share/texmf/tex/generic/pgf/utilities/pgfutil-latex.def
\pgfutil@abb=\box26

(/usr/share/texlive/texmf-dist/tex/latex/ms/everyshi.sty
Package: everyshi 2001/05/15 v3.00 EveryShipout Package (MS)
))
(/usr/share/texmf/tex/generic/pgf/utilities/pgfrcs.code.tex
Package: pgfrcs 2010/10/25 v2.10 (rcs-revision 1.24)
))
Package: pgf 2008/01/15 v2.10 (rcs-revision 1.12)

(/usr/share/texmf/tex/latex/pgf/basiclayer/pgfcore.sty
(/usr/share/texlive/texmf-dist/tex/latex/graphics/graphicx.sty
Package: graphicx 1999/02/16 v1.0f Enhanced LaTeX Graphics (DPC,SPQR)

(/usr/share/texlive/texmf-dist/tex/latex/graphics/graphics.sty
Package: graphics 2009/02/05 v1.0o Standard LaTeX Graphics (DPC,SPQR)

(/usr/share/texlive/texmf-dist/tex/latex/graphics/trig.sty
Package: trig 1999/03/16 v1.09 sin cos tan (DPC)
)
(/usr/share/texlive/texmf-dist/tex/latex/latexconfig/graphics.cfg
File: graphics.cfg 2010/04/23 v1.9 graphics configuration of TeX Live
)
Package graphics Info: Driver file: pdftex.def on input line 91.
)
\Gin@req@height=\dimen111
\Gin@req@width=\dimen112
)
(/usr/share/texmf/tex/latex/pgf/systemlayer/pgfsys.sty
(/usr/share/texmf/tex/generic/pgf/systemlayer/pgfsys.code.tex
Package: pgfsys 2010/06/30 v2.10 (rcs-revision 1.37)

(/usr/share/texmf/tex/generic/pgf/utilities/pgfkeys.code.tex
\pgfkeys@pathtoks=\toks18
\pgfkeys@temptoks=\toks19

(/usr/share/texmf/tex/generic/pgf/utilities/pgfkeysfiltered.code.tex
\pgfkeys@tmptoks=\toks20
))
\pgf@x=\dimen113
\pgf@y=\dimen114
\pgf@xa=\dimen115
\pgf@ya=\dimen116
\pgf@xb=\dimen117
\pgf@yb=\dimen118
\pgf@xc=\dimen119
\pgf@yc=\dimen120
\w@pgf@writea=\write3
\r@pgf@reada=\read1
\c@pgf@counta=\count91
\c@pgf@countb=\count92
\c@pgf@countc=\count93
\c@pgf@countd=\count94

(/usr/share/texmf/tex/generic/pgf/systemlayer/pgf.cfg
File: pgf.cfg 2008/05/14  (rcs-revision 1.7)
)
Package pgfsys Info: Driver file for pgf: pgfsys-pdftex.def on input line 900.

(/usr/share/texmf/tex/generic/pgf/systemlayer/pgfsys-pdftex.def
File: pgfsys-pdftex.def 2009/05/22  (rcs-revision 1.26)

(/usr/share/texmf/tex/generic/pgf/systemlayer/pgfsys-common-pdf.def
File: pgfsys-common-pdf.def 2008/05/19  (rcs-revision 1.10)
)))
(/usr/share/texmf/tex/generic/pgf/systemlayer/pgfsyssoftpath.code.tex
File: pgfsyssoftpath.code.tex 2008/07/18  (rcs-revision 1.7)
\pgfsyssoftpath@smallbuffer@items=\count95
\pgfsyssoftpath@bigbuffer@items=\count96
)
(/usr/share/texmf/tex/generic/pgf/systemlayer/pgfsysprotocol.code.tex
File: pgfsysprotocol.code.tex 2006/10/16  (rcs-revision 1.4)
))
(/usr/share/texmf/tex/generic/pgf/basiclayer/pgfcore.code.tex
Package: pgfcore 2010/04/11 v2.10 (rcs-revision 1.7)

(/usr/share/texmf/tex/generic/pgf/math/pgfmath.code.tex
(/usr/share/texmf/tex/generic/pgf/math/pgfmathcalc.code.tex
(/usr/share/texmf/tex/generic/pgf/math/pgfmathutil.code.tex)
(/usr/share/texmf/tex/generic/pgf/math/pgfmathparser.code.tex
\pgfmath@dimen=\dimen121
\pgfmath@count=\count97
\pgfmath@box=\box27
\pgfmath@toks=\toks21
\pgfmath@stack@operand=\toks22
\pgfmath@stack@operation=\toks23
)
(/usr/share/texmf/tex/generic/pgf/math/pgfmathfunctions.code.tex
(/usr/share/texmf/tex/generic/pgf/math/pgfmathfunctions.basic.code.tex)
(/usr/share/texmf/tex/generic/pgf/math/pgfmathfunctions.trigonometric.code.tex)
(/usr/share/texmf/tex/generic/pgf/math/pgfmathfunctions.random.code.tex)
(/usr/share/texmf/tex/generic/pgf/math/pgfmathfunctions.comparison.code.tex)
(/usr/share/texmf/tex/generic/pgf/math/pgfmathfunctions.base.code.tex)
(/usr/share/texmf/tex/generic/pgf/math/pgfmathfunctions.round.code.tex)
(/usr/share/texmf/tex/generic/pgf/math/pgfmathfunctions.misc.code.tex)))
(/usr/share/texmf/tex/generic/pgf/math/pgfmathfloat.code.tex
\c@pgfmathroundto@lastzeros=\count98
))
(/usr/share/texmf/tex/generic/pgf/basiclayer/pgfcorepoints.code.tex
File: pgfcorepoints.code.tex 2010/04/09  (rcs-revision 1.20)
\pgf@picminx=\dimen122
\pgf@picmaxx=\dimen123
\pgf@picminy=\dimen124
\pgf@picmaxy=\dimen125
\pgf@pathminx=\dimen126
\pgf@pathmaxx=\dimen127
\pgf@pathminy=\dimen128
\pgf@pathmaxy=\dimen129
\pgf@xx=\dimen130
\pgf@xy=\dimen131
\pgf@yx=\dimen132
\pgf@yy=\dimen133
\pgf@zx=\dimen134
\pgf@zy=\dimen135
)
(/usr/share/texmf/tex/generic/pgf/basiclayer/pgfcorepathconstruct.code.tex
File: pgfcorepathconstruct.code.tex 2010/08/03  (rcs-revision 1.24)
\pgf@path@lastx=\dimen136
\pgf@path@lasty=\dimen137
)
(/usr/share/texmf/tex/generic/pgf/basiclayer/pgfcorepathusage.code.tex
File: pgfcorepathusage.code.tex 2008/04/22  (rcs-revision 1.12)
\pgf@shorten@end@additional=\dimen138
\pgf@shorten@start@additional=\dimen139
)
(/usr/share/texmf/tex/generic/pgf/basiclayer/pgfcorescopes.code.tex
File: pgfcorescopes.code.tex 2010/09/08  (rcs-revision 1.34)
\pgfpic=\box28
\pgf@hbox=\box29
\pgf@layerbox@main=\box30
\pgf@picture@serial@count=\count99
)
(/usr/share/texmf/tex/generic/pgf/basiclayer/pgfcoregraphicstate.code.tex
File: pgfcoregraphicstate.code.tex 2008/04/22  (rcs-revision 1.9)
\pgflinewidth=\dimen140
)
(/usr/share/texmf/tex/generic/pgf/basiclayer/pgfcoretransformations.code.tex
File: pgfcoretransformations.code.tex 2009/06/10  (rcs-revision 1.11)
\pgf@pt@x=\dimen141
\pgf@pt@y=\dimen142
\pgf@pt@temp=\dimen143
)
(/usr/share/texmf/tex/generic/pgf/basiclayer/pgfcorequick.code.tex
File: pgfcorequick.code.tex 2008/10/09  (rcs-revision 1.3)
)
(/usr/share/texmf/tex/generic/pgf/basiclayer/pgfcoreobjects.code.tex
File: pgfcoreobjects.code.tex 2006/10/11  (rcs-revision 1.2)
)
(/usr/share/texmf/tex/generic/pgf/basiclayer/pgfcorepathprocessing.code.tex
File: pgfcorepathprocessing.code.tex 2008/10/09  (rcs-revision 1.8)
)
(/usr/share/texmf/tex/generic/pgf/basiclayer/pgfcorearrows.code.tex
File: pgfcorearrows.code.tex 2008/04/23  (rcs-revision 1.11)
)
(/usr/share/texmf/tex/generic/pgf/basiclayer/pgfcoreshade.code.tex
File: pgfcoreshade.code.tex 2008/11/23  (rcs-revision 1.13)
\pgf@max=\dimen144
\pgf@sys@shading@range@num=\count100
)
(/usr/share/texmf/tex/generic/pgf/basiclayer/pgfcoreimage.code.tex
File: pgfcoreimage.code.tex 2010/03/25  (rcs-revision 1.16)

(/usr/share/texmf/tex/generic/pgf/basiclayer/pgfcoreexternal.code.tex
File: pgfcoreexternal.code.tex 2010/09/01  (rcs-revision 1.17)
\pgfexternal@startupbox=\box31
))
(/usr/share/texmf/tex/generic/pgf/basiclayer/pgfcorelayers.code.tex
File: pgfcorelayers.code.tex 2010/08/27  (rcs-revision 1.2)
)
(/usr/share/texmf/tex/generic/pgf/basiclayer/pgfcoretransparency.code.tex
File: pgfcoretransparency.code.tex 2008/01/17  (rcs-revision 1.2)
)
(/usr/share/texmf/tex/generic/pgf/basiclayer/pgfcorepatterns.code.tex
File: pgfcorepatterns.code.tex 2009/07/02  (rcs-revision 1.3)
)))
(/usr/share/texmf/tex/generic/pgf/modules/pgfmoduleshapes.code.tex
File: pgfmoduleshapes.code.tex 2010/09/09  (rcs-revision 1.13)
\pgfnodeparttextbox=\box32
)
(/usr/share/texmf/tex/generic/pgf/modules/pgfmoduleplot.code.tex
File: pgfmoduleplot.code.tex 2010/10/22  (rcs-revision 1.8)
)
(/usr/share/texmf/tex/latex/pgf/compatibility/pgfcomp-version-0-65.sty
Package: pgfcomp-version-0-65 2007/07/03 v2.10 (rcs-revision 1.7)
\pgf@nodesepstart=\dimen145
\pgf@nodesepend=\dimen146
)
(/usr/share/texmf/tex/latex/pgf/compatibility/pgfcomp-version-1-18.sty
Package: pgfcomp-version-1-18 2007/07/23 v2.10 (rcs-revision 1.1)
))
(/usr/share/texmf/tex/latex/pgf/utilities/pgffor.sty
(/usr/share/texmf/tex/latex/pgf/utilities/pgfkeys.sty
(/usr/share/texmf/tex/generic/pgf/utilities/pgfkeys.code.tex))
(/usr/share/texmf/tex/generic/pgf/utilities/pgffor.code.tex
Package: pgffor 2010/03/23 v2.10 (rcs-revision 1.18)
\pgffor@iter=\dimen147
\pgffor@skip=\dimen148
\pgffor@stack=\toks24
\pgffor@toks=\toks25
))
(/usr/share/texmf/tex/generic/pgf/frontendlayer/tikz/tikz.code.tex
Package: tikz 2010/10/13 v2.10 (rcs-revision 1.76)

(/usr/share/texmf/tex/generic/pgf/libraries/pgflibraryplothandlers.code.tex
File: pgflibraryplothandlers.code.tex 2010/05/31 v2.10 (rcs-revision 1.15)
\pgf@plot@mark@count=\count101
\pgfplotmarksize=\dimen149
)
\tikz@lastx=\dimen150
\tikz@lasty=\dimen151
\tikz@lastxsaved=\dimen152
\tikz@lastysaved=\dimen153
\tikzleveldistance=\dimen154
\tikzsiblingdistance=\dimen155
\tikz@figbox=\box33
\tikz@tempbox=\box34
\tikztreelevel=\count102
\tikznumberofchildren=\count103
\tikznumberofcurrentchild=\count104
\tikz@fig@count=\count105

(/usr/share/texmf/tex/generic/pgf/modules/pgfmodulematrix.code.tex
File: pgfmodulematrix.code.tex 2010/08/24  (rcs-revision 1.4)
\pgfmatrixcurrentrow=\count106
\pgfmatrixcurrentcolumn=\count107
\pgf@matrix@numberofcolumns=\count108
)
\tikz@expandcount=\count109

(/usr/share/texmf/tex/generic/pgf/frontendlayer/tikz/libraries/tikzlibrarytopat
hs.code.tex
File: tikzlibrarytopaths.code.tex 2008/06/17 v2.10 (rcs-revision 1.2)
))) (/usr/share/texlive/texmf-dist/tex/latex/tools/calc.sty
Package: calc 2007/08/22 v4.3 Infix arithmetic (KKT,FJ)
\calc@Acount=\count110
\calc@Bcount=\count111
\calc@Adimen=\dimen156
\calc@Bdimen=\dimen157
\calc@Askip=\skip46
\calc@Bskip=\skip47
LaTeX Info: Redefining \setlength on input line 76.
LaTeX Info: Redefining \addtolength on input line 77.
\calc@Ccount=\count112
\calc@Cskip=\skip48
)
\c@@todonotes@numberoftodonotes=\count113
)
(/usr/share/texlive/texmf-dist/tex/latex/booktabs/booktabs.sty
Package: booktabs 2005/04/14 v1.61803 publication quality tables
\heavyrulewidth=\dimen158
\lightrulewidth=\dimen159
\cmidrulewidth=\dimen160
\belowrulesep=\dimen161
\belowbottomsep=\dimen162
\aboverulesep=\dimen163
\abovetopsep=\dimen164
\cmidrulesep=\dimen165
\cmidrulekern=\dimen166
\defaultaddspace=\dimen167
\@cmidla=\count114
\@cmidlb=\count115
\@aboverulesep=\dimen168
\@belowrulesep=\dimen169
\@thisruleclass=\count116
\@lastruleclass=\count117
\@thisrulewidth=\dimen170
)
(/usr/share/texlive/texmf-dist/tex/latex/caption/subcaption.sty
Package: subcaption 2013/02/03 v1.1-62 Sub-captions (AR)
\c@subfigure=\count118
\c@subtable=\count119
)
(/usr/share/texlive/texmf-dist/tex/latex/hyperref/hyperref.sty
Package: hyperref 2012/11/06 v6.83m Hypertext links for LaTeX

(/usr/share/texlive/texmf-dist/tex/generic/oberdiek/hobsub-hyperref.sty
Package: hobsub-hyperref 2012/05/28 v1.13 Bundle oberdiek, subset hyperref (HO)


(/usr/share/texlive/texmf-dist/tex/generic/oberdiek/hobsub-generic.sty
Package: hobsub-generic 2012/05/28 v1.13 Bundle oberdiek, subset generic (HO)
Package: hobsub 2012/05/28 v1.13 Construct package bundles (HO)
Package hobsub Info: Skipping package `infwarerr' (already loaded).
Package hobsub Info: Skipping package `ltxcmds' (already loaded).
Package: ifluatex 2010/03/01 v1.3 Provides the ifluatex switch (HO)
Package ifluatex Info: LuaTeX not detected.
Package: ifvtex 2010/03/01 v1.5 Detect VTeX and its facilities (HO)
Package ifvtex Info: VTeX not detected.
Package: intcalc 2007/09/27 v1.1 Expandable calculations with integers (HO)
Package: ifpdf 2011/01/30 v2.3 Provides the ifpdf switch (HO)
Package ifpdf Info: pdfTeX in PDF mode is detected.
Package: etexcmds 2011/02/16 v1.5 Avoid name clashes with e-TeX commands (HO)
Package etexcmds Info: Could not find \expanded.
(etexcmds)             That can mean that you are not using pdfTeX 1.50 or
(etexcmds)             that some package has redefined \expanded.
(etexcmds)             In the latter case, load this package earlier.
Package: kvsetkeys 2012/04/25 v1.16 Key value parser (HO)
Package: kvdefinekeys 2011/04/07 v1.3 Define keys (HO)
Package: pdftexcmds 2011/11/29 v0.20 Utility functions of pdfTeX for LuaTeX (HO
)
Package pdftexcmds Info: LuaTeX not detected.
Package pdftexcmds Info: \pdf@primitive is available.
Package pdftexcmds Info: \pdf@ifprimitive is available.
Package pdftexcmds Info: \pdfdraftmode found.
Package: pdfescape 2011/11/25 v1.13 Implements pdfTeX's escape features (HO)
Package: bigintcalc 2012/04/08 v1.3 Expandable calculations on big integers (HO
)
Package: bitset 2011/01/30 v1.1 Handle bit-vector datatype (HO)
Package: uniquecounter 2011/01/30 v1.2 Provide unlimited unique counter (HO)
)
Package hobsub Info: Skipping package `hobsub' (already loaded).
Package: letltxmacro 2010/09/02 v1.4 Let assignment for LaTeX macros (HO)
Package: hopatch 2012/05/28 v1.2 Wrapper for package hooks (HO)
Package: xcolor-patch 2011/01/30 xcolor patch
Package: atveryend 2011/06/30 v1.8 Hooks at the very end of document (HO)
Package atveryend Info: \enddocument detected (standard20110627).
Package: atbegshi 2011/10/05 v1.16 At begin shipout hook (HO)
Package: refcount 2011/10/16 v3.4 Data extraction from label references (HO)
Package: hycolor 2011/01/30 v1.7 Color options for hyperref/bookmark (HO)
)
(/usr/share/texlive/texmf-dist/tex/generic/ifxetex/ifxetex.sty
Package: ifxetex 2010/09/12 v0.6 Provides ifxetex conditional
)
(/usr/share/texlive/texmf-dist/tex/latex/oberdiek/auxhook.sty
Package: auxhook 2011/03/04 v1.3 Hooks for auxiliary files (HO)
)
(/usr/share/texlive/texmf-dist/tex/latex/oberdiek/kvoptions.sty
Package: kvoptions 2011/06/30 v3.11 Key value format for package options (HO)
)
\@linkdim=\dimen171
\Hy@linkcounter=\count120
\Hy@pagecounter=\count121

(/usr/share/texlive/texmf-dist/tex/latex/hyperref/pd1enc.def
File: pd1enc.def 2012/11/06 v6.83m Hyperref: PDFDocEncoding definition (HO)
)
\Hy@SavedSpaceFactor=\count122

(/usr/share/texlive/texmf-dist/tex/latex/latexconfig/hyperref.cfg
File: hyperref.cfg 2002/06/06 v1.2 hyperref configuration of TeXLive
)
Package hyperref Info: Hyper figures OFF on input line 4443.
Package hyperref Info: Link nesting OFF on input line 4448.
Package hyperref Info: Hyper index ON on input line 4451.
Package hyperref Info: Plain pages OFF on input line 4458.
Package hyperref Info: Backreferencing OFF on input line 4463.
Package hyperref Info: Implicit mode ON; LaTeX internals redefined.
Package hyperref Info: Bookmarks ON on input line 4688.
\c@Hy@tempcnt=\count123

(/usr/share/texlive/texmf-dist/tex/latex/url/url.sty
\Urlmuskip=\muskip10
Package: url 2013/09/16  ver 3.4  Verb mode for urls, etc.
)
LaTeX Info: Redefining \url on input line 5041.
\XeTeXLinkMargin=\dimen172
\Fld@menulength=\count124
\Field@Width=\dimen173
\Fld@charsize=\dimen174
Package hyperref Info: Hyper figures OFF on input line 6295.
Package hyperref Info: Link nesting OFF on input line 6300.
Package hyperref Info: Hyper index ON on input line 6303.
Package hyperref Info: backreferencing OFF on input line 6310.
Package hyperref Info: Link coloring OFF on input line 6315.
Package hyperref Info: Link coloring with OCG OFF on input line 6320.
Package hyperref Info: PDF/A mode OFF on input line 6325.
LaTeX Info: Redefining \ref on input line 6365.
LaTeX Info: Redefining \pageref on input line 6369.
\Hy@abspage=\count125
\c@Item=\count126
\c@Hfootnote=\count127
)

Package hyperref Message: Driver (autodetected): hpdftex.

(/usr/share/texlive/texmf-dist/tex/latex/hyperref/hpdftex.def
File: hpdftex.def 2012/11/06 v6.83m Hyperref driver for pdfTeX
\Fld@listcount=\count128
\c@bookmark@seq@number=\count129

(/usr/share/texlive/texmf-dist/tex/latex/oberdiek/rerunfilecheck.sty
Package: rerunfilecheck 2011/04/15 v1.7 Rerun checks for auxiliary files (HO)
Package uniquecounter Info: New unique counter `rerunfilecheck' on input line 2
82.
)
\Hy@SectionHShift=\skip49
)
(./comment.sty Excluding comment 'comment') (./algpseudocode.sty
Package: algpseudocode 

(./algorithmicx.sty
Package: algorithmicx 2005/04/27 v1.2 Algorithmicx

Document Style algorithmicx 1.2 - a greatly improved `algorithmic' style
\c@ALG@line=\count130
\c@ALG@rem=\count131
\c@ALG@nested=\count132
\ALG@tlm=\skip50
\ALG@thistlm=\skip51
\c@ALG@Lnr=\count133
\c@ALG@blocknr=\count134
\c@ALG@storecount=\count135
\c@ALG@tmpcounter=\count136
\ALG@tmplength=\skip52
)
Document Style - pseudocode environments for use with the `algorithmicx' style
) (./algorithm.sty
\c@algorithm=\count137
\Blockindent=\skip53
\algorithmindent=\skip54
)
(/usr/share/texlive/texmf-dist/tex/latex/amsmath/amsmath.sty
Package: amsmath 2013/01/14 v2.14 AMS math features
\@mathmargin=\skip55

For additional information on amsmath, use the `?' option.
(/usr/share/texlive/texmf-dist/tex/latex/amsmath/amstext.sty
Package: amstext 2000/06/29 v2.01

(/usr/share/texlive/texmf-dist/tex/latex/amsmath/amsgen.sty
File: amsgen.sty 1999/11/30 v2.0
\@emptytoks=\toks26
\ex@=\dimen175
))
(/usr/share/texlive/texmf-dist/tex/latex/amsmath/amsbsy.sty
Package: amsbsy 1999/11/29 v1.2d
\pmbraise@=\dimen176
)
(/usr/share/texlive/texmf-dist/tex/latex/amsmath/amsopn.sty
Package: amsopn 1999/12/14 v2.01 operator names
)
\inf@bad=\count138
LaTeX Info: Redefining \frac on input line 210.
\uproot@=\count139
\leftroot@=\count140
LaTeX Info: Redefining \overline on input line 306.
\classnum@=\count141
\DOTSCASE@=\count142
LaTeX Info: Redefining \ldots on input line 378.
LaTeX Info: Redefining \dots on input line 381.
LaTeX Info: Redefining \cdots on input line 466.
\Mathstrutbox@=\box35
\strutbox@=\box36
\big@size=\dimen177
LaTeX Font Info:    Redeclaring font encoding OML on input line 566.
LaTeX Font Info:    Redeclaring font encoding OMS on input line 567.
\macc@depth=\count143
\c@MaxMatrixCols=\count144
\dotsspace@=\muskip11
\c@parentequation=\count145
\dspbrk@lvl=\count146
\tag@help=\toks27
\row@=\count147
\column@=\count148
\maxfields@=\count149
\andhelp@=\toks28
\eqnshift@=\dimen178
\alignsep@=\dimen179
\tagshift@=\dimen180
\tagwidth@=\dimen181
\totwidth@=\dimen182
\lineht@=\dimen183
\@envbody=\toks29
\multlinegap=\skip56
\multlinetaggap=\skip57
\mathdisplay@stack=\toks30
LaTeX Info: Redefining \[ on input line 2665.
LaTeX Info: Redefining \] on input line 2666.
)
(./simobs_thesis_final.aux)
\openout1 = `simobs_thesis_final.aux'.

LaTeX Font Info:    Checking defaults for OML/cmm/m/it on input line 9.
LaTeX Font Info:    ... okay on input line 9.
LaTeX Font Info:    Checking defaults for T1/cmr/m/n on input line 9.
LaTeX Font Info:    ... okay on input line 9.
LaTeX Font Info:    Checking defaults for OT1/cmr/m/n on input line 9.
LaTeX Font Info:    ... okay on input line 9.
LaTeX Font Info:    Checking defaults for OMS/cmsy/m/n on input line 9.
LaTeX Font Info:    ... okay on input line 9.
LaTeX Font Info:    Checking defaults for OMX/cmex/m/n on input line 9.
LaTeX Font Info:    ... okay on input line 9.
LaTeX Font Info:    Checking defaults for U/cmr/m/n on input line 9.
LaTeX Font Info:    ... okay on input line 9.
LaTeX Font Info:    Checking defaults for PD1/pdf/m/n on input line 9.
LaTeX Font Info:    ... okay on input line 9.
Package caption Info: Begin \AtBeginDocument code.
Package caption Info: hyperref package is loaded.
Package caption Info: End \AtBeginDocument code.

(/usr/share/texlive/texmf-dist/tex/context/base/supp-pdf.mkii
[Loading MPS to PDF converter (version 2006.09.02).]
\scratchcounter=\count150
\scratchdimen=\dimen184
\scratchbox=\box37
\nofMPsegments=\count151
\nofMParguments=\count152
\everyMPshowfont=\toks31
\MPscratchCnt=\count153
\MPscratchDim=\dimen185
\MPnumerator=\count154
\makeMPintoPDFobject=\count155
\everyMPtoPDFconversion=\toks32
) ABD: EveryShipout initializing macros
(/usr/share/texlive/texmf-dist/tex/latex/oberdiek/epstopdf-base.sty
Package: epstopdf-base 2010/02/09 v2.5 Base part for package epstopdf

(/usr/share/texlive/texmf-dist/tex/latex/oberdiek/grfext.sty
Package: grfext 2010/08/19 v1.1 Manage graphics extensions (HO)
)
Package grfext Info: Graphics extension search list:
(grfext)             [.png,.pdf,.jpg,.mps,.jpeg,.jbig2,.jb2,.PNG,.PDF,.JPG,.JPE
G,.JBIG2,.JB2,.eps]
(grfext)             \AppendGraphicsExtensions on input line 452.

(/usr/share/texlive/texmf-dist/tex/latex/latexconfig/epstopdf-sys.cfg
File: epstopdf-sys.cfg 2010/07/13 v1.3 Configuration of (r)epstopdf for TeX Liv
e
))
\AtBeginShipoutBox=\box38
Package hyperref Info: Link coloring OFF on input line 9.

(/usr/share/texlive/texmf-dist/tex/latex/hyperref/nameref.sty
Package: nameref 2012/10/27 v2.43 Cross-referencing by name of section

(/usr/share/texlive/texmf-dist/tex/generic/oberdiek/gettitlestring.sty
Package: gettitlestring 2010/12/03 v1.4 Cleanup title references (HO)
)
\c@section@level=\count156
)
LaTeX Info: Redefining \ref on input line 9.
LaTeX Info: Redefining \pageref on input line 9.
LaTeX Info: Redefining \nameref on input line 9.

(./simobs_thesis_final.out) (./simobs_thesis_final.out)
\@outlinefile=\write4
\openout4 = `simobs_thesis_final.out'.

Package hyperref Info: bookmark level for unknown todo defaults to 0 on input l
ine 22.

Underfull \vbox (badness 10000) has occurred while \output is active []

 [1{/var/lib/texmf/fonts/map/pdftex/updmap/pdftex.map}

]
Underfull \hbox (badness 10000) in paragraph at lines 75--75
[][]
 []


LaTeX Warning: Marginpar on page 2 moved.

[2] (./simobs_thesis_final.tdo
Missing character: There is no Ã in font cmr10!
Missing character: There is no ¶ in font cmr10!


LaTeX Warning: Citation `desel1998place' on page 3 undefined on input line 7.

[3

] [4]
Missing character: There is no Â in font cmr10!
Missing character: There is no ´ in font cmr10!
)
\tf@tdo=\write5
\openout5 = `simobs_thesis_final.tdo'.

 [5] [6] (./simobs_thesis_final.toc [7

]
Overfull \hbox (1.12242pt too wide) in paragraph at lines 44--44
 [][] [][]\OT1/cmr/m/n/10.95 Is it Pos-si-ble to Quickly Gen-er-ate These Vir-t
ual Pedes- 
 []

)
\tf@toc=\write6
\openout6 = `simobs_thesis_final.toc'.

 [8]
Chapter 1.
<pedestrians.jpg, id=474, 602.25pt x 401.5pt>
File: pedestrians.jpg Graphic file (type jpg)
 <use pedestrians.jpg>
Package pdftex.def Info: pedestrians.jpg used on input line 118.
(pdftex.def)             Requested size: 200.0pt x 133.33472pt.


LaTeX Warning: `h' float specifier changed to `ht'.


Underfull \vbox (badness 6078) has occurred while \output is active []

 [9

]
[10 <./pedestrians.jpg>]
LaTeX Font Info:    Try loading font information for OMS+cmr on input line 150.


(/usr/share/texlive/texmf-dist/tex/latex/base/omscmr.fd
File: omscmr.fd 1999/05/25 v2.5h Standard LaTeX font definitions
)
LaTeX Font Info:    Font shape `OMS/cmr/m/n' in size <10.95> not available
(Font)              Font shape `OMS/cmsy/m/n' tried instead on input line 150.
 [11] [12] [13]
[14

]
Chapter 2.

Underfull \hbox (badness 10000) in paragraph at lines 212--213

 []

[15] [16]
Missing character: There is no Ã in font cmr10!
Missing character: There is no © in font cmr10!
 [17] [18]
Overfull \hbox (26.79175pt too wide) has occurred while \output is active
\OT1/cmr/m/sl/10.95 2.4.  DESIGNING THE BEHAVIOR STRUCTURE IN THE ENVIRONMENT \
OT1/cmr/m/n/10.95 19
 []

[19]
Underfull \hbox (badness 10000) in paragraph at lines 251--252

 []


Underfull \vbox (badness 2205) has occurred while \output is active []

 [20]
Missing character: There is no Ã in font cmr10!
Missing character: There is no ¶ in font cmr10!


LaTeX Warning: Citation `desel1998place' on page 21 undefined on input line 265
.

[21] [22] [23]

Package caption Warning: \label without proper \caption on input line 309.
See the caption package documentation for explanation.


LaTeX Warning: Reference `restaurantnet' on page 24 undefined on input line 302
.

<restaurant.png, id=585, 683.55376pt x 465.74pt>
File: restaurant.png Graphic file (type png)
 <use restaurant.png>
Package pdftex.def Info: restaurant.png used on input line 308.
(pdftex.def)             Requested size: 450.0pt x 306.61473pt.

Overfull \hbox (90.0pt too wide) in paragraph at lines 308--310
 [] 
 []

[24] [25 <./restaurant.png (PNG copy)>] [26]
Chapter 3.
[27

] [28] [29] <example.png, id=618, 592.2125pt x 476.78125pt>
File: example.png Graphic file (type png)

<use example.png>
Package pdftex.def Info: example.png used on input line 370.
(pdftex.def)             Requested size: 350.0pt x 281.78592pt.

Underfull \vbox (badness 3108) has occurred while \output is active []

 [30]
[31 <./example.png>]
Missing character: There is no Â in font cmr10!
Missing character: There is no ¨ in font cmr10!

Underfull \vbox (badness 1728) has occurred while \output is active []

 [32]
[33] [34] [35]
Missing character: There is no Â in font cmr10!
Missing character: There is no ¨ in font cmr10!
Missing character: There is no Â in font cmr10!
Missing character: There is no ¨ in font cmr10!

</home/djura/vakken/svn_afstudeerstage/deadline-driven-behavior/report/petrinet
_pictures/pillarSituation.png, id=658, 371.3875pt x 265.99374pt>
File: /home/djura/vakken/svn_afstudeerstage/deadline-driven-behavior/report/pet
rinet_pictures/pillarSituation.png Graphic file (type png)

<use /home/djura/vakken/svn_afstudeerstage/deadline-driven-behavior/report/petr
inet_pictures/pillarSituation.png>
Package pdftex.def Info: /home/djura/vakken/svn_afstudeerstage/deadline-driven-
behavior/report/petrinet_pictures/pillarSituation.png used on input line 479.
(pdftex.def)             Requested size: 251.9989pt x 180.48776pt.


LaTeX Warning: `!h' float specifier changed to `!ht'.


</home/djura/vakken/svn_afstudeerstage/deadline-driven-behavior/report/petrinet
_pictures/standStillSituation.png, id=659, 235.88126pt x 250.9375pt>
File: /home/djura/vakken/svn_afstudeerstage/deadline-driven-behavior/report/pet
rinet_pictures/standStillSituation.png Graphic file (type png)

<use /home/djura/vakken/svn_afstudeerstage/deadline-driven-behavior/report/petr
inet_pictures/standStillSituation.png>
Package pdftex.def Info: /home/djura/vakken/svn_afstudeerstage/deadline-driven-
behavior/report/petrinet_pictures/standStillSituation.png used on input line 48
6.
(pdftex.def)             Requested size: 143.9978pt x 153.19034pt.


LaTeX Warning: `!h' float specifier changed to `!ht'.


</home/djura/vakken/svn_afstudeerstage/deadline-driven-behavior/report/petrinet
_pictures/twoPeopleToiletSituation.png, id=660, 722.7pt x 444.66125pt>
File: /home/djura/vakken/svn_afstudeerstage/deadline-driven-behavior/report/pet
rinet_pictures/twoPeopleToiletSituation.png Graphic file (type png)

<use /home/djura/vakken/svn_afstudeerstage/deadline-driven-behavior/report/petr
inet_pictures/twoPeopleToiletSituation.png>
Package pdftex.def Info: /home/djura/vakken/svn_afstudeerstage/deadline-driven-
behavior/report/petrinet_pictures/twoPeopleToiletSituation.png used on input li
ne 493.
(pdftex.def)             Requested size: 360.0pt x 221.5023pt.


LaTeX Warning: `!h' float specifier changed to `!ht'.


</home/djura/vakken/svn_afstudeerstage/deadline-driven-behavior/report/petrinet
_pictures/wanderSituation.png, id=661, 301.125pt x 218.8175pt>
File: /home/djura/vakken/svn_afstudeerstage/deadline-driven-behavior/report/pet
rinet_pictures/wanderSituation.png Graphic file (type png)

<use /home/djura/vakken/svn_afstudeerstage/deadline-driven-behavior/report/petr
inet_pictures/wanderSituation.png>
Package pdftex.def Info: /home/djura/vakken/svn_afstudeerstage/deadline-driven-
behavior/report/petrinet_pictures/wanderSituation.png used on input line 500.
(pdftex.def)             Requested size: 180.0pt x 130.80403pt.


LaTeX Warning: `!h' float specifier changed to `!ht'.

[36] [37 </home/djura/vakken/svn_afstudeerstage/deadline-driven-behavior/report
/petrinet_pictures/pillarSituation.png (PNG copy)> </home/djura/vakken/svn_afst
udeerstage/deadline-driven-behavior/report/petrinet_pictures/standStillSituatio
n.png (PNG copy)>] [38 </home/djura/vakken/svn_afstudeerstage/deadline-driven-b
ehavior/report/petrinet_pictures/twoPeopleToiletSituation.png (PNG copy)> </hom
e/djura/vakken/svn_afstudeerstage/deadline-driven-behavior/report/petrinet_pict
ures/wanderSituation.png (PNG copy)>]
</home/djura/vakken/svn_afstudeerstage/deadline-driven-behavior/report/room_wit
h_agent.png, id=682, 803.0pt x 803.0pt>
File: /home/djura/vakken/svn_afstudeerstage/deadline-driven-behavior/report/roo
m_with_agent.png Graphic file (type png)

<use /home/djura/vakken/svn_afstudeerstage/deadline-driven-behavior/report/room
_with_agent.png>
Package pdftex.def Info: /home/djura/vakken/svn_afstudeerstage/deadline-driven-
behavior/report/room_with_agent.png used on input line 516.
(pdftex.def)             Requested size: 180.0pt x 179.9933pt.

</home/djura/vakken/svn_afstudeerstage/deadline-driven-behavior/report/room_wit
h_agent_and_situations.png, id=683, 803.0pt x 803.0pt>
File: /home/djura/vakken/svn_afstudeerstage/deadline-driven-behavior/report/roo
m_with_agent_and_situations.png Graphic file (type png)

<use /home/djura/vakken/svn_afstudeerstage/deadline-driven-behavior/report/room
_with_agent_and_situations.png>
Package pdftex.def Info: /home/djura/vakken/svn_afstudeerstage/deadline-driven-
behavior/report/room_with_agent_and_situations.png used on input line 522.
(pdftex.def)             Requested size: 180.0pt x 179.9933pt.

Underfull \hbox (badness 10000) in paragraph at lines 532--532

 []

[39

]
</home/djura/vakken/svn_afstudeerstage/deadline-driven-behavior/report/petrinet
_pictures/examplePedestrianNet.png, id=697, 205.76875pt x 160.6pt>
File: /home/djura/vakken/svn_afstudeerstage/deadline-driven-behavior/report/pet
rinet_pictures/examplePedestrianNet.png Graphic file (type png)

<use /home/djura/vakken/svn_afstudeerstage/deadline-driven-behavior/report/petr
inet_pictures/examplePedestrianNet.png>
Package pdftex.def Info: /home/djura/vakken/svn_afstudeerstage/deadline-driven-
behavior/report/petrinet_pictures/examplePedestrianNet.png used on input line 5
57.
(pdftex.def)             Requested size: 180.0pt x 140.48788pt.

</home/djura/vakken/svn_afstudeerstage/deadline-driven-behavior/report/petrinet
_pictures/sitOnBenchExample.png, id=698, 296.10625pt x 279.0425pt>
File: /home/djura/vakken/svn_afstudeerstage/deadline-driven-behavior/report/pet
rinet_pictures/sitOnBenchExample.png Graphic file (type png)

<use /home/djura/vakken/svn_afstudeerstage/deadline-driven-behavior/report/petr
inet_pictures/sitOnBenchExample.png>
Package pdftex.def Info: /home/djura/vakken/svn_afstudeerstage/deadline-driven-
behavior/report/petrinet_pictures/sitOnBenchExample.png used on input line 563.

(pdftex.def)             Requested size: 180.0pt x 169.63234pt.


LaTeX Warning: `!h' float specifier changed to `!ht'.


</home/djura/vakken/svn_afstudeerstage/deadline-driven-behavior/report/petrinet
_pictures/wanderExample.png, id=699, 296.10625pt x 220.825pt>
File: /home/djura/vakken/svn_afstudeerstage/deadline-driven-behavior/report/pet
rinet_pictures/wanderExample.png Graphic file (type png)

<use /home/djura/vakken/svn_afstudeerstage/deadline-driven-behavior/report/petr
inet_pictures/wanderExample.png>
Package pdftex.def Info: /home/djura/vakken/svn_afstudeerstage/deadline-driven-
behavior/report/petrinet_pictures/wanderExample.png used on input line 570.
(pdftex.def)             Requested size: 180.0pt x 134.24141pt.


LaTeX Warning: `!h' float specifier changed to `!ht'.


</home/djura/vakken/svn_afstudeerstage/deadline-driven-behavior/report/petrinet
_pictures/connectedExample.png, id=700, 642.4pt x 449.68pt>
File: /home/djura/vakken/svn_afstudeerstage/deadline-driven-behavior/report/pet
rinet_pictures/connectedExample.png Graphic file (type png)

<use /home/djura/vakken/svn_afstudeerstage/deadline-driven-behavior/report/petr
inet_pictures/connectedExample.png>
Package pdftex.def Info: /home/djura/vakken/svn_afstudeerstage/deadline-driven-
behavior/report/petrinet_pictures/connectedExample.png used on input line 577.
(pdftex.def)             Requested size: 360.0pt x 252.00433pt.


LaTeX Warning: `!h' float specifier changed to `!ht'.


Underfull \hbox (badness 10000) in paragraph at lines 582--586

 []

[40 </home/djura/vakken/svn_afstudeerstage/deadline-driven-behavior/report/room
_with_agent.png> </home/djura/vakken/svn_afstudeerstage/deadline-driven-behavio
r/report/room_with_agent_and_situations.png> </home/djura/vakken/svn_afstudeers
tage/deadline-driven-behavior/report/petrinet_pictures/examplePedestrianNet.png
>] [41 </home/djura/vakken/svn_afstudeerstage/deadline-driven-behavior/report/p
etrinet_pictures/sitOnBenchExample.png> </home/djura/vakken/svn_afstudeerstage/
deadline-driven-behavior/report/petrinet_pictures/wanderExample.png>] [42 </hom
e/djura/vakken/svn_afstudeerstage/deadline-driven-behavior/report/petrinet_pict
ures/connectedExample.png>]
Chapter 4.
[43

]
<"./qualitative experiment pictures/zoomed_in_toiletsituation_reallife".png, id
=731, 713.66624pt x 478.78876pt>
File: "./qualitative experiment pictures/zoomed_in_toiletsituation_reallife".pn
g Graphic file (type png)

<use "./qualitative experiment pictures/zoomed_in_toiletsituation_reallife".png
>
Package pdftex.def Info: "./qualitative experiment pictures/zoomed_in_toiletsit
uation_reallife".png used on input line 624.
(pdftex.def)             Requested size: 180.0pt x 120.75621pt.

<"./qualitative experiment pictures/zoomed_in_leanagainstpillar_reallife".png, 
id=732, 707.64375pt x 686.565pt>
File: "./qualitative experiment pictures/zoomed_in_leanagainstpillar_reallife".
png Graphic file (type png)

<use "./qualitative experiment pictures/zoomed_in_leanagainstpillar_reallife".p
ng>
Package pdftex.def Info: "./qualitative experiment pictures/zoomed_in_leanagain
stpillar_reallife".png used on input line 630.
(pdftex.def)             Requested size: 180.0pt x 174.637pt.

<"./qualitative experiment pictures/zoomed_in_standstill_reallife".png, id=733,
 638.385pt x 454.69875pt>
File: "./qualitative experiment pictures/zoomed_in_standstill_reallife".png Gra
phic file (type png)

<use "./qualitative experiment pictures/zoomed_in_standstill_reallife".png>
Package pdftex.def Info: "./qualitative experiment pictures/zoomed_in_standstil
l_reallife".png used on input line 636.
(pdftex.def)             Requested size: 180.0pt x 128.20285pt.
Missing character: There is no Â in font cmr10!
Missing character: There is no ¨ in font cmr10!
Missing character: There is no Â in font cmr10!
Missing character: There is no ¨ in font cmr10!
Missing character: There is no Â in font cmr10!
Missing character: There is no ¨ in font cmr10!
Missing character: There is no Â in font cmr10!
Missing character: There is no ¨ in font cmr10!

<"./qualitative experiment pictures/wander_tracked_cropped".png, id=734, 996.72
375pt x 608.2725pt>
File: "./qualitative experiment pictures/wander_tracked_cropped".png Graphic fi
le (type png)

<use "./qualitative experiment pictures/wander_tracked_cropped".png>
Package pdftex.def Info: "./qualitative experiment pictures/wander_tracked_crop
ped".png used on input line 642.
(pdftex.def)             Requested size: 180.0pt x 109.8463pt.
 [44 <./qualitative experiment pictures/zoomed_in_toiletsituation_reallife.png>
] [45 <./qualitative experiment pictures/zoomed_in_leanagainstpillar_reallife.p
ng> <./qualitative experiment pictures/zoomed_in_standstill_reallife.png> <./qu
alitative experiment pictures/wander_tracked_cropped.png>]
Underfull \vbox (badness 1824) has occurred while \output is active []

 [46]
[47] [48] <fastWanderSituation.png, id=767, 281.05pt x 220.825pt>
File: fastWanderSituation.png Graphic file (type png)

<use fastWanderSituation.png>
Package pdftex.def Info: fastWanderSituation.png used on input line 745.
(pdftex.def)             Requested size: 180.0pt x 141.42859pt.

<slowWanderSituation.png, id=768, 296.10625pt x 220.825pt>
File: slowWanderSituation.png Graphic file (type png)

<use slowWanderSituation.png>
Package pdftex.def Info: slowWanderSituation.png used on input line 752.
(pdftex.def)             Requested size: 180.0pt x 134.24141pt.

Overfull \hbox (4.86667pt too wide) in paragraph at lines 744--756
 [][]  [] 
 []

[49 <./fastWanderSituation.png (PNG copy)> <./slowWanderSituation.png (PNG copy
)>] [50

]
Chapter 5.

<"./qualitative experiment pictures/simulated_gototoilet_cropped".png, id=785, 
1475.5125pt x 825.0825pt>
File: "./qualitative experiment pictures/simulated_gototoilet_cropped".png Grap
hic file (type png)

<use "./qualitative experiment pictures/simulated_gototoilet_cropped".png>
Package pdftex.def Info: "./qualitative experiment pictures/simulated_gototoile
t_cropped".png used on input line 773.
(pdftex.def)             Requested size: 251.9989pt x 140.90424pt.


LaTeX Warning: `!h' float specifier changed to `!ht'.


<"./qualitative experiment pictures/simulated_pillarsituation_cropped".png, id=
786, 1053.9375pt x 761.84625pt>
File: "./qualitative experiment pictures/simulated_pillarsituation_cropped".png
 Graphic file (type png)

<use "./qualitative experiment pictures/simulated_pillarsituation_cropped".png>
Package pdftex.def Info: "./qualitative experiment pictures/simulated_pillarsit
uation_cropped".png used on input line 779.
(pdftex.def)             Requested size: 251.9989pt x 182.16096pt.

LaTeX Warning: `!h' float specifier changed to `!ht'.


<"./qualitative experiment pictures/simulated_standstillsituation_cropped".png,
 id=787, 978.65625pt x 716.6775pt>
File: "./qualitative experiment pictures/simulated_standstillsituation_cropped"
.png Graphic file (type png)

<use "./qualitative experiment pictures/simulated_standstillsituation_cropped".
png>
Package pdftex.def Info: "./qualitative experiment pictures/simulated_standstil
lsituation_cropped".png used on input line 785.
(pdftex.def)             Requested size: 251.9989pt x 184.53831pt.
Missing character: There is no Â in font cmr10!
Missing character: There is no ¨ in font cmr10!
Missing character: There is no Â in font cmr10!
Missing character: There is no ¨ in font cmr10!
Missing character: There is no Â in font cmr10!
Missing character: There is no ¨ in font cmr10!
Missing character: There is no Â in font cmr10!
Missing character: There is no ¨ in font cmr10!


LaTeX Warning: `!h' float specifier changed to `!ht'.


<"./qualitative experiment pictures/simulated_wander_cropped".png, id=788, 1047
.915pt x 647.41875pt>
File: "./qualitative experiment pictures/simulated_wander_cropped".png Graphic 
file (type png)

<use "./qualitative experiment pictures/simulated_wander_cropped".png>
Package pdftex.def Info: "./qualitative experiment pictures/simulated_wander_cr
opped".png used on input line 791.
(pdftex.def)             Requested size: 251.9989pt x 155.68004pt.
Missing character: There is no Â in font cmr10!
Missing character: There is no ¨ in font cmr10!
Missing character: There is no Â in font cmr10!
Missing character: There is no ¨ in font cmr10!
Missing character: There is no Â in font cmr10!
Missing character: There is no ¨ in font cmr10!
Missing character: There is no Â in font cmr10!
Missing character: There is no ¨ in font cmr10!


LaTeX Warning: `!h' float specifier changed to `!ht'.

[51] [52 <./qualitative experiment pictures/simulated_gototoilet_cropped.png> <
./qualitative experiment pictures/simulated_pillarsituation_cropped.png>]
[53 <./qualitative experiment pictures/simulated_standstillsituation_cropped.pn
g> <./qualitative experiment pictures/simulated_wander_cropped.png>] [54

]
</home/djura/vakken/svn_afstudeerstage/deadline-driven-behavior/hulpscriptjes/g
oodresults/linear0to1goal1to0.png, id=818, 1064.778pt x 645.612pt>
File: /home/djura/vakken/svn_afstudeerstage/deadline-driven-behavior/hulpscript
jes/goodresults/linear0to1goal1to0.png Graphic file (type png)

<use /home/djura/vakken/svn_afstudeerstage/deadline-driven-behavior/hulpscriptj
es/goodresults/linear0to1goal1to0.png>
Package pdftex.def Info: /home/djura/vakken/svn_afstudeerstage/deadline-driven-
behavior/hulpscriptjes/goodresults/linear0to1goal1to0.png used on input line 81
6.
(pdftex.def)             Requested size: 360.0pt x 218.28362pt.

</home/djura/vakken/svn_afstudeerstage/deadline-driven-behavior/hulpscriptjes/g
oodresults/sigmoid100_0_10_1_goal1to0.png, id=819, 1069.596pt x 645.612pt>
File: /home/djura/vakken/svn_afstudeerstage/deadline-driven-behavior/hulpscript
jes/goodresults/sigmoid100_0_10_1_goal1to0.png Graphic file (type png)

<use /home/djura/vakken/svn_afstudeerstage/deadline-driven-behavior/hulpscriptj
es/goodresults/sigmoid100_0_10_1_goal1to0.png>
Package pdftex.def Info: /home/djura/vakken/svn_afstudeerstage/deadline-driven-
behavior/hulpscriptjes/goodresults/sigmoid100_0_10_1_goal1to0.png used on input
 line 822.
(pdftex.def)             Requested size: 360.0pt x 217.2985pt.


LaTeX Warning: `!h' float specifier changed to `!ht'.


</home/djura/vakken/svn_afstudeerstage/deadline-driven-behavior/hulpscriptjes/g
oodresults/gaussian200_50_1_goal1to0.png, id=820, 1069.596pt x 645.612pt>
File: /home/djura/vakken/svn_afstudeerstage/deadline-driven-behavior/hulpscript
jes/goodresults/gaussian200_50_1_goal1to0.png Graphic file (type png)

<use /home/djura/vakken/svn_afstudeerstage/deadline-driven-behavior/hulpscriptj
es/goodresults/gaussian200_50_1_goal1to0.png>
Package pdftex.def Info: /home/djura/vakken/svn_afstudeerstage/deadline-driven-
behavior/hulpscriptjes/goodresults/gaussian200_50_1_goal1to0.png used on input 
line 828.
(pdftex.def)             Requested size: 360.0pt x 217.2985pt.


LaTeX Warning: `!h' float specifier changed to `!ht'.


</home/djura/vakken/svn_afstudeerstage/deadline-driven-behavior/hulpscriptjes/g
oodresults/linear0to1_goal01to0.png, id=824, 1064.778pt x 645.612pt>
File: /home/djura/vakken/svn_afstudeerstage/deadline-driven-behavior/hulpscript
jes/goodresults/linear0to1_goal01to0.png Graphic file (type png)

<use /home/djura/vakken/svn_afstudeerstage/deadline-driven-behavior/hulpscriptj
es/goodresults/linear0to1_goal01to0.png>
Package pdftex.def Info: /home/djura/vakken/svn_afstudeerstage/deadline-driven-
behavior/hulpscriptjes/goodresults/linear0to1_goal01to0.png used on input line 
839.
(pdftex.def)             Requested size: 360.0pt x 218.28362pt.


LaTeX Warning: `!h' float specifier changed to `!ht'.


</home/djura/vakken/svn_afstudeerstage/deadline-driven-behavior/hulpscriptjes/g
oodresults/sigmoid_100_0_10_1goal01to0.png, id=825, 868.846pt x 460.922pt>
File: /home/djura/vakken/svn_afstudeerstage/deadline-driven-behavior/hulpscript
jes/goodresults/sigmoid_100_0_10_1goal01to0.png Graphic file (type png)

<use /home/djura/vakken/svn_afstudeerstage/deadline-driven-behavior/hulpscriptj
es/goodresults/sigmoid_100_0_10_1goal01to0.png>
Package pdftex.def Info: /home/djura/vakken/svn_afstudeerstage/deadline-driven-
behavior/hulpscriptjes/goodresults/sigmoid_100_0_10_1goal01to0.png used on inpu
t line 846.
(pdftex.def)             Requested size: 360.0pt x 190.97664pt.


LaTeX Warning: `!h' float specifier changed to `!ht'.


</home/djura/vakken/svn_afstudeerstage/deadline-driven-behavior/hulpscriptjes/g
oodresults/gaussian200_50_1_goal01to0.png, id=826, 1069.596pt x 645.612pt>
File: /home/djura/vakken/svn_afstudeerstage/deadline-driven-behavior/hulpscript
jes/goodresults/gaussian200_50_1_goal01to0.png Graphic file (type png)

<use /home/djura/vakken/svn_afstudeerstage/deadline-driven-behavior/hulpscriptj
es/goodresults/gaussian200_50_1_goal01to0.png>
Package pdftex.def Info: /home/djura/vakken/svn_afstudeerstage/deadline-driven-
behavior/hulpscriptjes/goodresults/gaussian200_50_1_goal01to0.png used on input
 line 853.
(pdftex.def)             Requested size: 360.0pt x 217.2985pt.


LaTeX Warning: `!h' float specifier changed to `!ht'.

[55 </home/djura/vakken/svn_afstudeerstage/deadline-driven-behavior/hulpscriptj
es/goodresults/linear0to1goal1to0.png (PNG copy)>]

LaTeX Warning: Text page 56 contains only floats.


Overfull \vbox (4.59674pt too high) has occurred while \output is active []


[56 </home/djura/vakken/svn_afstudeerstage/deadline-driven-behavior/hulpscriptj
es/goodresults/sigmoid100_0_10_1_goal1to0.png (PNG copy)> </home/djura/vakken/s
vn_afstudeerstage/deadline-driven-behavior/hulpscriptjes/goodresults/gaussian20
0_50_1_goal1to0.png (PNG copy)>] [57 </home/djura/vakken/svn_afstudeerstage/dea
dline-driven-behavior/hulpscriptjes/goodresults/linear0to1_goal01to0.png (PNG c
opy)> </home/djura/vakken/svn_afstudeerstage/deadline-driven-behavior/hulpscrip
tjes/goodresults/sigmoid_100_0_10_1goal01to0.png (PNG copy)>] [58 </home/djura/
vakken/svn_afstudeerstage/deadline-driven-behavior/hulpscriptjes/goodresults/ga
ussian200_50_1_goal01to0.png (PNG copy)>]
</home/djura/vakken/svn_afstudeerstage/deadline-driven-behavior/hulpscriptjes/g
oodresults/linear0_1_200_goalsigmoid_100_0_-10_1.png, id=851, 1064.778pt x 646.
415pt>
File: /home/djura/vakken/svn_afstudeerstage/deadline-driven-behavior/hulpscript
jes/goodresults/linear0_1_200_goalsigmoid_100_0_-10_1.png Graphic file (type pn
g)

<use /home/djura/vakken/svn_afstudeerstage/deadline-driven-behavior/hulpscriptj
es/goodresults/linear0_1_200_goalsigmoid_100_0_-10_1.png>
Package pdftex.def Info: /home/djura/vakken/svn_afstudeerstage/deadline-driven-
behavior/hulpscriptjes/goodresults/linear0_1_200_goalsigmoid_100_0_-10_1.png us
ed on input line 865.
(pdftex.def)             Requested size: 360.0pt x 218.55511pt.

</home/djura/vakken/svn_afstudeerstage/deadline-driven-behavior/hulpscriptjes/g
oodresults/sigmoid100_0_10_1_goalsigmoid100_0_-10_1.png, id=852, 873.664pt x 46
1.725pt>
File: /home/djura/vakken/svn_afstudeerstage/deadline-driven-behavior/hulpscript
jes/goodresults/sigmoid100_0_10_1_goalsigmoid100_0_-10_1.png Graphic file (type
 png)

<use /home/djura/vakken/svn_afstudeerstage/deadline-driven-behavior/hulpscriptj
es/goodresults/sigmoid100_0_10_1_goalsigmoid100_0_-10_1.png>
Package pdftex.def Info: /home/djura/vakken/svn_afstudeerstage/deadline-driven-
behavior/hulpscriptjes/goodresults/sigmoid100_0_10_1_goalsigmoid100_0_-10_1.png
 used on input line 873.
(pdftex.def)             Requested size: 360.0pt x 190.25255pt.


LaTeX Warning: `!h' float specifier changed to `!ht'.


</home/djura/vakken/svn_afstudeerstage/deadline-driven-behavior/hulpscriptjes/g
oodresults/gaussian200_50_1_goalsigmoid_100_0_-1_1.png, id=853, 873.664pt x 461
.725pt>
File: /home/djura/vakken/svn_afstudeerstage/deadline-driven-behavior/hulpscript
jes/goodresults/gaussian200_50_1_goalsigmoid_100_0_-1_1.png Graphic file (type 
png)

<use /home/djura/vakken/svn_afstudeerstage/deadline-driven-behavior/hulpscriptj
es/goodresults/gaussian200_50_1_goalsigmoid_100_0_-1_1.png>
Package pdftex.def Info: /home/djura/vakken/svn_afstudeerstage/deadline-driven-
behavior/hulpscriptjes/goodresults/gaussian200_50_1_goalsigmoid_100_0_-1_1.png 
used on input line 880.
(pdftex.def)             Requested size: 360.0pt x 190.25255pt.


LaTeX Warning: `!h' float specifier changed to `!ht'.


</home/djura/vakken/svn_afstudeerstage/deadline-driven-behavior/hulpscriptjes/g
oodresults/linear0_1_200_goalgaussian_0_50_1.png, id=857, 873.664pt x 461.725pt
>
File: /home/djura/vakken/svn_afstudeerstage/deadline-driven-behavior/hulpscript
jes/goodresults/linear0_1_200_goalgaussian_0_50_1.png Graphic file (type png)

<use /home/djura/vakken/svn_afstudeerstage/deadline-driven-behavior/hulpscriptj
es/goodresults/linear0_1_200_goalgaussian_0_50_1.png>
Package pdftex.def Info: /home/djura/vakken/svn_afstudeerstage/deadline-driven-
behavior/hulpscriptjes/goodresults/linear0_1_200_goalgaussian_0_50_1.png used o
n input line 889.
(pdftex.def)             Requested size: 360.0pt x 190.25255pt.


LaTeX Warning: `h' float specifier changed to `ht'.


</home/djura/vakken/svn_afstudeerstage/deadline-driven-behavior/hulpscriptjes/g
oodresults/sigmoid100_0_10_1_goalgaussian0_50_1.png, id=858, 873.664pt x 461.72
5pt>
File: /home/djura/vakken/svn_afstudeerstage/deadline-driven-behavior/hulpscript
jes/goodresults/sigmoid100_0_10_1_goalgaussian0_50_1.png Graphic file (type png
)

<use /home/djura/vakken/svn_afstudeerstage/deadline-driven-behavior/hulpscriptj
es/goodresults/sigmoid100_0_10_1_goalgaussian0_50_1.png>
Package pdftex.def Info: /home/djura/vakken/svn_afstudeerstage/deadline-driven-
behavior/hulpscriptjes/goodresults/sigmoid100_0_10_1_goalgaussian0_50_1.png use
d on input line 896.
(pdftex.def)             Requested size: 360.0pt x 190.25255pt.


LaTeX Warning: `h' float specifier changed to `ht'.


</home/djura/vakken/svn_afstudeerstage/deadline-driven-behavior/hulpscriptjes/g
oodresults/gaussian200_50_1_goalgaussian0_50_1.png, id=859, 868.846pt x 461.725
pt>
File: /home/djura/vakken/svn_afstudeerstage/deadline-driven-behavior/hulpscript
jes/goodresults/gaussian200_50_1_goalgaussian0_50_1.png Graphic file (type png)


<use /home/djura/vakken/svn_afstudeerstage/deadline-driven-behavior/hulpscriptj
es/goodresults/gaussian200_50_1_goalgaussian0_50_1.png>
Package pdftex.def Info: /home/djura/vakken/svn_afstudeerstage/deadline-driven-
behavior/hulpscriptjes/goodresults/gaussian200_50_1_goalgaussian0_50_1.png used
 on input line 903.
(pdftex.def)             Requested size: 360.0pt x 191.30936pt.


LaTeX Warning: `h' float specifier changed to `ht'.

[59

 </home/djura/vakken/svn_afstudeerstage/deadline-driven-behavior/hulpscriptjes/
goodresults/linear0_1_200_goalsigmoid_100_0_-10_1.png (PNG copy)>] [60 </home/d
jura/vakken/svn_afstudeerstage/deadline-driven-behavior/hulpscriptjes/goodresul
ts/sigmoid100_0_10_1_goalsigmoid100_0_-10_1.png (PNG copy)> </home/djura/vakken
/svn_afstudeerstage/deadline-driven-behavior/hulpscriptjes/goodresults/gaussian
200_50_1_goalsigmoid_100_0_-1_1.png (PNG copy)>] [61 </home/djura/vakken/svn_af
studeerstage/deadline-driven-behavior/hulpscriptjes/goodresults/linear0_1_200_g
oalgaussian_0_50_1.png (PNG copy)> </home/djura/vakken/svn_afstudeerstage/deadl
ine-driven-behavior/hulpscriptjes/goodresults/sigmoid100_0_10_1_goalgaussian0_5
0_1.png (PNG copy)>] [62 </home/djura/vakken/svn_afstudeerstage/deadline-driven
-behavior/hulpscriptjes/goodresults/gaussian200_50_1_goalgaussian0_50_1.png (PN
G copy)>] [63

]
Missing character: There is no Â in font cmr10!
Missing character: There is no ´ in font cmr10!
 [64]
Overfull \hbox (4.12956pt too wide) in paragraph at lines 992--992
[]\OT1/cmr/bx/n/14.4 Results of the Sec-ond Quan-ti-ta-tive Ex-per-i-ment 
 []


</home/djura/vakken/svn_afstudeerstage/deadline-driven-behavior/hulpscriptjes/g
oodresults/constant1_cropped.png, id=901, 868.846pt x 460.922pt>
File: /home/djura/vakken/svn_afstudeerstage/deadline-driven-behavior/hulpscript
jes/goodresults/constant1_cropped.png Graphic file (type png)

<use /home/djura/vakken/svn_afstudeerstage/deadline-driven-behavior/hulpscriptj
es/goodresults/constant1_cropped.png>
Package pdftex.def Info: /home/djura/vakken/svn_afstudeerstage/deadline-driven-
behavior/hulpscriptjes/goodresults/constant1_cropped.png used on input line 100
0.
(pdftex.def)             Requested size: 360.0pt x 190.97664pt.

Underfull \vbox (badness 1038) has occurred while \output is active []

 [65

 </home/djura/vakken/svn_afstudeerstage/deadline-driven-behavior/hulpscriptjes/
goodresults/constant1_cropped.png (PNG copy)>]
</home/djura/vakken/svn_afstudeerstage/deadline-driven-behavior/hulpscriptjes/g
oodresults/linear0to1_100agents.png, id=913, 873.664pt x 460.922pt>
File: /home/djura/vakken/svn_afstudeerstage/deadline-driven-behavior/hulpscript
jes/goodresults/linear0to1_100agents.png Graphic file (type png)

<use /home/djura/vakken/svn_afstudeerstage/deadline-driven-behavior/hulpscriptj
es/goodresults/linear0to1_100agents.png>
Package pdftex.def Info: /home/djura/vakken/svn_afstudeerstage/deadline-driven-
behavior/hulpscriptjes/goodresults/linear0to1_100agents.png used on input line 
1014.
(pdftex.def)             Requested size: 360.0pt x 189.92168pt.

</home/djura/vakken/svn_afstudeerstage/deadline-driven-behavior/hulpscriptjes/g
oodresults/linear0to05_100agents.png, id=914, 873.664pt x 460.922pt>
File: /home/djura/vakken/svn_afstudeerstage/deadline-driven-behavior/hulpscript
jes/goodresults/linear0to05_100agents.png Graphic file (type png)

<use /home/djura/vakken/svn_afstudeerstage/deadline-driven-behavior/hulpscriptj
es/goodresults/linear0to05_100agents.png>
Package pdftex.def Info: /home/djura/vakken/svn_afstudeerstage/deadline-driven-
behavior/hulpscriptjes/goodresults/linear0to05_100agents.png used on input line
 1022.
(pdftex.def)             Requested size: 360.0pt x 189.92168pt.

</home/djura/vakken/svn_afstudeerstage/deadline-driven-behavior/hulpscriptjes/g
oodresults/linear0to01_100agents.png, id=915, 868.846pt x 460.922pt>
File: /home/djura/vakken/svn_afstudeerstage/deadline-driven-behavior/hulpscript
jes/goodresults/linear0to01_100agents.png Graphic file (type png)

<use /home/djura/vakken/svn_afstudeerstage/deadline-driven-behavior/hulpscriptj
es/goodresults/linear0to01_100agents.png>
Package pdftex.def Info: /home/djura/vakken/svn_afstudeerstage/deadline-driven-
behavior/hulpscriptjes/goodresults/linear0to01_100agents.png used on input line
 1029.
(pdftex.def)             Requested size: 360.0pt x 190.97664pt.

</home/djura/vakken/svn_afstudeerstage/deadline-driven-behavior/hulpscriptjes/g
oodresults/sigmoid100_0_10_1.png, id=916, 868.846pt x 461.725pt>
File: /home/djura/vakken/svn_afstudeerstage/deadline-driven-behavior/hulpscript
jes/goodresults/sigmoid100_0_10_1.png Graphic file (type png)

<use /home/djura/vakken/svn_afstudeerstage/deadline-driven-behavior/hulpscriptj
es/goodresults/sigmoid100_0_10_1.png>
Package pdftex.def Info: /home/djura/vakken/svn_afstudeerstage/deadline-driven-
behavior/hulpscriptjes/goodresults/sigmoid100_0_10_1.png used on input line 103
6.
(pdftex.def)             Requested size: 360.0pt x 191.30936pt.

</home/djura/vakken/svn_afstudeerstage/deadline-driven-behavior/hulpscriptjes/g
oodresults/gaussian_mean200_sigma50_100_max1.png, id=917, 868.846pt x 460.922pt
>
File: /home/djura/vakken/svn_afstudeerstage/deadline-driven-behavior/hulpscript
jes/goodresults/gaussian_mean200_sigma50_100_max1.png Graphic file (type png)

<use /home/djura/vakken/svn_afstudeerstage/deadline-driven-behavior/hulpscriptj
es/goodresults/gaussian_mean200_sigma50_100_max1.png>
Package pdftex.def Info: /home/djura/vakken/svn_afstudeerstage/deadline-driven-
behavior/hulpscriptjes/goodresults/gaussian_mean200_sigma50_100_max1.png used o
n input line 1043.
(pdftex.def)             Requested size: 360.0pt x 190.97664pt.
 [66 </home/djura/vakken/svn_afstudeerstage/deadline-driven-behavior/hulpscript
jes/goodresults/linear0to1_100agents.png (PNG copy)>] [67 </home/djura/vakken/s
vn_afstudeerstage/deadline-driven-behavior/hulpscriptjes/goodresults/linear0to0
5_100agents.png (PNG copy)> </home/djura/vakken/svn_afstudeerstage/deadline-dri
ven-behavior/hulpscriptjes/goodresults/linear0to01_100agents.png (PNG copy)>] [
68 </home/djura/vakken/svn_afstudeerstage/deadline-driven-behavior/hulpscriptje
s/goodresults/sigmoid100_0_10_1.png (PNG copy)> </home/djura/vakken/svn_afstude
erstage/deadline-driven-behavior/hulpscriptjes/goodresults/gaussian_mean200_sig
ma50_100_max1.png (PNG copy)>] [69] [70

]
Chapter 6.

Overfull \hbox (0.94629pt too wide) in paragraph at lines 1070--1070
\OT1/cmr/bx/n/14.4 for Sim-u-lated Pedes-tri-ans be Ex-tended to Deal
 []


Underfull \vbox (badness 1314) has occurred while \output is active []

 [71]
Overfull \hbox (0.85976pt too wide) in paragraph at lines 1081--1081
\OT1/cmr/bx/n/12 tri-ans With-out Much Tweak-ing for Each En-vi-ron-ment? 
 []


Overfull \hbox (1.98128pt too wide) in paragraph at lines 1091--1091
[]\OT1/cmr/bx/n/14.4 Limits of the Dead-line Driven Be-hav-ior Frame-
 []

[72]
Overfull \hbox (6.71681pt too wide) has occurred while \output is active
\OT1/cmr/m/sl/10.95 6.2.  LIMITS OF THE DEADLINE DRIVEN BEHAVIOR FRAMEWORK \OT1
/cmr/m/n/10.95 73
 []

[73] [74]
Appendix A.

Overfull \hbox (9.90446pt too wide) in paragraph at lines 1122--1122
[]\OT1/cmr/bx/n/14.4 Connecting MA-SON and the Sit-u-a-tions Frame-
 []


Underfull \vbox (badness 4699) has occurred while \output is active []

 [75

]
[76]
Appendix B.
<framework.png, id=974, 597.73312pt x 303.38344pt>
File: framework.png Graphic file (type png)
 <use framework.png>
Package pdftex.def Info: framework.png used on input line 1135.
(pdftex.def)             Requested size: 250.0pt x 126.8878pt.

(./simobs_thesis_final.bbl [77

 <./framework.png>] [78

] [79]
Missing character: There is no ï in font cmti10!
Missing character: There is no ¿ in font cmti10!
Missing character: There is no ½ in font cmti10!

Underfull \hbox (badness 1127) in paragraph at lines 59--63
\OT1/cmr/m/n/10.95 struct-ing vir-tual hu-man life sim-u-la-tions.  In \OT1/cmr
/m/it/10.95 Pro-ceed-ings of the
 []

Missing character: There is no â in font cmti10!
Missing character: There is no  in font cmti10!
Missing character: There is no  in font cmti10!
)
Package atveryend Info: Empty hook `BeforeClearDocument' on input line 1147.
 [80] [81]
Package atveryend Info: Empty hook `AfterLastShipout' on input line 1147.
 (./simobs_thesis_final.aux)
Package atveryend Info: Executing hook `AtVeryEndDocument' on input line 1147.
Package atveryend Info: Executing hook `AtEndAfterFileList' on input line 1147.

Package rerunfilecheck Info: File `simobs_thesis_final.out' has not changed.
(rerunfilecheck)             Checksum: C6042D7BD6CEF5C060F8B539237809DA;4054.


LaTeX Warning: There were undefined references.

Package atveryend Info: Empty hook `AtVeryVeryEnd' on input line 1147.
 ) 
Here is how much of TeX's memory you used:
 16847 strings out of 495028
 310129 string characters out of 6181496
 367815 words of memory out of 5000000
 19459 multiletter control sequences out of 15000+600000
 11938 words of font info for 42 fonts, out of 8000000 for 9000
 14 hyphenation exceptions out of 8191
 63i,10n,78p,2327b,853s stack positions out of 5000i,500n,10000p,200000b,80000s
</usr/share/texlive/texmf-dist/fonts/type1/public/amsfonts/cm/cmbx10.pfb></us
r/share/texlive/texmf-dist/fonts/type1/public/amsfonts/cm/cmbx12.pfb></usr/shar
e/texlive/texmf-dist/fonts/type1/public/amsfonts/cm/cmbxti10.pfb></usr/share/te
xlive/texmf-dist/fonts/type1/public/amsfonts/cm/cmmi10.pfb></usr/share/texlive/
texmf-dist/fonts/type1/public/amsfonts/cm/cmmi6.pfb></usr/share/texlive/texmf-d
ist/fonts/type1/public/amsfonts/cm/cmmi8.pfb></usr/share/texlive/texmf-dist/fon
ts/type1/public/amsfonts/cm/cmr10.pfb></usr/share/texlive/texmf-dist/fonts/type
1/public/amsfonts/cm/cmr17.pfb></usr/share/texlive/texmf-dist/fonts/type1/publi
c/amsfonts/cm/cmr6.pfb></usr/share/texlive/texmf-dist/fonts/type1/public/amsfon
ts/cm/cmr8.pfb></usr/share/texlive/texmf-dist/fonts/type1/public/amsfonts/cm/cm
sl10.pfb></usr/share/texlive/texmf-dist/fonts/type1/public/amsfonts/cm/cmsy10.p
fb></usr/share/texlive/texmf-dist/fonts/type1/public/amsfonts/cm/cmsy6.pfb></us
r/share/texlive/texmf-dist/fonts/type1/public/amsfonts/cm/cmsy8.pfb></usr/share
/texlive/texmf-dist/fonts/type1/public/amsfonts/cm/cmti10.pfb></usr/share/texli
ve/texmf-dist/fonts/type1/public/amsfonts/cm/cmtt10.pfb>
Output written on simobs_thesis_final.pdf (81 pages, 1473259 bytes).
PDF statistics:
 1110 PDF objects out of 1200 (max. 8388607)
 954 compressed objects within 10 object streams
 259 named destinations out of 1000 (max. 500000)
 647 words of extra memory for PDF output out of 10000 (max. 10000000)

