This is pdfTeX, Version 3.1415926-1.40.10 (MiKTeX 2.8) (preloaded format=pdflatex 2010.5.29)  31 MAY 2012 14:19
entering extended mode
**C:/Users/Compaq/Documents/vakken/afstudeerstage/svn_report/report/SIMOBS_thes
is_merged.tex

(C:/Users/Compaq/Documents/vakken/afstudeerstage/svn_report/report/SIMOBS_thesi
s_merged.tex
LaTeX2e <2005/12/01>
Babel <v3.8l> and hyphenation patterns for english, dumylang, nohyphenation, ge
rman, ngerman, german-x-2009-06-19, ngerman-x-2009-06-19, french, loaded.
("C:\Program Files (x86)\MiKTeX 2.8\tex\latex\base\article.cls"
Document Class: article 2005/09/16 v1.4f Standard LaTeX document class
("C:\Program Files (x86)\MiKTeX 2.8\tex\latex\base\size11.clo"
File: size11.clo 2005/09/16 v1.4f Standard LaTeX file (size option)
)
\c@part=\count79
\c@section=\count80
\c@subsection=\count81
\c@subsubsection=\count82
\c@paragraph=\count83
\c@subparagraph=\count84
\c@figure=\count85
\c@table=\count86
\abovecaptionskip=\skip41
\belowcaptionskip=\skip42
\bibindent=\dimen102
)
(C:\Users\Compaq\Documents\vakken\afstudeerstage\svn_report\report\todonotes.st
y
Package: todonotes 2011/03/07 .dtx Todonotes source and documentation.
Package: todonotes 2011/03/07
 ("C:\Program Files (x86)\MiKTeX 2.8\tex\latex\base\ifthen.sty"
Package: ifthen 2001/05/26 v1.1c Standard LaTeX ifthen package (DPC)
)
("C:\Program Files (x86)\MiKTeX 2.8\tex\latex\xkeyval\xkeyval.sty"
Package: xkeyval 2008/08/13 v2.6a package option processing (HA)

("C:\Program Files (x86)\MiKTeX 2.8\tex\generic\xkeyval\xkeyval.tex"
\XKV@toks=\toks14
\XKV@tempa@toks=\toks15
\XKV@depth=\count87
File: xkeyval.tex 2008/08/13 v2.6a key=value parser (HA)

("C:\Program Files (x86)\MiKTeX 2.8\tex\generic\xkeyval\keyval.tex")))
("C:\Program Files (x86)\MiKTeX 2.8\tex\latex\xcolor\xcolor.sty"
Package: xcolor 2007/01/21 v2.11 LaTeX color extensions (UK)

("C:\Program Files (x86)\MiKTeX 2.8\tex\latex\00miktex\color.cfg"
File: color.cfg 2007/01/18 v1.5 color configuration of teTeX/TeXLive
)
Package xcolor Info: Driver file: pdftex.def on input line 225.

("C:\Program Files (x86)\MiKTeX 2.8\tex\latex\pdftex-def\pdftex.def"
File: pdftex.def 2009/08/25 v0.04m Graphics/color for pdfTeX
\Gread@gobject=\count88
)
Package xcolor Info: Model `cmy' substituted by `cmy0' on input line 1337.
Package xcolor Info: Model `hsb' substituted by `rgb' on input line 1341.
Package xcolor Info: Model `RGB' extended on input line 1353.
Package xcolor Info: Model `HTML' substituted by `rgb' on input line 1355.
Package xcolor Info: Model `Hsb' substituted by `hsb' on input line 1356.
Package xcolor Info: Model `tHsb' substituted by `hsb' on input line 1357.
Package xcolor Info: Model `HSB' substituted by `hsb' on input line 1358.
Package xcolor Info: Model `Gray' substituted by `gray' on input line 1359.
Package xcolor Info: Model `wave' substituted by `hsb' on input line 1360.
)
("C:\Program Files (x86)\MiKTeX 2.8\tex\latex\pgf\frontendlayer\tikz.sty"
("C:\Program Files (x86)\MiKTeX 2.8\tex\latex\pgf\basiclayer\pgf.sty"
("C:\Program Files (x86)\MiKTeX 2.8\tex\latex\pgf\utilities\pgfrcs.sty"
("C:\Program Files (x86)\MiKTeX 2.8\tex\generic\pgf\utilities\pgfutil-common.te
x"
\pgfutil@everybye=\toks16
)
("C:\Program Files (x86)\MiKTeX 2.8\tex\generic\pgf\utilities\pgfutil-latex.def
") ("C:\Program Files (x86)\MiKTeX 2.8\tex\generic\pgf\utilities\pgfrcs.code.te
x"
Package: pgfrcs 2008/02/20 v2.00 (rcs-revision 1.21)
))
Package: pgf 2008/01/15 v2.00 (rcs-revision 1.12)
 ("C:\Program Files (x86)\MiKTeX 2.8\tex\latex\pgf\basiclayer\pgfcore.sty"
("C:\Program Files (x86)\MiKTeX 2.8\tex\latex\graphics\graphicx.sty"
Package: graphicx 1999/02/16 v1.0f Enhanced LaTeX Graphics (DPC,SPQR)

("C:\Program Files (x86)\MiKTeX 2.8\tex\latex\graphics\graphics.sty"
Package: graphics 2006/02/20 v1.0o Standard LaTeX Graphics (DPC,SPQR)

("C:\Program Files (x86)\MiKTeX 2.8\tex\latex\graphics\trig.sty"
Package: trig 1999/03/16 v1.09 sin cos tan (DPC)
)
("C:\Program Files (x86)\MiKTeX 2.8\tex\latex\00miktex\graphics.cfg"
File: graphics.cfg 2007/01/18 v1.5 graphics configuration of teTeX/TeXLive
)
Package graphics Info: Driver file: pdftex.def on input line 90.
)
\Gin@req@height=\dimen103
\Gin@req@width=\dimen104
)
("C:\Program Files (x86)\MiKTeX 2.8\tex\latex\pgf\systemlayer\pgfsys.sty"
("C:\Program Files (x86)\MiKTeX 2.8\tex\generic\pgf\systemlayer\pgfsys.code.tex
"
Package: pgfsys 2008/02/07 v2.00 (rcs-revision 1.31)
 ("C:\Program Files (x86)\MiKTeX 2.8\tex\generic\pgf\utilities\pgfkeys.code.tex
"
\pgfkeys@pathtoks=\toks17
\pgfkeys@temptoks=\toks18
)
\pgf@x=\dimen105
\pgf@y=\dimen106
\pgf@xa=\dimen107
\pgf@ya=\dimen108
\pgf@xb=\dimen109
\pgf@yb=\dimen110
\pgf@xc=\dimen111
\pgf@yc=\dimen112
\c@pgf@counta=\count89
\c@pgf@countb=\count90
\c@pgf@countc=\count91
\c@pgf@countd=\count92
 ("C:\Program Files (x86)\MiKTeX 2.8\tex\generic\pgf\systemlayer\pgf.cfg"
File: pgf.cfg 2008/01/13  (rcs-revision 1.6)
)
Package pgfsys Info: Driver file for pgf: pgfsys-pdftex.def on input line 885.

("C:\Program Files (x86)\MiKTeX 2.8\tex\generic\pgf\systemlayer\pgfsys-pdftex.d
ef"
File: pgfsys-pdftex.def 2007/12/20  (rcs-revision 1.20)

("C:\Program Files (x86)\MiKTeX 2.8\tex\generic\pgf\systemlayer\pgfsys-common-p
df.def"
File: pgfsys-common-pdf.def 2007/12/17  (rcs-revision 1.8)
)))
("C:\Program Files (x86)\MiKTeX 2.8\tex\generic\pgf\systemlayer\pgfsyssoftpath.
code.tex"
File: pgfsyssoftpath.code.tex 2008/01/23  (rcs-revision 1.6)
\pgfsyssoftpath@smallbuffer@items=\count93
\pgfsyssoftpath@bigbuffer@items=\count94
)
("C:\Program Files (x86)\MiKTeX 2.8\tex\generic\pgf\systemlayer\pgfsysprotocol.
code.tex"
File: pgfsysprotocol.code.tex 2006/10/16  (rcs-revision 1.4)
))
("C:\Program Files (x86)\MiKTeX 2.8\tex\generic\pgf\basiclayer\pgfcore.code.tex
"
Package: pgfcore 2008/01/15 v2.00 (rcs-revision 1.6)
 ("C:\Program Files (x86)\MiKTeX 2.8\tex\generic\pgf\math\pgfmath.code.tex"
("C:\Program Files (x86)\MiKTeX 2.8\tex\generic\pgf\math\pgfmathcalc.code.tex"
("C:\Program Files (x86)\MiKTeX 2.8\tex\generic\pgf\math\pgfmathutil.code.tex"
\pgfmath@box=\box26
) ("C:\Program Files (x86)\MiKTeX 2.8\tex\generic\pgf\math\pgfmathparser.code.t
ex"
\pgfmath@stack=\toks19
\c@pgfmath@parsecounta=\count95
\c@pgfmath@parsecountb=\count96
\c@pgfmath@parsecountc=\count97
\pgfmath@parsex=\dimen113
)
("C:\Program Files (x86)\MiKTeX 2.8\tex\generic\pgf\math\pgfmathoperations.code
.tex"
("C:\Program Files (x86)\MiKTeX 2.8\tex\generic\pgf\math\pgfmathtrig.code.tex")
("C:\Program Files (x86)\MiKTeX 2.8\tex\generic\pgf\math\pgfmathrnd.code.tex"))
("C:\Program Files (x86)\MiKTeX 2.8\tex\generic\pgf\math\pgfmathbase.code.tex")
))
("C:\Program Files (x86)\MiKTeX 2.8\tex\generic\pgf\basiclayer\pgfcorepoints.co
de.tex"
File: pgfcorepoints.code.tex 2008/02/03  (rcs-revision 1.13)
\pgf@picminx=\dimen114
\pgf@picmaxx=\dimen115
\pgf@picminy=\dimen116
\pgf@picmaxy=\dimen117
\pgf@pathminx=\dimen118
\pgf@pathmaxx=\dimen119
\pgf@pathminy=\dimen120
\pgf@pathmaxy=\dimen121
\pgf@xx=\dimen122
\pgf@xy=\dimen123
\pgf@yx=\dimen124
\pgf@yy=\dimen125
\pgf@zx=\dimen126
\pgf@zy=\dimen127
)
("C:\Program Files (x86)\MiKTeX 2.8\tex\generic\pgf\basiclayer\pgfcorepathconst
ruct.code.tex"
File: pgfcorepathconstruct.code.tex 2008/02/13  (rcs-revision 1.14)
\pgf@path@lastx=\dimen128
\pgf@path@lasty=\dimen129
)
("C:\Program Files (x86)\MiKTeX 2.8\tex\generic\pgf\basiclayer\pgfcorepathusage
.code.tex"
File: pgfcorepathusage.code.tex 2008/01/23  (rcs-revision 1.11)
\pgf@shorten@end@additional=\dimen130
\pgf@shorten@start@additional=\dimen131
)
("C:\Program Files (x86)\MiKTeX 2.8\tex\generic\pgf\basiclayer\pgfcorescopes.co
de.tex"
File: pgfcorescopes.code.tex 2008/01/15  (rcs-revision 1.26)
\pgfpic=\box27
\pgf@hbox=\box28
\pgf@layerbox@main=\box29
\pgf@picture@serial@count=\count98
)
("C:\Program Files (x86)\MiKTeX 2.8\tex\generic\pgf\basiclayer\pgfcoregraphicst
ate.code.tex"
File: pgfcoregraphicstate.code.tex 2007/12/12  (rcs-revision 1.8)
\pgflinewidth=\dimen132
)
("C:\Program Files (x86)\MiKTeX 2.8\tex\generic\pgf\basiclayer\pgfcoretransform
ations.code.tex"
File: pgfcoretransformations.code.tex 2008/02/04  (rcs-revision 1.10)
\pgf@pt@x=\dimen133
\pgf@pt@y=\dimen134
\pgf@pt@temp=\dimen135
)
("C:\Program Files (x86)\MiKTeX 2.8\tex\generic\pgf\basiclayer\pgfcorequick.cod
e.tex"
File: pgfcorequick.code.tex 2006/10/11  (rcs-revision 1.2)
)
("C:\Program Files (x86)\MiKTeX 2.8\tex\generic\pgf\basiclayer\pgfcoreobjects.c
ode.tex"
File: pgfcoreobjects.code.tex 2006/10/11  (rcs-revision 1.2)
)
("C:\Program Files (x86)\MiKTeX 2.8\tex\generic\pgf\basiclayer\pgfcorepathproce
ssing.code.tex"
File: pgfcorepathprocessing.code.tex 2008/01/23  (rcs-revision 1.7)
)
("C:\Program Files (x86)\MiKTeX 2.8\tex\generic\pgf\basiclayer\pgfcorearrows.co
de.tex"
File: pgfcorearrows.code.tex 2007/06/07  (rcs-revision 1.8)
)
("C:\Program Files (x86)\MiKTeX 2.8\tex\generic\pgf\basiclayer\pgfcoreshade.cod
e.tex"
File: pgfcoreshade.code.tex 2007/12/10  (rcs-revision 1.9)
\pgf@max=\dimen136
\pgf@sys@shading@range@num=\count99
)
("C:\Program Files (x86)\MiKTeX 2.8\tex\generic\pgf\basiclayer\pgfcoreimage.cod
e.tex"
File: pgfcoreimage.code.tex 2008/01/15  (rcs-revision 1.1)
\pgfexternal@startupbox=\box30
)
("C:\Program Files (x86)\MiKTeX 2.8\tex\generic\pgf\basiclayer\pgfcorelayers.co
de.tex"
File: pgfcorelayers.code.tex 2008/01/15  (rcs-revision 1.1)
)
("C:\Program Files (x86)\MiKTeX 2.8\tex\generic\pgf\basiclayer\pgfcoretranspare
ncy.code.tex"
File: pgfcoretransparency.code.tex 2008/01/17  (rcs-revision 1.2)
)
("C:\Program Files (x86)\MiKTeX 2.8\tex\generic\pgf\basiclayer\pgfcorepatterns.
code.tex"
File: pgfcorepatterns.code.tex 2008/01/15  (rcs-revision 1.1)
)))
("C:\Program Files (x86)\MiKTeX 2.8\tex\generic\pgf\modules\pgfmoduleshapes.cod
e.tex"
File: pgfmoduleshapes.code.tex 2008/02/13  (rcs-revision 1.4)
\pgfnodeparttextbox=\box31
\toks@savedmacro=\toks20
)
("C:\Program Files (x86)\MiKTeX 2.8\tex\generic\pgf\modules\pgfmoduleplot.code.
tex"
File: pgfmoduleplot.code.tex 2008/01/15  (rcs-revision 1.1)
\pgf@plotwrite=\write3
)
("C:\Program Files (x86)\MiKTeX 2.8\tex\latex\pgf\compatibility\pgfcomp-version
-0-65.sty"
Package: pgfcomp-version-0-65 2007/07/03 v2.00 (rcs-revision 1.7)
\pgf@nodesepstart=\dimen137
\pgf@nodesepend=\dimen138
)
("C:\Program Files (x86)\MiKTeX 2.8\tex\latex\pgf\compatibility\pgfcomp-version
-1-18.sty"
Package: pgfcomp-version-1-18 2007/07/23 v2.00 (rcs-revision 1.1)
))
("C:\Program Files (x86)\MiKTeX 2.8\tex\latex\pgf\utilities\pgffor.sty"
("C:\Program Files (x86)\MiKTeX 2.8\tex\generic\pgf\utilities\pgffor.code.tex"
Package: pgffor 2007/11/07 v2.00 (rcs-revision 1.8)
\pgffor@iter=\dimen139
\pgffor@skip=\dimen140
))
("C:\Program Files (x86)\MiKTeX 2.8\tex\generic\pgf\frontendlayer\tikz\tikz.cod
e.tex"
Package: tikz 2008/02/13 v2.00 (rcs-revision 1.27)

("C:\Program Files (x86)\MiKTeX 2.8\tex\generic\pgf\libraries\pgflibraryplothan
dlers.code.tex"
File: pgflibraryplothandlers.code.tex 2007/03/09 v2.00 (rcs-revision 1.9)
\pgf@plot@mark@count=\count100
\pgfplotmarksize=\dimen141
)
\tikz@lastx=\dimen142
\tikz@lasty=\dimen143
\tikz@lastxsaved=\dimen144
\tikz@lastysaved=\dimen145
\tikzleveldistance=\dimen146
\tikzsiblingdistance=\dimen147
\tikz@figbox=\box32
\tikz@tempbox=\box33
\tikztreelevel=\count101
\tikznumberofchildren=\count102
\tikznumberofcurrentchild=\count103
\tikz@fig@count=\count104

("C:\Program Files (x86)\MiKTeX 2.8\tex\generic\pgf\modules\pgfmodulematrix.cod
e.tex"
File: pgfmodulematrix.code.tex 2008/01/15  (rcs-revision 1.1)
\pgfmatrixcurrentrow=\count105
\pgfmatrixcurrentcolumn=\count106
\pgf@matrix@numberofcolumns=\count107
)
\tikz@expandcount=\count108

("C:\Program Files (x86)\MiKTeX 2.8\tex\generic\pgf\frontendlayer\tikz\librarie
s\tikzlibrarytopaths.code.tex"
File: tikzlibrarytopaths.code.tex 2008/01/09 v2.00 (rcs-revision 1.1)
)))
("C:\Program Files (x86)\MiKTeX 2.8\tex\latex\tools\calc.sty"
Package: calc 2005/08/06 v4.2 Infix arithmetic (KKT,FJ)
\calc@Acount=\count109
\calc@Bcount=\count110
\calc@Adimen=\dimen148
\calc@Bdimen=\dimen149
\calc@Askip=\skip43
\calc@Bskip=\skip44
LaTeX Info: Redefining \setlength on input line 75.
LaTeX Info: Redefining \addtolength on input line 76.
\calc@Ccount=\count111
\calc@Cskip=\skip45
)
\c@@todonotes@numberoftodonotes=\count112
)
(C:\Users\Compaq\Documents\vakken\afstudeerstage\svn_report\report\SIMOBS_thesi
s_merged.aux

LaTeX Warning: Label `framework' multiply defined.


LaTeX Warning: Label `framework' multiply defined.


LaTeX Warning: Label `framework' multiply defined.


LaTeX Warning: Label `framework' multiply defined.


LaTeX Warning: Label `framework' multiply defined.


LaTeX Warning: Label `framework' multiply defined.


LaTeX Warning: Label `framework' multiply defined.


LaTeX Warning: Label `framework' multiply defined.


LaTeX Warning: Label `framework' multiply defined.


LaTeX Warning: Label `framework' multiply defined.


LaTeX Warning: Label `framework' multiply defined.


LaTeX Warning: Label `framework' multiply defined.


LaTeX Warning: Label `framework' multiply defined.


LaTeX Warning: Label `framework' multiply defined.


LaTeX Warning: Label `framework' multiply defined.


LaTeX Warning: Label `framework' multiply defined.


LaTeX Warning: Label `framework' multiply defined.


LaTeX Warning: Label `framework' multiply defined.


LaTeX Warning: Label `framework' multiply defined.


LaTeX Warning: Label `framework' multiply defined.


LaTeX Warning: Label `framework' multiply defined.


LaTeX Warning: Label `framework' multiply defined.


LaTeX Warning: Label `framework' multiply defined.


LaTeX Warning: Label `framework' multiply defined.


LaTeX Warning: Label `framework' multiply defined.


LaTeX Warning: Label `framework' multiply defined.


LaTeX Warning: Label `framework' multiply defined.


LaTeX Warning: Label `framework' multiply defined.


LaTeX Warning: Label `framework' multiply defined.


LaTeX Warning: Label `framework' multiply defined.


LaTeX Warning: Label `framework' multiply defined.


LaTeX Warning: Label `toiletsituation' multiply defined.


LaTeX Warning: Label `framework' multiply defined.

)
LaTeX Font Info:    Checking defaults for OML/cmm/m/it on input line 13.
LaTeX Font Info:    ... okay on input line 13.
LaTeX Font Info:    Checking defaults for T1/cmr/m/n on input line 13.
LaTeX Font Info:    ... okay on input line 13.
LaTeX Font Info:    Checking defaults for OT1/cmr/m/n on input line 13.
LaTeX Font Info:    ... okay on input line 13.
LaTeX Font Info:    Checking defaults for OMS/cmsy/m/n on input line 13.
LaTeX Font Info:    ... okay on input line 13.
LaTeX Font Info:    Checking defaults for OMX/cmex/m/n on input line 13.
LaTeX Font Info:    ... okay on input line 13.
LaTeX Font Info:    Checking defaults for U/cmr/m/n on input line 13.
LaTeX Font Info:    ... okay on input line 13.
 ("C:\Program Files (x86)\MiKTeX 2.8\tex\context\base\supp-pdf.tex"
[Loading MPS to PDF converter (version 2006.09.02).]
\scratchcounter=\count113
\scratchdimen=\dimen150
\scratchbox=\box34
\nofMPsegments=\count114
\nofMParguments=\count115
\everyMPshowfont=\toks21
\MPscratchCnt=\count116
\MPscratchDim=\dimen151
\MPnumerator=\count117
\everyMPtoPDFconversion=\toks22
)
(C:\Users\Compaq\Documents\vakken\afstudeerstage\svn_report\report\SIMOBS_thesi
s_merged.tdo
LaTeX Font Info:    External font `cmex10' loaded for size
(Font)              <10.95> on input line 1.
LaTeX Font Info:    External font `cmex10' loaded for size
(Font)              <8> on input line 1.
LaTeX Font Info:    External font `cmex10' loaded for size
(Font)              <6> on input line 1.
)
\tf@tdo=\write4
 [1

{C:/ProgramData/MiKTeX/2.8/pdftex/config/pdftex.map}]
LaTeX Font Info:    External font `cmex10' loaded for size
(Font)              <12> on input line 15.

(C:\Users\Compaq\Documents\vakken\afstudeerstage\svn_report\report\SIMOBS_thesi
s_merged.toc
LaTeX Font Info:    External font `cmex10' loaded for size
(Font)              <7> on input line 2.
LaTeX Font Info:    External font `cmex10' loaded for size
(Font)              <5> on input line 2.
 [2]
Overfull \hbox (1.69513pt too wide) in paragraph at lines 28--28
 [][] []\OT1/cmr/m/n/10 Predictions for Be-hav-ior Us-ing the Sig-moid Func- 
 []


Overfull \hbox (6.3201pt too wide) in paragraph at lines 33--33
 [][] []\OT1/cmr/m/n/10 Predictions for Be-hav-ior Us-ing the Gaus-sian Func- 
 []

)
\tf@toc=\write5
 [3]
Overfull \hbox (9.49146pt too wide) in paragraph at lines 32--33
[]\OT1/cmr/m/n/10 It is a tool for gen-er-at-ing and ex-e-cut-ing bat-tle-field
 sce-nar-ios. SIMOBS
 []

[4]
LaTeX Font Info:    Try loading font information for OMS+cmr on input line 45.
 ("C:\Program Files (x86)\MiKTeX 2.8\tex\latex\base\omscmr.fd"
File: omscmr.fd 1999/05/25 v2.5h Standard LaTeX font definitions
)
LaTeX Font Info:    Font shape `OMS/cmr/m/n' in size <10> not available
(Font)              Font shape `OMS/cmsy/m/n' tried instead on input line 45.
 [5]
Underfull \hbox (badness 10000) in paragraph at lines 102--103

 []

[6] [7] [8]
Missing character: There is no Ã in font cmr10!
Missing character: There is no © in font cmr10!

Overfull \hbox (10.13031pt too wide) in paragraph at lines 117--119
\OT1/cmr/m/n/10 what de-fined, but were only ex-pressed through spa-cial po-si-
tions. Bcheiraz
 []

[9] [10]
Underfull \hbox (badness 10000) in paragraph at lines 140--141

 []

[11] [12]
Overfull \hbox (98.97322pt too wide) in paragraph at lines 186--188
[]\OT1/cmr/m/n/10 Quote from: http://www.ac.tuiasi.ro/pntool/help/ii36generaliz
edstochasticpetrinets.htm:
 []

[13]
Underfull \hbox (badness 10000) in paragraph at lines 199--199
[][]
 []

<restaurant.png, id=57, 683.55376pt x 465.74pt>
File: restaurant.png Graphic file (type png)
 <use restaurant.png>
Overfull \hbox (90.0pt too wide) in paragraph at lines 205--207
 [] 
 []

[14] [15 <C:/Users/Compaq/Documents/vakken/afstudeerstage/svn_report/report/res
taurant.png (PNG copy)>]
Underfull \hbox (badness 10000) in paragraph at lines 222--222
[][]
 []

[16]
Underfull \hbox (badness 10000) in paragraph at lines 227--227
[][]
 []

[17]
Underfull \hbox (badness 10000) in paragraph at lines 260--262

 []

[18] [19]
Overfull \hbox (0.62115pt too wide) in paragraph at lines 292--292
[]\OT1/cmr/bx/n/10.95 Predictions for Be-hav-ior Us-ing the Sig-moid Func-
 []

[20]
Overfull \hbox (6.11438pt too wide) in paragraph at lines 309--309
[]\OT1/cmr/bx/n/10.95 Predictions for Be-hav-ior Us-ing the Gaus-sian Func-
 []

[21]
Underfull \hbox (badness 10000) in paragraph at lines 331--331
[][]
 []


<../results./automaticResults/evaluation_log_linear0point2automatedpointcsv.png
, id=86, 422.32782pt x 316.18124pt>
File: ../results./automaticResults/evaluation_log_linear0point2automatedpointcs
v.png Graphic file (type png)

<use ../results./automaticResults/evaluation_log_linear0point2automatedpointcsv
.png>
<../results./automaticResults/evaluation_log_linear0point5automatedpointcsv.png
, id=87, 422.32782pt x 316.18124pt>
File: ../results./automaticResults/evaluation_log_linear0point5automatedpointcs
v.png Graphic file (type png)

<use ../results./automaticResults/evaluation_log_linear0point5automatedpointcsv
.png>
<../results./automaticResults/evaluation_log_linear1automatedpointcsv.png, id=8
8, 422.32782pt x 316.18124pt>
File: ../results./automaticResults/evaluation_log_linear1automatedpointcsv.png 
Graphic file (type png)

<use ../results./automaticResults/evaluation_log_linear1automatedpointcsv.png>
<../results./automaticResults/evaluation_log_sigmoid0point01automatedpointcsv.p
ng, id=89, 422.32782pt x 316.18124pt>
File: ../results./automaticResults/evaluation_log_sigmoid0point01automatedpoint
csv.png Graphic file (type png)

<use ../results./automaticResults/evaluation_log_sigmoid0point01automatedpointc
sv.png>
<../results./automaticResults/evaluation_log_sigmoid0point1automatedpointcsv.pn
g, id=90, 422.32782pt x 316.18124pt>
File: ../results./automaticResults/evaluation_log_sigmoid0point1automatedpointc
sv.png Graphic file (type png)

<use ../results./automaticResults/evaluation_log_sigmoid0point1automatedpointcs
v.png>
<../results./automaticResults/evaluation_log_sigmoid0point2automatedpointcsv.pn
g, id=91, 422.32782pt x 316.18124pt>
File: ../results./automaticResults/evaluation_log_sigmoid0point2automatedpointc
sv.png Graphic file (type png)

<use ../results./automaticResults/evaluation_log_sigmoid0point2automatedpointcs
v.png>
<../results./automaticResults/evaluation_log_sigmoid0point5automatedpointcsv.pn
g, id=92, 422.32782pt x 316.18124pt>
File: ../results./automaticResults/evaluation_log_sigmoid0point5automatedpointc
sv.png Graphic file (type png)

<use ../results./automaticResults/evaluation_log_sigmoid0point5automatedpointcs
v.png> [22] [23 <C:/Users/Compaq/Documents/vakken/afstudeerstage/svn_report/res
ults./automaticResults/evaluation_log_linear0point2automatedpointcsv.png (PNG c
opy)> <C:/Users/Compaq/Documents/vakken/afstudeerstage/svn_report/results./auto
maticResults/evaluation_log_linear0point5automatedpointcsv.png (PNG copy)>]
[24 <C:/Users/Compaq/Documents/vakken/afstudeerstage/svn_report/results./automa
ticResults/evaluation_log_linear1automatedpointcsv.png (PNG copy)> <C:/Users/Co
mpaq/Documents/vakken/afstudeerstage/svn_report/results./automaticResults/evalu
ation_log_sigmoid0point01automatedpointcsv.png (PNG copy)>] [25 <C:/Users/Compa
q/Documents/vakken/afstudeerstage/svn_report/results./automaticResults/evaluati
on_log_sigmoid0point1automatedpointcsv.png (PNG copy)> <C:/Users/Compaq/Documen
ts/vakken/afstudeerstage/svn_report/results./automaticResults/evaluation_log_si
gmoid0point2automatedpointcsv.png (PNG copy)>] [26 <C:/Users/Compaq/Documents/v
akken/afstudeerstage/svn_report/results./automaticResults/evaluation_log_sigmoi
d0point5automatedpointcsv.png (PNG copy)>]
<../results./automaticResults2/evaluation_log2_gaussian0point01twoPeopleToiletS
ituationpointxmlpointcsv.png, id=109, 422.32782pt x 316.18124pt>
File: ../results./automaticResults2/evaluation_log2_gaussian0point01twoPeopleTo
iletSituationpointxmlpointcsv.png Graphic file (type png)

<use ../results./automaticResults2/evaluation_log2_gaussian0point01twoPeopleToi
letSituationpointxmlpointcsv.png>
<../results./automaticResults2/evaluation_log2_gaussian0point2pillarSituationpo
intxmlpointcsv.png, id=110, 422.32782pt x 316.18124pt>
File: ../results./automaticResults2/evaluation_log2_gaussian0point2pillarSituat
ionpointxmlpointcsv.png Graphic file (type png)

<use ../results./automaticResults2/evaluation_log2_gaussian0point2pillarSituati
onpointxmlpointcsv.png>
<../results./automaticResults2/evaluation_log2_gaussian0point2standStillSituati
onpointxmlpointcsv.png, id=111, 422.32782pt x 316.18124pt>
File: ../results./automaticResults2/evaluation_log2_gaussian0point2standStillSi
tuationpointxmlpointcsv.png Graphic file (type png)

<use ../results./automaticResults2/evaluation_log2_gaussian0point2standStillSit
uationpointxmlpointcsv.png>
<../results./automaticResults2/evaluation_log2_gaussian0point2twoPeopleToiletSi
tuationpointxmlpointcsv.png, id=112, 422.32782pt x 316.18124pt>
File: ../results./automaticResults2/evaluation_log2_gaussian0point2twoPeopleToi
letSituationpointxmlpointcsv.png Graphic file (type png)

<use ../results./automaticResults2/evaluation_log2_gaussian0point2twoPeopleToil
etSituationpointxmlpointcsv.png>
<../results./automaticResults2/evaluation_log2_gaussian0point5pillarSituationpo
intxmlpointcsv.png, id=113, 422.32782pt x 316.18124pt>
File: ../results./automaticResults2/evaluation_log2_gaussian0point5pillarSituat
ionpointxmlpointcsv.png Graphic file (type png)

<use ../results./automaticResults2/evaluation_log2_gaussian0point5pillarSituati
onpointxmlpointcsv.png>
<../results./automaticResults2/evaluation_log2_gaussian0point5standStillSituati
onpointxmlpointcsv.png, id=114, 422.32782pt x 316.18124pt>
File: ../results./automaticResults2/evaluation_log2_gaussian0point5standStillSi
tuationpointxmlpointcsv.png Graphic file (type png)

<use ../results./automaticResults2/evaluation_log2_gaussian0point5standStillSit
uationpointxmlpointcsv.png>
<../results./automaticResults2/evaluation_log2_gaussian0point5twoPeopleToiletSi
tuationpointxmlpointcsv.png, id=115, 422.32782pt x 316.18124pt>
File: ../results./automaticResults2/evaluation_log2_gaussian0point5twoPeopleToi
letSituationpointxmlpointcsv.png Graphic file (type png)

<use ../results./automaticResults2/evaluation_log2_gaussian0point5twoPeopleToil
etSituationpointxmlpointcsv.png>
<../results./automaticResults2/evaluation_log2_linear0point01automated-pillarSi
tuationpointcsv.png, id=116, 422.32782pt x 316.18124pt>
File: ../results./automaticResults2/evaluation_log2_linear0point01automated-pil
larSituationpointcsv.png Graphic file (type png)

<use ../results./automaticResults2/evaluation_log2_linear0point01automated-pill
arSituationpointcsv.png> [27 <C:/Users/Compaq/Documents/vakken/afstudeerstage/s
vn_report/results./automaticResults2/evaluation_log2_gaussian0point01twoPeopleT
oiletSituationpointxmlpointcsv.png (PNG copy)> <C:/Users/Compaq/Documents/vakke
n/afstudeerstage/svn_report/results./automaticResults2/evaluation_log2_gaussian
0point2pillarSituationpointxmlpointcsv.png (PNG copy)>] [28 <C:/Users/Compaq/Do
cuments/vakken/afstudeerstage/svn_report/results./automaticResults2/evaluation_
log2_gaussian0point2standStillSituationpointxmlpointcsv.png (PNG copy)> <C:/Use
rs/Compaq/Documents/vakken/afstudeerstage/svn_report/results./automaticResults2
/evaluation_log2_gaussian0point2twoPeopleToiletSituationpointxmlpointcsv.png (P
NG copy)>] [29 <C:/Users/Compaq/Documents/vakken/afstudeerstage/svn_report/resu
lts./automaticResults2/evaluation_log2_gaussian0point5pillarSituationpointxmlpo
intcsv.png (PNG copy)> <C:/Users/Compaq/Documents/vakken/afstudeerstage/svn_rep
ort/results./automaticResults2/evaluation_log2_gaussian0point5standStillSituati
onpointxmlpointcsv.png (PNG copy)>] [30 <C:/Users/Compaq/Documents/vakken/afstu
deerstage/svn_report/results./automaticResults2/evaluation_log2_gaussian0point5
twoPeopleToiletSituationpointxmlpointcsv.png (PNG copy)> <C:/Users/Compaq/Docum
ents/vakken/afstudeerstage/svn_report/results./automaticResults2/evaluation_log
2_linear0point01automated-pillarSituationpointcsv.png (PNG copy)>]
<../results./automaticResults2/evaluation_log2_linear0point01automated-standSti
llSituationpointcsv.png, id=129, 422.32782pt x 316.18124pt>
File: ../results./automaticResults2/evaluation_log2_linear0point01automated-sta
ndStillSituationpointcsv.png Graphic file (type png)

<use ../results./automaticResults2/evaluation_log2_linear0point01automated-stan
dStillSituationpointcsv.png>
<../results./automaticResults2/evaluation_log2_linear0point01automated-twoPeopl
eToiletSituationpointcsv.png, id=130, 422.32782pt x 316.18124pt>
File: ../results./automaticResults2/evaluation_log2_linear0point01automated-two
PeopleToiletSituationpointcsv.png Graphic file (type png)

<use ../results./automaticResults2/evaluation_log2_linear0point01automated-twoP
eopleToiletSituationpointcsv.png>
<../results./automaticResults2/evaluation_log2_linear0point1automated-standStil
lSituationpointcsv.png, id=131, 422.32782pt x 316.18124pt>
File: ../results./automaticResults2/evaluation_log2_linear0point1automated-stan
dStillSituationpointcsv.png Graphic file (type png)

<use ../results./automaticResults2/evaluation_log2_linear0point1automated-stand
StillSituationpointcsv.png>
<../results./automaticResults2/evaluation_log2_linear0point1automated-twoPeople
ToiletSituationpointcsv.png, id=132, 422.32782pt x 316.18124pt>
File: ../results./automaticResults2/evaluation_log2_linear0point1automated-twoP
eopleToiletSituationpointcsv.png Graphic file (type png)

<use ../results./automaticResults2/evaluation_log2_linear0point1automated-twoPe
opleToiletSituationpointcsv.png>
<../results./automaticResults2/evaluation_log2_linear0point2automatedstandStill
Situationpointxmlpointcsv.png, id=133, 422.32782pt x 316.18124pt>
File: ../results./automaticResults2/evaluation_log2_linear0point2automatedstand
StillSituationpointxmlpointcsv.png Graphic file (type png)

<use ../results./automaticResults2/evaluation_log2_linear0point2automatedstandS
tillSituationpointxmlpointcsv.png>
<../results./automaticResults2/evaluation_log2_linear0point2automatedtwoPeopleT
oiletSituationpointxmlpointcsv.png, id=134, 422.32782pt x 316.18124pt>
File: ../results./automaticResults2/evaluation_log2_linear0point2automatedtwoPe
opleToiletSituationpointxmlpointcsv.png Graphic file (type png)

<use ../results./automaticResults2/evaluation_log2_linear0point2automatedtwoPeo
pleToiletSituationpointxmlpointcsv.png> [31 <C:/Users/Compaq/Documents/vakken/a
fstudeerstage/svn_report/results./automaticResults2/evaluation_log2_linear0poin
t01automated-standStillSituationpointcsv.png (PNG copy)> <C:/Users/Compaq/Docum
ents/vakken/afstudeerstage/svn_report/results./automaticResults2/evaluation_log
2_linear0point01automated-twoPeopleToiletSituationpointcsv.png (PNG copy)>]
[32 <C:/Users/Compaq/Documents/vakken/afstudeerstage/svn_report/results./automa
ticResults2/evaluation_log2_linear0point1automated-standStillSituationpointcsv.
png (PNG copy)> <C:/Users/Compaq/Documents/vakken/afstudeerstage/svn_report/res
ults./automaticResults2/evaluation_log2_linear0point1automated-twoPeopleToiletS
ituationpointcsv.png (PNG copy)>] [33 <C:/Users/Compaq/Documents/vakken/afstude
erstage/svn_report/results./automaticResults2/evaluation_log2_linear0point2auto
matedstandStillSituationpointxmlpointcsv.png (PNG copy)> <C:/Users/Compaq/Docum
ents/vakken/afstudeerstage/svn_report/results./automaticResults2/evaluation_log
2_linear0point2automatedtwoPeopleToiletSituationpointxmlpointcsv.png (PNG copy)
>]
<../results./automaticResults2/evaluation_log2_linear0point5automatedtwoPeopleT
oiletSituationpointxmlpointcsv.png, id=145, 422.32782pt x 316.18124pt>
File: ../results./automaticResults2/evaluation_log2_linear0point5automatedtwoPe
opleToiletSituationpointxmlpointcsv.png Graphic file (type png)

<use ../results./automaticResults2/evaluation_log2_linear0point5automatedtwoPeo
pleToiletSituationpointxmlpointcsv.png>
<../results./automaticResults2/evaluation_log2_linear1automatedtwoPeopleToiletS
ituationpointxmlpointcsv.png, id=146, 422.32782pt x 316.18124pt>
File: ../results./automaticResults2/evaluation_log2_linear1automatedtwoPeopleTo
iletSituationpointxmlpointcsv.png Graphic file (type png)

<use ../results./automaticResults2/evaluation_log2_linear1automatedtwoPeopleToi
letSituationpointxmlpointcsv.png>
<../results./automaticResults2/evaluation_log2_sigmoid0point01automatedpillarSi
tuationpointxmlpointcsv.png, id=147, 422.32782pt x 316.18124pt>
File: ../results./automaticResults2/evaluation_log2_sigmoid0point01automatedpil
larSituationpointxmlpointcsv.png Graphic file (type png)

<use ../results./automaticResults2/evaluation_log2_sigmoid0point01automatedpill
arSituationpointxmlpointcsv.png>
<../results./automaticResults2/evaluation_log2_sigmoid0point01automatedstandSti
llSituationpointxmlpointcsv.png, id=148, 422.32782pt x 316.18124pt>
File: ../results./automaticResults2/evaluation_log2_sigmoid0point01automatedsta
ndStillSituationpointxmlpointcsv.png Graphic file (type png)

<use ../results./automaticResults2/evaluation_log2_sigmoid0point01automatedstan
dStillSituationpointxmlpointcsv.png>
<../results./automaticResults2/evaluation_log2_sigmoid0point01automatedtwoPeopl
eToiletSituationpointxmlpointcsv.png, id=149, 422.32782pt x 316.18124pt>
File: ../results./automaticResults2/evaluation_log2_sigmoid0point01automatedtwo
PeopleToiletSituationpointxmlpointcsv.png Graphic file (type png)

<use ../results./automaticResults2/evaluation_log2_sigmoid0point01automatedtwoP
eopleToiletSituationpointxmlpointcsv.png>
<../results./automaticResults2/evaluation_log2sigmoid0point1automatedpillarSitu
ationpointxmlpointcsv.png, id=150, 422.32782pt x 316.18124pt>
File: ../results./automaticResults2/evaluation_log2sigmoid0point1automatedpilla
rSituationpointxmlpointcsv.png Graphic file (type png)

<use ../results./automaticResults2/evaluation_log2sigmoid0point1automatedpillar
Situationpointxmlpointcsv.png>
<../results./automaticResults2/evaluation_log2sigmoid0point1automatedstandStill
Situationpointxmlpointcsv.png, id=151, 422.32782pt x 316.18124pt>
File: ../results./automaticResults2/evaluation_log2sigmoid0point1automatedstand
StillSituationpointxmlpointcsv.png Graphic file (type png)

<use ../results./automaticResults2/evaluation_log2sigmoid0point1automatedstandS
tillSituationpointxmlpointcsv.png> [34 <C:/Users/Compaq/Documents/vakken/afstud
eerstage/svn_report/results./automaticResults2/evaluation_log2_linear0point5aut
omatedtwoPeopleToiletSituationpointxmlpointcsv.png (PNG copy)> <C:/Users/Compaq
/Documents/vakken/afstudeerstage/svn_report/results./automaticResults2/evaluati
on_log2_linear1automatedtwoPeopleToiletSituationpointxmlpointcsv.png (PNG copy)
>] [35 <C:/Users/Compaq/Documents/vakken/afstudeerstage/svn_report/results./aut
omaticResults2/evaluation_log2_sigmoid0point01automatedpillarSituationpointxmlp
ointcsv.png (PNG copy)> <C:/Users/Compaq/Documents/vakken/afstudeerstage/svn_re
port/results./automaticResults2/evaluation_log2_sigmoid0point01automatedstandSt
illSituationpointxmlpointcsv.png (PNG copy)>] [36 <C:/Users/Compaq/Documents/va
kken/afstudeerstage/svn_report/results./automaticResults2/evaluation_log2_sigmo
id0point01automatedtwoPeopleToiletSituationpointxmlpointcsv.png (PNG copy)> <C:
/Users/Compaq/Documents/vakken/afstudeerstage/svn_report/results./automaticResu
lts2/evaluation_log2sigmoid0point1automatedpillarSituationpointxmlpointcsv.png 
(PNG copy)>] [37 <C:/Users/Compaq/Documents/vakken/afstudeerstage/svn_report/re
sults./automaticResults2/evaluation_log2sigmoid0point1automatedstandStillSituat
ionpointxmlpointcsv.png (PNG copy)>]
<../results./automaticResults2/evaluation_log2sigmoid0point1automatedtwoPeopleT
oiletSituationpointxmlpointcsv.png, id=165, 422.32782pt x 316.18124pt>
File: ../results./automaticResults2/evaluation_log2sigmoid0point1automatedtwoPe
opleToiletSituationpointxmlpointcsv.png Graphic file (type png)

<use ../results./automaticResults2/evaluation_log2sigmoid0point1automatedtwoPeo
pleToiletSituationpointxmlpointcsv.png>
<../results./automaticResults2/evaluation_log2sigmoid0point5automatedpillarSitu
ationpointxmlpointcsv.png, id=166, 422.32782pt x 316.18124pt>
File: ../results./automaticResults2/evaluation_log2sigmoid0point5automatedpilla
rSituationpointxmlpointcsv.png Graphic file (type png)

<use ../results./automaticResults2/evaluation_log2sigmoid0point5automatedpillar
Situationpointxmlpointcsv.png>
<../results./automaticResults2/evaluation_log2sigmoid0point5automatedstandStill
Situationpointxmlpointcsv.png, id=167, 422.32782pt x 316.18124pt>
File: ../results./automaticResults2/evaluation_log2sigmoid0point5automatedstand
StillSituationpointxmlpointcsv.png Graphic file (type png)

<use ../results./automaticResults2/evaluation_log2sigmoid0point5automatedstandS
tillSituationpointxmlpointcsv.png> [38 <C:/Users/Compaq/Documents/vakken/afstud
eerstage/svn_report/results./automaticResults2/evaluation_log2sigmoid0point1aut
omatedtwoPeopleToiletSituationpointxmlpointcsv.png (PNG copy)> <C:/Users/Compaq
/Documents/vakken/afstudeerstage/svn_report/results./automaticResults2/evaluati
on_log2sigmoid0point5automatedpillarSituationpointxmlpointcsv.png (PNG copy)>]
[39 <C:/Users/Compaq/Documents/vakken/afstudeerstage/svn_report/results./automa
ticResults2/evaluation_log2sigmoid0point5automatedstandStillSituationpointxmlpo
intcsv.png (PNG copy)>]
<../results./automaticResults2/evaluation_log2sigmoid0point5automatedtwoPeopleT
oiletSituationpointxmlpointcsv.png, id=174, 422.32782pt x 316.18124pt>
File: ../results./automaticResults2/evaluation_log2sigmoid0point5automatedtwoPe
opleToiletSituationpointxmlpointcsv.png Graphic file (type png)

<use ../results./automaticResults2/evaluation_log2sigmoid0point5automatedtwoPeo
pleToiletSituationpointxmlpointcsv.png>
<rotterdamPedestrianNet.png, id=175, 256.96pt x 187.70125pt>
File: rotterdamPedestrianNet.png Graphic file (type png)

<use rotterdamPedestrianNet.png>
<twoPeopleToiletSituation.png, id=176, 486.81876pt x 344.28625pt>
File: twoPeopleToiletSituation.png Graphic file (type png)

<use twoPeopleToiletSituation.png>
<pillarSituation.png, id=177, 342.27875pt x 259.97125pt>
File: pillarSituation.png Graphic file (type png)

<use pillarSituation.png> [40





 <C:/Users/Compaq/Documents/vakken/afstudeerstage/svn_report/results./automatic
Results2/evaluation_log2sigmoid0point5automatedtwoPeopleToiletSituationpointxml
pointcsv.png (PNG copy)>] [41 <C:/Users/Compaq/Documents/vakken/afstudeerstage/
svn_report/report/rotterdamPedestrianNet.png (PNG copy)> <C:/Users/Compaq/Docum
ents/vakken/afstudeerstage/svn_report/report/twoPeopleToiletSituation.png (PNG 
copy)>] [42 <C:/Users/Compaq/Documents/vakken/afstudeerstage/svn_report/report/
pillarSituation.png (PNG copy)>]
Overfull \hbox (3.0042pt too wide) in paragraph at lines 644--644
[]\OT1/cmr/bx/n/12 Connecting MA-SON and the Sit-u-a-tions Frame-
 []


Overfull \hbox (1.22285pt too wide) in paragraph at lines 645--646
\OT1/cmr/m/n/10 cause the sit-u-a-tions frame-work has been im-ple-mented with 
the prospect
 []

[43] <framework.png, id=191, 597.73312pt x 303.38344pt>
File: framework.png Graphic file (type png)
 <use framework.png>
(C:\Users\Compaq\Documents\vakken\afstudeerstage\svn_report\report\SIMOBS_thesi
s_merged.bbl [44 <C:/Users/Compaq/Documents/vakken/afstudeerstage/svn_report/re
port/framework.png>]
Missing character: There is no ï in font cmti10!
Missing character: There is no ¿ in font cmti10!
Missing character: There is no ½ in font cmti10!
 [45]) [46]
(C:\Users\Compaq\Documents\vakken\afstudeerstage\svn_report\report\SIMOBS_thesi
s_merged.aux)

LaTeX Warning: There were multiply-defined labels.

 ) 
Here is how much of TeX's memory you used:
 8042 strings out of 495285
 158267 string characters out of 3179875
 193555 words of memory out of 3000000
 11046 multiletter control sequences out of 15000+200000
 10705 words of font info for 37 fonts, out of 3000000 for 9000
 14 hyphenation exceptions out of 8191
 54i,9n,78p,2190b,654s stack positions out of 5000i,500n,10000p,200000b,50000s
<C:/Program Files (x86)/MiKTeX 2.8/fonts/type1/public/amsfonts/cm/cmbx10.pfb>
<C:/Program Files (x86)/MiKTeX 2.8/fonts/type1/public/amsfonts/cm/cmbx12.pfb><C
:/Program Files (x86)/MiKTeX 2.8/fonts/type1/public/amsfonts/cm/cmmi10.pfb><C:/
Program Files (x86)/MiKTeX 2.8/fonts/type1/public/amsfonts/cm/cmmi5.pfb><C:/Pro
gram Files (x86)/MiKTeX 2.8/fonts/type1/public/amsfonts/cm/cmmi7.pfb><C:/Progra
m Files (x86)/MiKTeX 2.8/fonts/type1/public/amsfonts/cm/cmr10.pfb><C:/Program F
iles (x86)/MiKTeX 2.8/fonts/type1/public/amsfonts/cm/cmr12.pfb><C:/Program File
s (x86)/MiKTeX 2.8/fonts/type1/public/amsfonts/cm/cmr17.pfb><C:/Program Files (
x86)/MiKTeX 2.8/fonts/type1/public/amsfonts/cm/cmr5.pfb><C:/Program Files (x86)
/MiKTeX 2.8/fonts/type1/public/amsfonts/cm/cmr7.pfb><C:/Program Files (x86)/MiK
TeX 2.8/fonts/type1/public/amsfonts/cm/cmsy10.pfb><C:/Program Files (x86)/MiKTe
X 2.8/fonts/type1/public/amsfonts/cm/cmsy5.pfb><C:/Program Files (x86)/MiKTeX 2
.8/fonts/type1/public/amsfonts/cm/cmsy7.pfb><C:/Program Files (x86)/MiKTeX 2.8/
fonts/type1/public/amsfonts/cm/cmti10.pfb>
Output written on SIMOBS_thesis_merged.pdf (46 pages, 470459 bytes).
PDF statistics:
 247 PDF objects out of 1000 (max. 8388607)
 0 named destinations out of 1000 (max. 500000)
 198 words of extra memory for PDF output out of 10000 (max. 10000000)

