This is pdfTeX, Version 3.1415926-2.5-1.40.14 (TeX Live 2013/Debian) (format=pdflatex 2014.10.19)  5 NOV 2014 16:18
entering extended mode
 restricted \write18 enabled.
 %&-line parsing enabled.
**simobs_results.tex
(./simobs_results.tex
LaTeX2e <2011/06/27>
Babel <3.9h> and hyphenation patterns for 2 languages loaded.
(/usr/share/texlive/texmf-dist/tex/latex/base/book.cls
Document Class: book 2007/10/19 v1.4h Standard LaTeX document class
(/usr/share/texlive/texmf-dist/tex/latex/base/bk11.clo
File: bk11.clo 2007/10/19 v1.4h Standard LaTeX file (size option)
)
\c@part=\count79
\c@chapter=\count80
\c@section=\count81
\c@subsection=\count82
\c@subsubsection=\count83
\c@paragraph=\count84
\c@subparagraph=\count85
\c@figure=\count86
\c@table=\count87
\abovecaptionskip=\skip41
\belowcaptionskip=\skip42
\bibindent=\dimen102
)
(/usr/share/texlive/texmf-dist/tex/latex/caption/caption.sty
Package: caption 2013/05/02 v3.3-89 Customizing captions (AR)

(/usr/share/texlive/texmf-dist/tex/latex/caption/caption3.sty
Package: caption3 2013/05/02 v1.6-88 caption3 kernel (AR)
Package caption3 Info: TeX engine: e-TeX on input line 57.

(/usr/share/texlive/texmf-dist/tex/latex/graphics/keyval.sty
Package: keyval 1999/03/16 v1.13 key=value parser (DPC)
\KV@toks@=\toks14
)
\captionmargin=\dimen103
\captionmargin@=\dimen104
\captionwidth=\dimen105
\caption@tempdima=\dimen106
\caption@indent=\dimen107
\caption@parindent=\dimen108
\caption@hangindent=\dimen109
)
\c@ContinuedFloat=\count88
) (./titling.sty
Package: titling 2009/09/04 v2.1d maketitle typesetting
\thanksmarkwidth=\skip43
\thanksmargin=\skip44
\droptitle=\skip45
) (./titlepic.sty
Package: titlepic 2009/08/03 1.1 Package to display a picture on the title page

) (./todonotes.sty
Package: todonotes 2011/03/07 .dtx Todonotes source and documentation.
Package: todonotes 2011/03/07

(/usr/share/texlive/texmf-dist/tex/latex/base/ifthen.sty
Package: ifthen 2001/05/26 v1.1c Standard LaTeX ifthen package (DPC)
)
(/usr/share/texlive/texmf-dist/tex/latex/xkeyval/xkeyval.sty
Package: xkeyval 2012/10/14 v2.6b package option processing (HA)

(/usr/share/texlive/texmf-dist/tex/generic/xkeyval/xkeyval.tex
\XKV@toks=\toks15
\XKV@tempa@toks=\toks16
\XKV@depth=\count89
File: xkeyval.tex 2012/10/14 v2.6b key=value parser (HA)
))
(/usr/share/texmf/tex/latex/xcolor/xcolor.sty
Package: xcolor 2007/01/21 v2.11 LaTeX color extensions (UK)

(/usr/share/texlive/texmf-dist/tex/latex/latexconfig/color.cfg
File: color.cfg 2007/01/18 v1.5 color configuration of teTeX/TeXLive
)
Package xcolor Info: Driver file: pdftex.def on input line 225.

(/usr/share/texlive/texmf-dist/tex/latex/pdftex-def/pdftex.def
File: pdftex.def 2011/05/27 v0.06d Graphics/color for pdfTeX

(/usr/share/texlive/texmf-dist/tex/generic/oberdiek/infwarerr.sty
Package: infwarerr 2010/04/08 v1.3 Providing info/warning/error messages (HO)
)
(/usr/share/texlive/texmf-dist/tex/generic/oberdiek/ltxcmds.sty
Package: ltxcmds 2011/11/09 v1.22 LaTeX kernel commands for general use (HO)
)
\Gread@gobject=\count90
)
Package xcolor Info: Model `cmy' substituted by `cmy0' on input line 1337.
Package xcolor Info: Model `hsb' substituted by `rgb' on input line 1341.
Package xcolor Info: Model `RGB' extended on input line 1353.
Package xcolor Info: Model `HTML' substituted by `rgb' on input line 1355.
Package xcolor Info: Model `Hsb' substituted by `hsb' on input line 1356.
Package xcolor Info: Model `tHsb' substituted by `hsb' on input line 1357.
Package xcolor Info: Model `HSB' substituted by `hsb' on input line 1358.
Package xcolor Info: Model `Gray' substituted by `gray' on input line 1359.
Package xcolor Info: Model `wave' substituted by `hsb' on input line 1360.
)
(/usr/share/texmf/tex/latex/pgf/frontendlayer/tikz.sty
(/usr/share/texmf/tex/latex/pgf/basiclayer/pgf.sty
(/usr/share/texmf/tex/latex/pgf/utilities/pgfrcs.sty
(/usr/share/texmf/tex/generic/pgf/utilities/pgfutil-common.tex
\pgfutil@everybye=\toks17
)
(/usr/share/texmf/tex/generic/pgf/utilities/pgfutil-latex.def
\pgfutil@abb=\box26

(/usr/share/texlive/texmf-dist/tex/latex/ms/everyshi.sty
Package: everyshi 2001/05/15 v3.00 EveryShipout Package (MS)
))
(/usr/share/texmf/tex/generic/pgf/utilities/pgfrcs.code.tex
Package: pgfrcs 2010/10/25 v2.10 (rcs-revision 1.24)
))
Package: pgf 2008/01/15 v2.10 (rcs-revision 1.12)

(/usr/share/texmf/tex/latex/pgf/basiclayer/pgfcore.sty
(/usr/share/texlive/texmf-dist/tex/latex/graphics/graphicx.sty
Package: graphicx 1999/02/16 v1.0f Enhanced LaTeX Graphics (DPC,SPQR)

(/usr/share/texlive/texmf-dist/tex/latex/graphics/graphics.sty
Package: graphics 2009/02/05 v1.0o Standard LaTeX Graphics (DPC,SPQR)

(/usr/share/texlive/texmf-dist/tex/latex/graphics/trig.sty
Package: trig 1999/03/16 v1.09 sin cos tan (DPC)
)
(/usr/share/texlive/texmf-dist/tex/latex/latexconfig/graphics.cfg
File: graphics.cfg 2010/04/23 v1.9 graphics configuration of TeX Live
)
Package graphics Info: Driver file: pdftex.def on input line 91.
)
\Gin@req@height=\dimen110
\Gin@req@width=\dimen111
)
(/usr/share/texmf/tex/latex/pgf/systemlayer/pgfsys.sty
(/usr/share/texmf/tex/generic/pgf/systemlayer/pgfsys.code.tex
Package: pgfsys 2010/06/30 v2.10 (rcs-revision 1.37)

(/usr/share/texmf/tex/generic/pgf/utilities/pgfkeys.code.tex
\pgfkeys@pathtoks=\toks18
\pgfkeys@temptoks=\toks19

(/usr/share/texmf/tex/generic/pgf/utilities/pgfkeysfiltered.code.tex
\pgfkeys@tmptoks=\toks20
))
\pgf@x=\dimen112
\pgf@y=\dimen113
\pgf@xa=\dimen114
\pgf@ya=\dimen115
\pgf@xb=\dimen116
\pgf@yb=\dimen117
\pgf@xc=\dimen118
\pgf@yc=\dimen119
\w@pgf@writea=\write3
\r@pgf@reada=\read1
\c@pgf@counta=\count91
\c@pgf@countb=\count92
\c@pgf@countc=\count93
\c@pgf@countd=\count94

(/usr/share/texmf/tex/generic/pgf/systemlayer/pgf.cfg
File: pgf.cfg 2008/05/14  (rcs-revision 1.7)
)
Package pgfsys Info: Driver file for pgf: pgfsys-pdftex.def on input line 900.

(/usr/share/texmf/tex/generic/pgf/systemlayer/pgfsys-pdftex.def
File: pgfsys-pdftex.def 2009/05/22  (rcs-revision 1.26)

(/usr/share/texmf/tex/generic/pgf/systemlayer/pgfsys-common-pdf.def
File: pgfsys-common-pdf.def 2008/05/19  (rcs-revision 1.10)
)))
(/usr/share/texmf/tex/generic/pgf/systemlayer/pgfsyssoftpath.code.tex
File: pgfsyssoftpath.code.tex 2008/07/18  (rcs-revision 1.7)
\pgfsyssoftpath@smallbuffer@items=\count95
\pgfsyssoftpath@bigbuffer@items=\count96
)
(/usr/share/texmf/tex/generic/pgf/systemlayer/pgfsysprotocol.code.tex
File: pgfsysprotocol.code.tex 2006/10/16  (rcs-revision 1.4)
))
(/usr/share/texmf/tex/generic/pgf/basiclayer/pgfcore.code.tex
Package: pgfcore 2010/04/11 v2.10 (rcs-revision 1.7)

(/usr/share/texmf/tex/generic/pgf/math/pgfmath.code.tex
(/usr/share/texmf/tex/generic/pgf/math/pgfmathcalc.code.tex
(/usr/share/texmf/tex/generic/pgf/math/pgfmathutil.code.tex)
(/usr/share/texmf/tex/generic/pgf/math/pgfmathparser.code.tex
\pgfmath@dimen=\dimen120
\pgfmath@count=\count97
\pgfmath@box=\box27
\pgfmath@toks=\toks21
\pgfmath@stack@operand=\toks22
\pgfmath@stack@operation=\toks23
)
(/usr/share/texmf/tex/generic/pgf/math/pgfmathfunctions.code.tex
(/usr/share/texmf/tex/generic/pgf/math/pgfmathfunctions.basic.code.tex)
(/usr/share/texmf/tex/generic/pgf/math/pgfmathfunctions.trigonometric.code.tex)
(/usr/share/texmf/tex/generic/pgf/math/pgfmathfunctions.random.code.tex)
(/usr/share/texmf/tex/generic/pgf/math/pgfmathfunctions.comparison.code.tex)
(/usr/share/texmf/tex/generic/pgf/math/pgfmathfunctions.base.code.tex)
(/usr/share/texmf/tex/generic/pgf/math/pgfmathfunctions.round.code.tex)
(/usr/share/texmf/tex/generic/pgf/math/pgfmathfunctions.misc.code.tex)))
(/usr/share/texmf/tex/generic/pgf/math/pgfmathfloat.code.tex
\c@pgfmathroundto@lastzeros=\count98
))
(/usr/share/texmf/tex/generic/pgf/basiclayer/pgfcorepoints.code.tex
File: pgfcorepoints.code.tex 2010/04/09  (rcs-revision 1.20)
\pgf@picminx=\dimen121
\pgf@picmaxx=\dimen122
\pgf@picminy=\dimen123
\pgf@picmaxy=\dimen124
\pgf@pathminx=\dimen125
\pgf@pathmaxx=\dimen126
\pgf@pathminy=\dimen127
\pgf@pathmaxy=\dimen128
\pgf@xx=\dimen129
\pgf@xy=\dimen130
\pgf@yx=\dimen131
\pgf@yy=\dimen132
\pgf@zx=\dimen133
\pgf@zy=\dimen134
)
(/usr/share/texmf/tex/generic/pgf/basiclayer/pgfcorepathconstruct.code.tex
File: pgfcorepathconstruct.code.tex 2010/08/03  (rcs-revision 1.24)
\pgf@path@lastx=\dimen135
\pgf@path@lasty=\dimen136
)
(/usr/share/texmf/tex/generic/pgf/basiclayer/pgfcorepathusage.code.tex
File: pgfcorepathusage.code.tex 2008/04/22  (rcs-revision 1.12)
\pgf@shorten@end@additional=\dimen137
\pgf@shorten@start@additional=\dimen138
)
(/usr/share/texmf/tex/generic/pgf/basiclayer/pgfcorescopes.code.tex
File: pgfcorescopes.code.tex 2010/09/08  (rcs-revision 1.34)
\pgfpic=\box28
\pgf@hbox=\box29
\pgf@layerbox@main=\box30
\pgf@picture@serial@count=\count99
)
(/usr/share/texmf/tex/generic/pgf/basiclayer/pgfcoregraphicstate.code.tex
File: pgfcoregraphicstate.code.tex 2008/04/22  (rcs-revision 1.9)
\pgflinewidth=\dimen139
)
(/usr/share/texmf/tex/generic/pgf/basiclayer/pgfcoretransformations.code.tex
File: pgfcoretransformations.code.tex 2009/06/10  (rcs-revision 1.11)
\pgf@pt@x=\dimen140
\pgf@pt@y=\dimen141
\pgf@pt@temp=\dimen142
)
(/usr/share/texmf/tex/generic/pgf/basiclayer/pgfcorequick.code.tex
File: pgfcorequick.code.tex 2008/10/09  (rcs-revision 1.3)
)
(/usr/share/texmf/tex/generic/pgf/basiclayer/pgfcoreobjects.code.tex
File: pgfcoreobjects.code.tex 2006/10/11  (rcs-revision 1.2)
)
(/usr/share/texmf/tex/generic/pgf/basiclayer/pgfcorepathprocessing.code.tex
File: pgfcorepathprocessing.code.tex 2008/10/09  (rcs-revision 1.8)
)
(/usr/share/texmf/tex/generic/pgf/basiclayer/pgfcorearrows.code.tex
File: pgfcorearrows.code.tex 2008/04/23  (rcs-revision 1.11)
)
(/usr/share/texmf/tex/generic/pgf/basiclayer/pgfcoreshade.code.tex
File: pgfcoreshade.code.tex 2008/11/23  (rcs-revision 1.13)
\pgf@max=\dimen143
\pgf@sys@shading@range@num=\count100
)
(/usr/share/texmf/tex/generic/pgf/basiclayer/pgfcoreimage.code.tex
File: pgfcoreimage.code.tex 2010/03/25  (rcs-revision 1.16)

(/usr/share/texmf/tex/generic/pgf/basiclayer/pgfcoreexternal.code.tex
File: pgfcoreexternal.code.tex 2010/09/01  (rcs-revision 1.17)
\pgfexternal@startupbox=\box31
))
(/usr/share/texmf/tex/generic/pgf/basiclayer/pgfcorelayers.code.tex
File: pgfcorelayers.code.tex 2010/08/27  (rcs-revision 1.2)
)
(/usr/share/texmf/tex/generic/pgf/basiclayer/pgfcoretransparency.code.tex
File: pgfcoretransparency.code.tex 2008/01/17  (rcs-revision 1.2)
)
(/usr/share/texmf/tex/generic/pgf/basiclayer/pgfcorepatterns.code.tex
File: pgfcorepatterns.code.tex 2009/07/02  (rcs-revision 1.3)
)))
(/usr/share/texmf/tex/generic/pgf/modules/pgfmoduleshapes.code.tex
File: pgfmoduleshapes.code.tex 2010/09/09  (rcs-revision 1.13)
\pgfnodeparttextbox=\box32
)
(/usr/share/texmf/tex/generic/pgf/modules/pgfmoduleplot.code.tex
File: pgfmoduleplot.code.tex 2010/10/22  (rcs-revision 1.8)
)
(/usr/share/texmf/tex/latex/pgf/compatibility/pgfcomp-version-0-65.sty
Package: pgfcomp-version-0-65 2007/07/03 v2.10 (rcs-revision 1.7)
\pgf@nodesepstart=\dimen144
\pgf@nodesepend=\dimen145
)
(/usr/share/texmf/tex/latex/pgf/compatibility/pgfcomp-version-1-18.sty
Package: pgfcomp-version-1-18 2007/07/23 v2.10 (rcs-revision 1.1)
))
(/usr/share/texmf/tex/latex/pgf/utilities/pgffor.sty
(/usr/share/texmf/tex/latex/pgf/utilities/pgfkeys.sty
(/usr/share/texmf/tex/generic/pgf/utilities/pgfkeys.code.tex))
(/usr/share/texmf/tex/generic/pgf/utilities/pgffor.code.tex
Package: pgffor 2010/03/23 v2.10 (rcs-revision 1.18)
\pgffor@iter=\dimen146
\pgffor@skip=\dimen147
\pgffor@stack=\toks24
\pgffor@toks=\toks25
))
(/usr/share/texmf/tex/generic/pgf/frontendlayer/tikz/tikz.code.tex
Package: tikz 2010/10/13 v2.10 (rcs-revision 1.76)

(/usr/share/texmf/tex/generic/pgf/libraries/pgflibraryplothandlers.code.tex
File: pgflibraryplothandlers.code.tex 2010/05/31 v2.10 (rcs-revision 1.15)
\pgf@plot@mark@count=\count101
\pgfplotmarksize=\dimen148
)
\tikz@lastx=\dimen149
\tikz@lasty=\dimen150
\tikz@lastxsaved=\dimen151
\tikz@lastysaved=\dimen152
\tikzleveldistance=\dimen153
\tikzsiblingdistance=\dimen154
\tikz@figbox=\box33
\tikz@tempbox=\box34
\tikztreelevel=\count102
\tikznumberofchildren=\count103
\tikznumberofcurrentchild=\count104
\tikz@fig@count=\count105

(/usr/share/texmf/tex/generic/pgf/modules/pgfmodulematrix.code.tex
File: pgfmodulematrix.code.tex 2010/08/24  (rcs-revision 1.4)
\pgfmatrixcurrentrow=\count106
\pgfmatrixcurrentcolumn=\count107
\pgf@matrix@numberofcolumns=\count108
)
\tikz@expandcount=\count109

(/usr/share/texmf/tex/generic/pgf/frontendlayer/tikz/libraries/tikzlibrarytopat
hs.code.tex
File: tikzlibrarytopaths.code.tex 2008/06/17 v2.10 (rcs-revision 1.2)
))) (/usr/share/texlive/texmf-dist/tex/latex/tools/calc.sty
Package: calc 2007/08/22 v4.3 Infix arithmetic (KKT,FJ)
\calc@Acount=\count110
\calc@Bcount=\count111
\calc@Adimen=\dimen155
\calc@Bdimen=\dimen156
\calc@Askip=\skip46
\calc@Bskip=\skip47
LaTeX Info: Redefining \setlength on input line 76.
LaTeX Info: Redefining \addtolength on input line 77.
\calc@Ccount=\count112
\calc@Cskip=\skip48
)
\c@@todonotes@numberoftodonotes=\count113
)
(/usr/share/texlive/texmf-dist/tex/latex/booktabs/booktabs.sty
Package: booktabs 2005/04/14 v1.61803 publication quality tables
\heavyrulewidth=\dimen157
\lightrulewidth=\dimen158
\cmidrulewidth=\dimen159
\belowrulesep=\dimen160
\belowbottomsep=\dimen161
\aboverulesep=\dimen162
\abovetopsep=\dimen163
\cmidrulesep=\dimen164
\cmidrulekern=\dimen165
\defaultaddspace=\dimen166
\@cmidla=\count114
\@cmidlb=\count115
\@aboverulesep=\dimen167
\@belowrulesep=\dimen168
\@thisruleclass=\count116
\@lastruleclass=\count117
\@thisrulewidth=\dimen169
)
(/usr/share/texlive/texmf-dist/tex/latex/caption/subcaption.sty
Package: subcaption 2013/02/03 v1.1-62 Sub-captions (AR)
\c@subfigure=\count118
\c@subtable=\count119
)
(/usr/share/texlive/texmf-dist/tex/latex/hyperref/hyperref.sty
Package: hyperref 2012/11/06 v6.83m Hypertext links for LaTeX

(/usr/share/texlive/texmf-dist/tex/generic/oberdiek/hobsub-hyperref.sty
Package: hobsub-hyperref 2012/05/28 v1.13 Bundle oberdiek, subset hyperref (HO)


(/usr/share/texlive/texmf-dist/tex/generic/oberdiek/hobsub-generic.sty
Package: hobsub-generic 2012/05/28 v1.13 Bundle oberdiek, subset generic (HO)
Package: hobsub 2012/05/28 v1.13 Construct package bundles (HO)
Package hobsub Info: Skipping package `infwarerr' (already loaded).
Package hobsub Info: Skipping package `ltxcmds' (already loaded).
Package: ifluatex 2010/03/01 v1.3 Provides the ifluatex switch (HO)
Package ifluatex Info: LuaTeX not detected.
Package: ifvtex 2010/03/01 v1.5 Detect VTeX and its facilities (HO)
Package ifvtex Info: VTeX not detected.
Package: intcalc 2007/09/27 v1.1 Expandable calculations with integers (HO)
Package: ifpdf 2011/01/30 v2.3 Provides the ifpdf switch (HO)
Package ifpdf Info: pdfTeX in PDF mode is detected.
Package: etexcmds 2011/02/16 v1.5 Avoid name clashes with e-TeX commands (HO)
Package etexcmds Info: Could not find \expanded.
(etexcmds)             That can mean that you are not using pdfTeX 1.50 or
(etexcmds)             that some package has redefined \expanded.
(etexcmds)             In the latter case, load this package earlier.
Package: kvsetkeys 2012/04/25 v1.16 Key value parser (HO)
Package: kvdefinekeys 2011/04/07 v1.3 Define keys (HO)
Package: pdftexcmds 2011/11/29 v0.20 Utility functions of pdfTeX for LuaTeX (HO
)
Package pdftexcmds Info: LuaTeX not detected.
Package pdftexcmds Info: \pdf@primitive is available.
Package pdftexcmds Info: \pdf@ifprimitive is available.
Package pdftexcmds Info: \pdfdraftmode found.
Package: pdfescape 2011/11/25 v1.13 Implements pdfTeX's escape features (HO)
Package: bigintcalc 2012/04/08 v1.3 Expandable calculations on big integers (HO
)
Package: bitset 2011/01/30 v1.1 Handle bit-vector datatype (HO)
Package: uniquecounter 2011/01/30 v1.2 Provide unlimited unique counter (HO)
)
Package hobsub Info: Skipping package `hobsub' (already loaded).
Package: letltxmacro 2010/09/02 v1.4 Let assignment for LaTeX macros (HO)
Package: hopatch 2012/05/28 v1.2 Wrapper for package hooks (HO)
Package: xcolor-patch 2011/01/30 xcolor patch
Package: atveryend 2011/06/30 v1.8 Hooks at the very end of document (HO)
Package atveryend Info: \enddocument detected (standard20110627).
Package: atbegshi 2011/10/05 v1.16 At begin shipout hook (HO)
Package: refcount 2011/10/16 v3.4 Data extraction from label references (HO)
Package: hycolor 2011/01/30 v1.7 Color options for hyperref/bookmark (HO)
)
(/usr/share/texlive/texmf-dist/tex/generic/ifxetex/ifxetex.sty
Package: ifxetex 2010/09/12 v0.6 Provides ifxetex conditional
)
(/usr/share/texlive/texmf-dist/tex/latex/oberdiek/auxhook.sty
Package: auxhook 2011/03/04 v1.3 Hooks for auxiliary files (HO)
)
(/usr/share/texlive/texmf-dist/tex/latex/oberdiek/kvoptions.sty
Package: kvoptions 2011/06/30 v3.11 Key value format for package options (HO)
)
\@linkdim=\dimen170
\Hy@linkcounter=\count120
\Hy@pagecounter=\count121

(/usr/share/texlive/texmf-dist/tex/latex/hyperref/pd1enc.def
File: pd1enc.def 2012/11/06 v6.83m Hyperref: PDFDocEncoding definition (HO)
)
\Hy@SavedSpaceFactor=\count122

(/usr/share/texlive/texmf-dist/tex/latex/latexconfig/hyperref.cfg
File: hyperref.cfg 2002/06/06 v1.2 hyperref configuration of TeXLive
)
Package hyperref Info: Hyper figures OFF on input line 4443.
Package hyperref Info: Link nesting OFF on input line 4448.
Package hyperref Info: Hyper index ON on input line 4451.
Package hyperref Info: Plain pages OFF on input line 4458.
Package hyperref Info: Backreferencing OFF on input line 4463.
Package hyperref Info: Implicit mode ON; LaTeX internals redefined.
Package hyperref Info: Bookmarks ON on input line 4688.
\c@Hy@tempcnt=\count123

(/usr/share/texlive/texmf-dist/tex/latex/url/url.sty
\Urlmuskip=\muskip10
Package: url 2013/09/16  ver 3.4  Verb mode for urls, etc.
)
LaTeX Info: Redefining \url on input line 5041.
\XeTeXLinkMargin=\dimen171
\Fld@menulength=\count124
\Field@Width=\dimen172
\Fld@charsize=\dimen173
Package hyperref Info: Hyper figures OFF on input line 6295.
Package hyperref Info: Link nesting OFF on input line 6300.
Package hyperref Info: Hyper index ON on input line 6303.
Package hyperref Info: backreferencing OFF on input line 6310.
Package hyperref Info: Link coloring OFF on input line 6315.
Package hyperref Info: Link coloring with OCG OFF on input line 6320.
Package hyperref Info: PDF/A mode OFF on input line 6325.
LaTeX Info: Redefining \ref on input line 6365.
LaTeX Info: Redefining \pageref on input line 6369.
\Hy@abspage=\count125
\c@Item=\count126
\c@Hfootnote=\count127
)

Package hyperref Message: Driver (autodetected): hpdftex.

(/usr/share/texlive/texmf-dist/tex/latex/hyperref/hpdftex.def
File: hpdftex.def 2012/11/06 v6.83m Hyperref driver for pdfTeX
\Fld@listcount=\count128
\c@bookmark@seq@number=\count129

(/usr/share/texlive/texmf-dist/tex/latex/oberdiek/rerunfilecheck.sty
Package: rerunfilecheck 2011/04/15 v1.7 Rerun checks for auxiliary files (HO)
Package uniquecounter Info: New unique counter `rerunfilecheck' on input line 2
82.
)
\Hy@SectionHShift=\skip49
)
(./comment.sty Excluding comment 'comment') (./algpseudocode.sty
Package: algpseudocode 

(./algorithmicx.sty
Package: algorithmicx 2005/04/27 v1.2 Algorithmicx

Document Style algorithmicx 1.2 - a greatly improved `algorithmic' style
\c@ALG@line=\count130
\c@ALG@rem=\count131
\c@ALG@nested=\count132
\ALG@tlm=\skip50
\ALG@thistlm=\skip51
\c@ALG@Lnr=\count133
\c@ALG@blocknr=\count134
\c@ALG@storecount=\count135
\c@ALG@tmpcounter=\count136
\ALG@tmplength=\skip52
)
Document Style - pseudocode environments for use with the `algorithmicx' style
) (./algorithm.sty
\c@algorithm=\count137
\Blockindent=\skip53
\algorithmindent=\skip54
) (./simobs_results.aux)
\openout1 = `simobs_results.aux'.

LaTeX Font Info:    Checking defaults for OML/cmm/m/it on input line 9.
LaTeX Font Info:    ... okay on input line 9.
LaTeX Font Info:    Checking defaults for T1/cmr/m/n on input line 9.
LaTeX Font Info:    ... okay on input line 9.
LaTeX Font Info:    Checking defaults for OT1/cmr/m/n on input line 9.
LaTeX Font Info:    ... okay on input line 9.
LaTeX Font Info:    Checking defaults for OMS/cmsy/m/n on input line 9.
LaTeX Font Info:    ... okay on input line 9.
LaTeX Font Info:    Checking defaults for OMX/cmex/m/n on input line 9.
LaTeX Font Info:    ... okay on input line 9.
LaTeX Font Info:    Checking defaults for U/cmr/m/n on input line 9.
LaTeX Font Info:    ... okay on input line 9.
LaTeX Font Info:    Checking defaults for PD1/pdf/m/n on input line 9.
LaTeX Font Info:    ... okay on input line 9.
Package caption Info: Begin \AtBeginDocument code.
Package caption Info: hyperref package is loaded.
Package caption Info: End \AtBeginDocument code.

(/usr/share/texlive/texmf-dist/tex/context/base/supp-pdf.mkii
[Loading MPS to PDF converter (version 2006.09.02).]
\scratchcounter=\count138
\scratchdimen=\dimen174
\scratchbox=\box35
\nofMPsegments=\count139
\nofMParguments=\count140
\everyMPshowfont=\toks26
\MPscratchCnt=\count141
\MPscratchDim=\dimen175
\MPnumerator=\count142
\makeMPintoPDFobject=\count143
\everyMPtoPDFconversion=\toks27
) ABD: EveryShipout initializing macros
(/usr/share/texlive/texmf-dist/tex/latex/oberdiek/epstopdf-base.sty
Package: epstopdf-base 2010/02/09 v2.5 Base part for package epstopdf

(/usr/share/texlive/texmf-dist/tex/latex/oberdiek/grfext.sty
Package: grfext 2010/08/19 v1.1 Manage graphics extensions (HO)
)
Package grfext Info: Graphics extension search list:
(grfext)             [.png,.pdf,.jpg,.mps,.jpeg,.jbig2,.jb2,.PNG,.PDF,.JPG,.JPE
G,.JBIG2,.JB2,.eps]
(grfext)             \AppendGraphicsExtensions on input line 452.

(/usr/share/texlive/texmf-dist/tex/latex/latexconfig/epstopdf-sys.cfg
File: epstopdf-sys.cfg 2010/07/13 v1.3 Configuration of (r)epstopdf for TeX Liv
e
))
\AtBeginShipoutBox=\box36
Package hyperref Info: Link coloring OFF on input line 9.

(/usr/share/texlive/texmf-dist/tex/latex/hyperref/nameref.sty
Package: nameref 2012/10/27 v2.43 Cross-referencing by name of section

(/usr/share/texlive/texmf-dist/tex/generic/oberdiek/gettitlestring.sty
Package: gettitlestring 2010/12/03 v1.4 Cleanup title references (HO)
)
\c@section@level=\count144
)
LaTeX Info: Redefining \ref on input line 9.
LaTeX Info: Redefining \pageref on input line 9.
LaTeX Info: Redefining \nameref on input line 9.

(./simobs_results.out) (./simobs_results.out)
\@outlinefile=\write4
\openout4 = `simobs_results.out'.


Chapter 1.
Missing character: There is no Â in font cmr10!
Missing character: There is no ¨ in font cmr10!
Missing character: There is no Â in font cmr10!
Missing character: There is no ¨ in font cmr10!
Package hyperref Info: bookmark level for unknown todo defaults to 0 on input l
ine 19.

</home/djura/vakken/svn_afstudeerstage/deadline-driven-behavior/report/petrinet
_pictures/pillarSituation.png, id=30, 371.3875pt x 265.99374pt>
File: /home/djura/vakken/svn_afstudeerstage/deadline-driven-behavior/report/pet
rinet_pictures/pillarSituation.png Graphic file (type png)

<use /home/djura/vakken/svn_afstudeerstage/deadline-driven-behavior/report/petr
inet_pictures/pillarSituation.png>
Package pdftex.def Info: /home/djura/vakken/svn_afstudeerstage/deadline-driven-
behavior/report/petrinet_pictures/pillarSituation.png used on input line 23.
(pdftex.def)             Requested size: 251.9989pt x 180.48776pt.

</home/djura/vakken/svn_afstudeerstage/deadline-driven-behavior/report/petrinet
_pictures/standStillSituation.png, id=31, 235.88126pt x 250.9375pt>
File: /home/djura/vakken/svn_afstudeerstage/deadline-driven-behavior/report/pet
rinet_pictures/standStillSituation.png Graphic file (type png)

<use /home/djura/vakken/svn_afstudeerstage/deadline-driven-behavior/report/petr
inet_pictures/standStillSituation.png>
Package pdftex.def Info: /home/djura/vakken/svn_afstudeerstage/deadline-driven-
behavior/report/petrinet_pictures/standStillSituation.png used on input line 30
.
(pdftex.def)             Requested size: 143.9978pt x 153.19034pt.

</home/djura/vakken/svn_afstudeerstage/deadline-driven-behavior/report/petrinet
_pictures/twoPeopleToiletSituation.png, id=32, 722.7pt x 444.66125pt>
File: /home/djura/vakken/svn_afstudeerstage/deadline-driven-behavior/report/pet
rinet_pictures/twoPeopleToiletSituation.png Graphic file (type png)

<use /home/djura/vakken/svn_afstudeerstage/deadline-driven-behavior/report/petr
inet_pictures/twoPeopleToiletSituation.png>
Package pdftex.def Info: /home/djura/vakken/svn_afstudeerstage/deadline-driven-
behavior/report/petrinet_pictures/twoPeopleToiletSituation.png used on input li
ne 37.
(pdftex.def)             Requested size: 360.0pt x 221.5023pt.

</home/djura/vakken/svn_afstudeerstage/deadline-driven-behavior/report/petrinet
_pictures/wanderSituation.png, id=33, 301.125pt x 218.8175pt>
File: /home/djura/vakken/svn_afstudeerstage/deadline-driven-behavior/report/pet
rinet_pictures/wanderSituation.png Graphic file (type png)

<use /home/djura/vakken/svn_afstudeerstage/deadline-driven-behavior/report/petr
inet_pictures/wanderSituation.png>
Package pdftex.def Info: /home/djura/vakken/svn_afstudeerstage/deadline-driven-
behavior/report/petrinet_pictures/wanderSituation.png used on input line 44.
(pdftex.def)             Requested size: 180.0pt x 130.80403pt.

Underfull \vbox (badness 10000) has occurred while \output is active []

 [1


{/var/lib/texmf/fonts/map/pdftex/updmap/pdftex.map}] [2 </home/djura/vakken/svn
_afstudeerstage/deadline-driven-behavior/report/petrinet_pictures/pillarSituati
on.png (PNG copy)> </home/djura/vakken/svn_afstudeerstage/deadline-driven-behav
ior/report/petrinet_pictures/standStillSituation.png (PNG copy)>] [3 </home/dju
ra/vakken/svn_afstudeerstage/deadline-driven-behavior/report/petrinet_pictures/
twoPeopleToiletSituation.png (PNG copy)> </home/djura/vakken/svn_afstudeerstage
/deadline-driven-behavior/report/petrinet_pictures/wanderSituation.png (PNG cop
y)>]
[4]
</home/djura/vakken/svn_afstudeerstage/deadline-driven-behavior/hulpscriptjes/g
oodresults/linear0to1goal1to0.png, id=71, 1349.04pt x 762.047pt>
File: /home/djura/vakken/svn_afstudeerstage/deadline-driven-behavior/hulpscript
jes/goodresults/linear0to1goal1to0.png Graphic file (type png)

<use /home/djura/vakken/svn_afstudeerstage/deadline-driven-behavior/hulpscriptj
es/goodresults/linear0to1goal1to0.png>
Package pdftex.def Info: /home/djura/vakken/svn_afstudeerstage/deadline-driven-
behavior/hulpscriptjes/goodresults/linear0to1goal1to0.png used on input line 70
.
(pdftex.def)             Requested size: 360.0pt x 203.34846pt.
LaTeX Font Info:    External font `cmex10' loaded for size
(Font)              <10.95> on input line 71.
LaTeX Font Info:    External font `cmex10' loaded for size
(Font)              <8> on input line 71.
LaTeX Font Info:    External font `cmex10' loaded for size
(Font)              <6> on input line 71.

</home/djura/vakken/svn_afstudeerstage/deadline-driven-behavior/hulpscriptjes/g
oodresults/sigmoid100_0_10_1_goal1to0.png, id=72, 1349.04pt x 762.047pt>
File: /home/djura/vakken/svn_afstudeerstage/deadline-driven-behavior/hulpscript
jes/goodresults/sigmoid100_0_10_1_goal1to0.png Graphic file (type png)

<use /home/djura/vakken/svn_afstudeerstage/deadline-driven-behavior/hulpscriptj
es/goodresults/sigmoid100_0_10_1_goal1to0.png>
Package pdftex.def Info: /home/djura/vakken/svn_afstudeerstage/deadline-driven-
behavior/hulpscriptjes/goodresults/sigmoid100_0_10_1_goal1to0.png used on input
 line 76.
(pdftex.def)             Requested size: 360.0pt x 203.34846pt.

</home/djura/vakken/svn_afstudeerstage/deadline-driven-behavior/hulpscriptjes/g
oodresults/gaussian200_50_1_goal1to0.png, id=73, 1349.04pt x 762.047pt>
File: /home/djura/vakken/svn_afstudeerstage/deadline-driven-behavior/hulpscript
jes/goodresults/gaussian200_50_1_goal1to0.png Graphic file (type png)

<use /home/djura/vakken/svn_afstudeerstage/deadline-driven-behavior/hulpscriptj
es/goodresults/gaussian200_50_1_goal1to0.png>
Package pdftex.def Info: /home/djura/vakken/svn_afstudeerstage/deadline-driven-
behavior/hulpscriptjes/goodresults/gaussian200_50_1_goal1to0.png used on input 
line 82.
(pdftex.def)             Requested size: 360.0pt x 203.34846pt.

</home/djura/vakken/svn_afstudeerstage/deadline-driven-behavior/hulpscriptjes/g
oodresults/linear0to1_goal01to0.png, id=77, 1349.04pt x 762.047pt>
File: /home/djura/vakken/svn_afstudeerstage/deadline-driven-behavior/hulpscript
jes/goodresults/linear0to1_goal01to0.png Graphic file (type png)

<use /home/djura/vakken/svn_afstudeerstage/deadline-driven-behavior/hulpscriptj
es/goodresults/linear0to1_goal01to0.png>
Package pdftex.def Info: /home/djura/vakken/svn_afstudeerstage/deadline-driven-
behavior/hulpscriptjes/goodresults/linear0to1_goal01to0.png used on input line 
94.
(pdftex.def)             Requested size: 360.0pt x 203.34846pt.

</home/djura/vakken/svn_afstudeerstage/deadline-driven-behavior/hulpscriptjes/g
oodresults/sigmoid_100_0_10_1goal01to0.png, id=78, 1096.898pt x 535.601pt>
File: /home/djura/vakken/svn_afstudeerstage/deadline-driven-behavior/hulpscript
jes/goodresults/sigmoid_100_0_10_1goal01to0.png Graphic file (type png)

<use /home/djura/vakken/svn_afstudeerstage/deadline-driven-behavior/hulpscriptj
es/goodresults/sigmoid_100_0_10_1goal01to0.png>
Package pdftex.def Info: /home/djura/vakken/svn_afstudeerstage/deadline-driven-
behavior/hulpscriptjes/goodresults/sigmoid_100_0_10_1goal01to0.png used on inpu
t line 101.
(pdftex.def)             Requested size: 360.0pt x 175.7845pt.

</home/djura/vakken/svn_afstudeerstage/deadline-driven-behavior/hulpscriptjes/g
oodresults/gaussian200_50_1_goal01to0.png, id=79, 1349.04pt x 762.047pt>
File: /home/djura/vakken/svn_afstudeerstage/deadline-driven-behavior/hulpscript
jes/goodresults/gaussian200_50_1_goal01to0.png Graphic file (type png)

<use /home/djura/vakken/svn_afstudeerstage/deadline-driven-behavior/hulpscriptj
es/goodresults/gaussian200_50_1_goal01to0.png>
Package pdftex.def Info: /home/djura/vakken/svn_afstudeerstage/deadline-driven-
behavior/hulpscriptjes/goodresults/gaussian200_50_1_goal01to0.png used on input
 line 108.
(pdftex.def)             Requested size: 360.0pt x 203.34846pt.

</home/djura/vakken/svn_afstudeerstage/deadline-driven-behavior/hulpscriptjes/g
oodresults/linear0_1_200_goalsigmoid_100_0_-10_1.png, id=83, 1349.04pt x 762.04
7pt>
File: /home/djura/vakken/svn_afstudeerstage/deadline-driven-behavior/hulpscript
jes/goodresults/linear0_1_200_goalsigmoid_100_0_-10_1.png Graphic file (type pn
g)

<use /home/djura/vakken/svn_afstudeerstage/deadline-driven-behavior/hulpscriptj
es/goodresults/linear0_1_200_goalsigmoid_100_0_-10_1.png>
Package pdftex.def Info: /home/djura/vakken/svn_afstudeerstage/deadline-driven-
behavior/hulpscriptjes/goodresults/linear0_1_200_goalsigmoid_100_0_-10_1.png us
ed on input line 119.
(pdftex.def)             Requested size: 360.0pt x 203.34846pt.

</home/djura/vakken/svn_afstudeerstage/deadline-driven-behavior/hulpscriptjes/g
oodresults/sigmoid100_0_10_1_goalsigmoid100_0_-10_1.png, id=84, 1096.898pt x 53
5.601pt>
File: /home/djura/vakken/svn_afstudeerstage/deadline-driven-behavior/hulpscript
jes/goodresults/sigmoid100_0_10_1_goalsigmoid100_0_-10_1.png Graphic file (type
 png)

<use /home/djura/vakken/svn_afstudeerstage/deadline-driven-behavior/hulpscriptj
es/goodresults/sigmoid100_0_10_1_goalsigmoid100_0_-10_1.png>
Package pdftex.def Info: /home/djura/vakken/svn_afstudeerstage/deadline-driven-
behavior/hulpscriptjes/goodresults/sigmoid100_0_10_1_goalsigmoid100_0_-10_1.png
 used on input line 127.
(pdftex.def)             Requested size: 360.0pt x 175.7845pt.

</home/djura/vakken/svn_afstudeerstage/deadline-driven-behavior/hulpscriptjes/g
oodresults/gaussian200_50_1_goalsigmoid_100_0_-1_1.png, id=85, 1096.898pt x 535
.601pt>
File: /home/djura/vakken/svn_afstudeerstage/deadline-driven-behavior/hulpscript
jes/goodresults/gaussian200_50_1_goalsigmoid_100_0_-1_1.png Graphic file (type 
png)

<use /home/djura/vakken/svn_afstudeerstage/deadline-driven-behavior/hulpscriptj
es/goodresults/gaussian200_50_1_goalsigmoid_100_0_-1_1.png>
Package pdftex.def Info: /home/djura/vakken/svn_afstudeerstage/deadline-driven-
behavior/hulpscriptjes/goodresults/gaussian200_50_1_goalsigmoid_100_0_-1_1.png 
used on input line 134.
(pdftex.def)             Requested size: 360.0pt x 175.7845pt.

</home/djura/vakken/svn_afstudeerstage/deadline-driven-behavior/hulpscriptjes/g
oodresults/sigmoid100_0_10_1_goalgaussian0_50_1.png, id=89, 1096.898pt x 535.60
1pt>
File: /home/djura/vakken/svn_afstudeerstage/deadline-driven-behavior/hulpscript
jes/goodresults/sigmoid100_0_10_1_goalgaussian0_50_1.png Graphic file (type png
)

<use /home/djura/vakken/svn_afstudeerstage/deadline-driven-behavior/hulpscriptj
es/goodresults/sigmoid100_0_10_1_goalgaussian0_50_1.png>
Package pdftex.def Info: /home/djura/vakken/svn_afstudeerstage/deadline-driven-
behavior/hulpscriptjes/goodresults/sigmoid100_0_10_1_goalgaussian0_50_1.png use
d on input line 144.
(pdftex.def)             Requested size: 360.0pt x 175.7845pt.


LaTeX Warning: `h' float specifier changed to `ht'.


</home/djura/vakken/svn_afstudeerstage/deadline-driven-behavior/hulpscriptjes/g
oodresults/linear0_1_200_goalgaussian_0_50_1.png, id=90, 1096.898pt x 535.601pt
>
File: /home/djura/vakken/svn_afstudeerstage/deadline-driven-behavior/hulpscript
jes/goodresults/linear0_1_200_goalgaussian_0_50_1.png Graphic file (type png)

<use /home/djura/vakken/svn_afstudeerstage/deadline-driven-behavior/hulpscriptj
es/goodresults/linear0_1_200_goalgaussian_0_50_1.png>
Package pdftex.def Info: /home/djura/vakken/svn_afstudeerstage/deadline-driven-
behavior/hulpscriptjes/goodresults/linear0_1_200_goalgaussian_0_50_1.png used o
n input line 151.
(pdftex.def)             Requested size: 360.0pt x 175.7845pt.


LaTeX Warning: `h' float specifier changed to `ht'.


</home/djura/vakken/svn_afstudeerstage/deadline-driven-behavior/hulpscriptjes/g
oodresults/gaussian200_50_1_goalgaussian0_50_1.png, id=91, 1096.898pt x 535.601
pt>
File: /home/djura/vakken/svn_afstudeerstage/deadline-driven-behavior/hulpscript
jes/goodresults/gaussian200_50_1_goalgaussian0_50_1.png Graphic file (type png)


<use /home/djura/vakken/svn_afstudeerstage/deadline-driven-behavior/hulpscriptj
es/goodresults/gaussian200_50_1_goalgaussian0_50_1.png>
Package pdftex.def Info: /home/djura/vakken/svn_afstudeerstage/deadline-driven-
behavior/hulpscriptjes/goodresults/gaussian200_50_1_goalgaussian0_50_1.png used
 on input line 158.
(pdftex.def)             Requested size: 360.0pt x 175.7845pt.


LaTeX Warning: `h' float specifier changed to `ht'.


LaTeX Warning: Reference `chap:conclusiondiscusssion' on page 5 undefined on in
put line 163.


LaTeX Warning: Reference `sec:quantitativeexp2' on page 5 undefined on input li
ne 163.


</home/djura/vakken/svn_afstudeerstage/deadline-driven-behavior/hulpscriptjes/g
oodresults/linear0to1goal01.png, id=94, 1349.04pt x 762.047pt>
File: /home/djura/vakken/svn_afstudeerstage/deadline-driven-behavior/hulpscript
jes/goodresults/linear0to1goal01.png Graphic file (type png)

<use /home/djura/vakken/svn_afstudeerstage/deadline-driven-behavior/hulpscriptj
es/goodresults/linear0to1goal01.png>
Package pdftex.def Info: /home/djura/vakken/svn_afstudeerstage/deadline-driven-
behavior/hulpscriptjes/goodresults/linear0to1goal01.png used on input line 169.

(pdftex.def)             Requested size: 360.0pt x 203.34846pt.


LaTeX Warning: `h' float specifier changed to `ht'.

[5] [6 </home/djura/vakken/svn_afstudeerstage/deadline-driven-behavior/hulpscri
ptjes/goodresults/linear0to1goal1to0.png (PNG copy)> </home/djura/vakken/svn_af
studeerstage/deadline-driven-behavior/hulpscriptjes/goodresults/sigmoid100_0_10
_1_goal1to0.png (PNG copy)>] [7 </home/djura/vakken/svn_afstudeerstage/deadline
-driven-behavior/hulpscriptjes/goodresults/gaussian200_50_1_goal1to0.png (PNG c
opy)> </home/djura/vakken/svn_afstudeerstage/deadline-driven-behavior/hulpscrip
tjes/goodresults/linear0to1_goal01to0.png (PNG copy)>] [8 </home/djura/vakken/s
vn_afstudeerstage/deadline-driven-behavior/hulpscriptjes/goodresults/sigmoid_10
0_0_10_1goal01to0.png (PNG copy)> </home/djura/vakken/svn_afstudeerstage/deadli
ne-driven-behavior/hulpscriptjes/goodresults/gaussian200_50_1_goal01to0.png (PN
G copy)>] [9 </home/djura/vakken/svn_afstudeerstage/deadline-driven-behavior/hu
lpscriptjes/goodresults/linear0_1_200_goalsigmoid_100_0_-10_1.png (PNG copy)> <
/home/djura/vakken/svn_afstudeerstage/deadline-driven-behavior/hulpscriptjes/go
odresults/sigmoid100_0_10_1_goalsigmoid100_0_-10_1.png (PNG copy)>] [10 </home/
djura/vakken/svn_afstudeerstage/deadline-driven-behavior/hulpscriptjes/goodresu
lts/gaussian200_50_1_goalsigmoid_100_0_-1_1.png (PNG copy)> </home/djura/vakken
/svn_afstudeerstage/deadline-driven-behavior/hulpscriptjes/goodresults/sigmoid1
00_0_10_1_goalgaussian0_50_1.png (PNG copy)>] [11 </home/djura/vakken/svn_afstu
deerstage/deadline-driven-behavior/hulpscriptjes/goodresults/linear0_1_200_goal
gaussian_0_50_1.png (PNG copy)> </home/djura/vakken/svn_afstudeerstage/deadline
-driven-behavior/hulpscriptjes/goodresults/gaussian200_50_1_goalgaussian0_50_1.
png (PNG copy)>] [12 </home/djura/vakken/svn_afstudeerstage/deadline-driven-beh
avior/hulpscriptjes/goodresults/linear0to1goal01.png (PNG copy)>]
Missing character: There is no Â in font cmr10!
Missing character: There is no ´ in font cmr10!

Overfull \hbox (7.27791pt too wide) in paragraph at lines 482--482
[]\OT1/cmr/bx/n/14.4 Results of the Sec-ond Quan-ti-ta-tive ex-per-i-ments 
 []


</home/djura/vakken/svn_afstudeerstage/deadline-driven-behavior/hulpscriptjes/g
oodresults/constant1_cropped.png, id=147, 868.846pt x 460.922pt>
File: /home/djura/vakken/svn_afstudeerstage/deadline-driven-behavior/hulpscript
jes/goodresults/constant1_cropped.png Graphic file (type png)

<use /home/djura/vakken/svn_afstudeerstage/deadline-driven-behavior/hulpscriptj
es/goodresults/constant1_cropped.png>
Package pdftex.def Info: /home/djura/vakken/svn_afstudeerstage/deadline-driven-
behavior/hulpscriptjes/goodresults/constant1_cropped.png used on input line 491
.
(pdftex.def)             Requested size: 360.0pt x 190.97664pt.
 [13

 </home/djura/vakken/svn_afstudeerstage/deadline-driven-behavior/hulpscriptjes/
goodresults/constant1_cropped.png (PNG copy)>]

LaTeX Warning: Reference `fig:fig:linear0to01_100agents' on page 14 undefined o
n input line 498.


</home/djura/vakken/svn_afstudeerstage/deadline-driven-behavior/hulpscriptjes/g
oodresults/linear0to1_100agents.png, id=160, 873.664pt x 460.922pt>
File: /home/djura/vakken/svn_afstudeerstage/deadline-driven-behavior/hulpscript
jes/goodresults/linear0to1_100agents.png Graphic file (type png)

<use /home/djura/vakken/svn_afstudeerstage/deadline-driven-behavior/hulpscriptj
es/goodresults/linear0to1_100agents.png>
Package pdftex.def Info: /home/djura/vakken/svn_afstudeerstage/deadline-driven-
behavior/hulpscriptjes/goodresults/linear0to1_100agents.png used on input line 
504.
(pdftex.def)             Requested size: 360.0pt x 189.92168pt.

</home/djura/vakken/svn_afstudeerstage/deadline-driven-behavior/hulpscriptjes/g
oodresults/linear0to05_100agents.png, id=161, 873.664pt x 460.922pt>
File: /home/djura/vakken/svn_afstudeerstage/deadline-driven-behavior/hulpscript
jes/goodresults/linear0to05_100agents.png Graphic file (type png)

<use /home/djura/vakken/svn_afstudeerstage/deadline-driven-behavior/hulpscriptj
es/goodresults/linear0to05_100agents.png>
Package pdftex.def Info: /home/djura/vakken/svn_afstudeerstage/deadline-driven-
behavior/hulpscriptjes/goodresults/linear0to05_100agents.png used on input line
 512.
(pdftex.def)             Requested size: 360.0pt x 189.92168pt.

</home/djura/vakken/svn_afstudeerstage/deadline-driven-behavior/hulpscriptjes/g
oodresults/linear0to01_100agents.png, id=162, 868.846pt x 460.922pt>
File: /home/djura/vakken/svn_afstudeerstage/deadline-driven-behavior/hulpscript
jes/goodresults/linear0to01_100agents.png Graphic file (type png)

<use /home/djura/vakken/svn_afstudeerstage/deadline-driven-behavior/hulpscriptj
es/goodresults/linear0to01_100agents.png>
Package pdftex.def Info: /home/djura/vakken/svn_afstudeerstage/deadline-driven-
behavior/hulpscriptjes/goodresults/linear0to01_100agents.png used on input line
 519.
(pdftex.def)             Requested size: 360.0pt x 190.97664pt.

</home/djura/vakken/svn_afstudeerstage/deadline-driven-behavior/hulpscriptjes/g
oodresults/sigmoid100_0_10_1.png, id=163, 868.846pt x 461.725pt>
File: /home/djura/vakken/svn_afstudeerstage/deadline-driven-behavior/hulpscript
jes/goodresults/sigmoid100_0_10_1.png Graphic file (type png)

<use /home/djura/vakken/svn_afstudeerstage/deadline-driven-behavior/hulpscriptj
es/goodresults/sigmoid100_0_10_1.png>
Package pdftex.def Info: /home/djura/vakken/svn_afstudeerstage/deadline-driven-
behavior/hulpscriptjes/goodresults/sigmoid100_0_10_1.png used on input line 526
.
(pdftex.def)             Requested size: 360.0pt x 191.30936pt.

</home/djura/vakken/svn_afstudeerstage/deadline-driven-behavior/hulpscriptjes/g
oodresults/gaussian_mean200_sigma50_100_max1.png, id=164, 868.846pt x 460.922pt
>
File: /home/djura/vakken/svn_afstudeerstage/deadline-driven-behavior/hulpscript
jes/goodresults/gaussian_mean200_sigma50_100_max1.png Graphic file (type png)

<use /home/djura/vakken/svn_afstudeerstage/deadline-driven-behavior/hulpscriptj
es/goodresults/gaussian_mean200_sigma50_100_max1.png>
Package pdftex.def Info: /home/djura/vakken/svn_afstudeerstage/deadline-driven-
behavior/hulpscriptjes/goodresults/gaussian_mean200_sigma50_100_max1.png used o
n input line 533.
(pdftex.def)             Requested size: 360.0pt x 190.97664pt.
Package atveryend Info: Empty hook `BeforeClearDocument' on input line 538.
 [14] [15 </home/djura/vakken/svn_afstudeerstage/deadline-driven-behavior/hulps
criptjes/goodresults/linear0to1_100agents.png (PNG copy)> </home/djura/vakken/s
vn_afstudeerstage/deadline-driven-behavior/hulpscriptjes/goodresults/linear0to0
5_100agents.png (PNG copy)>] [16 </home/djura/vakken/svn_afstudeerstage/deadlin
e-driven-behavior/hulpscriptjes/goodresults/linear0to01_100agents.png (PNG copy
)> </home/djura/vakken/svn_afstudeerstage/deadline-driven-behavior/hulpscriptje
s/goodresults/sigmoid100_0_10_1.png (PNG copy)>] [17 </home/djura/vakken/svn_af
studeerstage/deadline-driven-behavior/hulpscriptjes/goodresults/gaussian_mean20
0_sigma50_100_max1.png (PNG copy)>]
Package atveryend Info: Empty hook `AfterLastShipout' on input line 538.
 (./simobs_results.aux)
Package atveryend Info: Executing hook `AtVeryEndDocument' on input line 538.
Package atveryend Info: Executing hook `AtEndAfterFileList' on input line 538.
Package rerunfilecheck Info: File `simobs_results.out' has not changed.
(rerunfilecheck)             Checksum: 8839F57F0349254A2D668EBC285B8A09;307.


LaTeX Warning: There were undefined references.

Package atveryend Info: Empty hook `AtVeryVeryEnd' on input line 538.
 ) 
Here is how much of TeX's memory you used:
 15715 strings out of 495028
 290431 string characters out of 6181496
 345687 words of memory out of 5000000
 18593 multiletter control sequences out of 15000+600000
 8904 words of font info for 31 fonts, out of 8000000 for 9000
 14 hyphenation exceptions out of 8191
 63i,7n,78p,1429b,576s stack positions out of 5000i,500n,10000p,200000b,80000s
</usr/share/texlive/texmf-dist/fonts/type1/public/amsfonts/cm/cmbx10.pfb></us
r/share/texlive/texmf-dist/fonts/type1/public/amsfonts/cm/cmbx12.pfb></usr/shar
e/texlive/texmf-dist/fonts/type1/public/amsfonts/cm/cmmi10.pfb></usr/share/texl
ive/texmf-dist/fonts/type1/public/amsfonts/cm/cmmi8.pfb></usr/share/texlive/tex
mf-dist/fonts/type1/public/amsfonts/cm/cmr10.pfb></usr/share/texlive/texmf-dist
/fonts/type1/public/amsfonts/cm/cmr8.pfb></usr/share/texlive/texmf-dist/fonts/t
ype1/public/amsfonts/cm/cmsl10.pfb></usr/share/texlive/texmf-dist/fonts/type1/p
ublic/amsfonts/cm/cmsy10.pfb></usr/share/texlive/texmf-dist/fonts/type1/public/
amsfonts/cm/cmti10.pfb>
Output written on simobs_results.pdf (17 pages, 459999 bytes).
PDF statistics:
 230 PDF objects out of 1000 (max. 8388607)
 177 compressed objects within 2 object streams
 52 named destinations out of 1000 (max. 500000)
 160 words of extra memory for PDF output out of 10000 (max. 10000000)

