\BOOKMARK [1][-]{section.0.1}{Acknowledgements}{}% 1
\BOOKMARK [0][-]{chapter.1}{Introduction}{}% 2
\BOOKMARK [1][-]{section.1.1}{Research Question}{chapter.1}% 3
\BOOKMARK [0][-]{chapter.2}{Related Work}{}% 4
\BOOKMARK [1][-]{section.2.1}{Group Interaction}{chapter.2}% 5
\BOOKMARK [2][-]{subsection.2.1.1}{Large Crowds}{section.2.1}% 6
\BOOKMARK [2][-]{subsection.2.1.2}{Smaller Groups and Individual Approaches}{section.2.1}% 7
\BOOKMARK [2][-]{subsection.2.1.3}{Mixed Approaches}{section.2.1}% 8
\BOOKMARK [1][-]{section.2.2}{Interaction with the Environment}{chapter.2}% 9
\BOOKMARK [1][-]{section.2.3}{Behavior Modeling Languages}{chapter.2}% 10
\BOOKMARK [2][-]{subsection.2.3.1}{Petri nets}{section.2.3}% 11
\BOOKMARK [2][-]{subsection.2.3.2}{Finite State Machines vs. Petri nets}{section.2.3}% 12
\BOOKMARK [1][-]{section.2.4}{Time Planning}{chapter.2}% 13
\BOOKMARK [1][-]{section.2.5}{Which Techniques Can We Use?}{chapter.2}% 14
\BOOKMARK [0][-]{chapter.3}{Method}{}% 15
\BOOKMARK [1][-]{section.3.1}{Petri nets}{chapter.3}% 16
\BOOKMARK [2][-]{subsection.3.1.1}{PIPE2}{section.3.1}% 17
\BOOKMARK [2][-]{subsection.3.1.2}{Separating the Petri Nets of Situations and Pedestrians}{section.3.1}% 18
\BOOKMARK [1][-]{section.3.2}{Time Planning \046 Decision Mechanism}{chapter.3}% 19
\BOOKMARK [2][-]{subsection.3.2.1}{Estimating the Time of Behaviors}{section.3.2}% 20
\BOOKMARK [2][-]{subsection.3.2.2}{Deciding on Behavior}{section.3.2}% 21
\BOOKMARK [2][-]{subsection.3.2.3}{The Utility Functions}{section.3.2}% 22
\BOOKMARK [1][-]{section.3.3}{Rotterdam Airport}{chapter.3}% 23
\BOOKMARK [1][-]{section.3.4}{Example}{chapter.3}% 24
\BOOKMARK [0][-]{chapter.4}{Experiments}{}% 25
\BOOKMARK [1][-]{section.4.1}{Qualitative Experiment}{chapter.4}% 26
\BOOKMARK [1][-]{section.4.2}{Quantitative Experiment}{chapter.4}% 27
\BOOKMARK [1][-]{section.4.3}{Second Quantitative Experiment}{chapter.4}% 28
\BOOKMARK [0][-]{chapter.5}{Results}{}% 29
\BOOKMARK [1][-]{section.5.1}{Results of the Qualitative Experiment}{chapter.5}% 30
\BOOKMARK [1][-]{section.5.2}{Results of the First Quantitative Experiment}{chapter.5}% 31
\BOOKMARK [1][-]{section.5.3}{Results of the Second Quantitative Experiment}{chapter.5}% 32
\BOOKMARK [0][-]{chapter.6}{Conclusion \046 Discussion}{}% 33
\BOOKMARK [1][-]{section.6.1}{Research Questions}{chapter.6}% 34
\BOOKMARK [2][-]{subsection.6.1.1}{The Benefits of Petri nets}{section.6.1}% 35
\BOOKMARK [1][-]{section.6.2}{Limits of the Deadline Driven Behavior Framework}{chapter.6}% 36
\BOOKMARK [2][-]{subsection.6.2.1}{Future Work}{section.6.2}% 37
