This is pdfTeX, Version 3.1415926-2.5-1.40.14 (TeX Live 2013/Debian) (format=pdflatex 2014.10.19)  19 DEC 2014 11:15
entering extended mode
 restricted \write18 enabled.
 %&-line parsing enabled.
**simobs_thesis_final.tex
(./simobs_thesis_final.tex
LaTeX2e <2011/06/27>
Babel <3.9h> and hyphenation patterns for 2 languages loaded.
(/usr/share/texlive/texmf-dist/tex/latex/base/book.cls
Document Class: book 2007/10/19 v1.4h Standard LaTeX document class
(/usr/share/texlive/texmf-dist/tex/latex/base/bk11.clo
File: bk11.clo 2007/10/19 v1.4h Standard LaTeX file (size option)
)
\c@part=\count79
\c@chapter=\count80
\c@section=\count81
\c@subsection=\count82
\c@subsubsection=\count83
\c@paragraph=\count84
\c@subparagraph=\count85
\c@figure=\count86
\c@table=\count87
\abovecaptionskip=\skip41
\belowcaptionskip=\skip42
\bibindent=\dimen102
)
(/usr/share/texlive/texmf-dist/tex/latex/caption/caption.sty
Package: caption 2013/05/02 v3.3-89 Customizing captions (AR)

(/usr/share/texlive/texmf-dist/tex/latex/caption/caption3.sty
Package: caption3 2013/05/02 v1.6-88 caption3 kernel (AR)
Package caption3 Info: TeX engine: e-TeX on input line 57.

(/usr/share/texlive/texmf-dist/tex/latex/graphics/keyval.sty
Package: keyval 1999/03/16 v1.13 key=value parser (DPC)
\KV@toks@=\toks14
)
\captionmargin=\dimen103
\captionmargin@=\dimen104
\captionwidth=\dimen105
\caption@tempdima=\dimen106
\caption@indent=\dimen107
\caption@parindent=\dimen108
\caption@hangindent=\dimen109
)
\c@ContinuedFloat=\count88
)
(/usr/share/texlive/texmf-dist/tex/latex/geometry/geometry.sty
Package: geometry 2010/09/12 v5.6 Page Geometry

(/usr/share/texlive/texmf-dist/tex/generic/oberdiek/ifpdf.sty
Package: ifpdf 2011/01/30 v2.3 Provides the ifpdf switch (HO)
Package ifpdf Info: pdfTeX in PDF mode is detected.
)
(/usr/share/texlive/texmf-dist/tex/generic/oberdiek/ifvtex.sty
Package: ifvtex 2010/03/01 v1.5 Detect VTeX and its facilities (HO)
Package ifvtex Info: VTeX not detected.
)
(/usr/share/texlive/texmf-dist/tex/generic/ifxetex/ifxetex.sty
Package: ifxetex 2010/09/12 v0.6 Provides ifxetex conditional
)
\Gm@cnth=\count89
\Gm@cntv=\count90
\c@Gm@tempcnt=\count91
\Gm@bindingoffset=\dimen110
\Gm@wd@mp=\dimen111
\Gm@odd@mp=\dimen112
\Gm@even@mp=\dimen113
\Gm@layoutwidth=\dimen114
\Gm@layoutheight=\dimen115
\Gm@layouthoffset=\dimen116
\Gm@layoutvoffset=\dimen117
\Gm@dimlist=\toks15
) (./titling.sty
Package: titling 2009/09/04 v2.1d maketitle typesetting
\thanksmarkwidth=\skip43
\thanksmargin=\skip44
\droptitle=\skip45
) (./titlepic.sty
Package: titlepic 2009/08/03 1.1 Package to display a picture on the title page

) (./multirow.sty
\bigstrutjot=\dimen118
) (./todonotes.sty
Package: todonotes 2011/03/07 .dtx Todonotes source and documentation.
Package: todonotes 2011/03/07

(/usr/share/texlive/texmf-dist/tex/latex/base/ifthen.sty
Package: ifthen 2001/05/26 v1.1c Standard LaTeX ifthen package (DPC)
)
(/usr/share/texlive/texmf-dist/tex/latex/xkeyval/xkeyval.sty
Package: xkeyval 2012/10/14 v2.6b package option processing (HA)

(/usr/share/texlive/texmf-dist/tex/generic/xkeyval/xkeyval.tex
\XKV@toks=\toks16
\XKV@tempa@toks=\toks17
\XKV@depth=\count92
File: xkeyval.tex 2012/10/14 v2.6b key=value parser (HA)
))
(/usr/share/texmf/tex/latex/xcolor/xcolor.sty
Package: xcolor 2007/01/21 v2.11 LaTeX color extensions (UK)

(/usr/share/texlive/texmf-dist/tex/latex/latexconfig/color.cfg
File: color.cfg 2007/01/18 v1.5 color configuration of teTeX/TeXLive
)
Package xcolor Info: Driver file: pdftex.def on input line 225.

(/usr/share/texlive/texmf-dist/tex/latex/pdftex-def/pdftex.def
File: pdftex.def 2011/05/27 v0.06d Graphics/color for pdfTeX

(/usr/share/texlive/texmf-dist/tex/generic/oberdiek/infwarerr.sty
Package: infwarerr 2010/04/08 v1.3 Providing info/warning/error messages (HO)
)
(/usr/share/texlive/texmf-dist/tex/generic/oberdiek/ltxcmds.sty
Package: ltxcmds 2011/11/09 v1.22 LaTeX kernel commands for general use (HO)
)
\Gread@gobject=\count93
)
Package xcolor Info: Model `cmy' substituted by `cmy0' on input line 1337.
Package xcolor Info: Model `hsb' substituted by `rgb' on input line 1341.
Package xcolor Info: Model `RGB' extended on input line 1353.
Package xcolor Info: Model `HTML' substituted by `rgb' on input line 1355.
Package xcolor Info: Model `Hsb' substituted by `hsb' on input line 1356.
Package xcolor Info: Model `tHsb' substituted by `hsb' on input line 1357.
Package xcolor Info: Model `HSB' substituted by `hsb' on input line 1358.
Package xcolor Info: Model `Gray' substituted by `gray' on input line 1359.
Package xcolor Info: Model `wave' substituted by `hsb' on input line 1360.
)
(/usr/share/texmf/tex/latex/pgf/frontendlayer/tikz.sty
(/usr/share/texmf/tex/latex/pgf/basiclayer/pgf.sty
(/usr/share/texmf/tex/latex/pgf/utilities/pgfrcs.sty
(/usr/share/texmf/tex/generic/pgf/utilities/pgfutil-common.tex
\pgfutil@everybye=\toks18
)
(/usr/share/texmf/tex/generic/pgf/utilities/pgfutil-latex.def
\pgfutil@abb=\box26

(/usr/share/texlive/texmf-dist/tex/latex/ms/everyshi.sty
Package: everyshi 2001/05/15 v3.00 EveryShipout Package (MS)
))
(/usr/share/texmf/tex/generic/pgf/utilities/pgfrcs.code.tex
Package: pgfrcs 2010/10/25 v2.10 (rcs-revision 1.24)
))
Package: pgf 2008/01/15 v2.10 (rcs-revision 1.12)

(/usr/share/texmf/tex/latex/pgf/basiclayer/pgfcore.sty
(/usr/share/texlive/texmf-dist/tex/latex/graphics/graphicx.sty
Package: graphicx 1999/02/16 v1.0f Enhanced LaTeX Graphics (DPC,SPQR)

(/usr/share/texlive/texmf-dist/tex/latex/graphics/graphics.sty
Package: graphics 2009/02/05 v1.0o Standard LaTeX Graphics (DPC,SPQR)

(/usr/share/texlive/texmf-dist/tex/latex/graphics/trig.sty
Package: trig 1999/03/16 v1.09 sin cos tan (DPC)
)
(/usr/share/texlive/texmf-dist/tex/latex/latexconfig/graphics.cfg
File: graphics.cfg 2010/04/23 v1.9 graphics configuration of TeX Live
)
Package graphics Info: Driver file: pdftex.def on input line 91.
)
\Gin@req@height=\dimen119
\Gin@req@width=\dimen120
)
(/usr/share/texmf/tex/latex/pgf/systemlayer/pgfsys.sty
(/usr/share/texmf/tex/generic/pgf/systemlayer/pgfsys.code.tex
Package: pgfsys 2010/06/30 v2.10 (rcs-revision 1.37)

(/usr/share/texmf/tex/generic/pgf/utilities/pgfkeys.code.tex
\pgfkeys@pathtoks=\toks19
\pgfkeys@temptoks=\toks20

(/usr/share/texmf/tex/generic/pgf/utilities/pgfkeysfiltered.code.tex
\pgfkeys@tmptoks=\toks21
))
\pgf@x=\dimen121
\pgf@y=\dimen122
\pgf@xa=\dimen123
\pgf@ya=\dimen124
\pgf@xb=\dimen125
\pgf@yb=\dimen126
\pgf@xc=\dimen127
\pgf@yc=\dimen128
\w@pgf@writea=\write3
\r@pgf@reada=\read1
\c@pgf@counta=\count94
\c@pgf@countb=\count95
\c@pgf@countc=\count96
\c@pgf@countd=\count97

(/usr/share/texmf/tex/generic/pgf/systemlayer/pgf.cfg
File: pgf.cfg 2008/05/14  (rcs-revision 1.7)
)
Package pgfsys Info: Driver file for pgf: pgfsys-pdftex.def on input line 900.

(/usr/share/texmf/tex/generic/pgf/systemlayer/pgfsys-pdftex.def
File: pgfsys-pdftex.def 2009/05/22  (rcs-revision 1.26)

(/usr/share/texmf/tex/generic/pgf/systemlayer/pgfsys-common-pdf.def
File: pgfsys-common-pdf.def 2008/05/19  (rcs-revision 1.10)
)))
(/usr/share/texmf/tex/generic/pgf/systemlayer/pgfsyssoftpath.code.tex
File: pgfsyssoftpath.code.tex 2008/07/18  (rcs-revision 1.7)
\pgfsyssoftpath@smallbuffer@items=\count98
\pgfsyssoftpath@bigbuffer@items=\count99
)
(/usr/share/texmf/tex/generic/pgf/systemlayer/pgfsysprotocol.code.tex
File: pgfsysprotocol.code.tex 2006/10/16  (rcs-revision 1.4)
))
(/usr/share/texmf/tex/generic/pgf/basiclayer/pgfcore.code.tex
Package: pgfcore 2010/04/11 v2.10 (rcs-revision 1.7)

(/usr/share/texmf/tex/generic/pgf/math/pgfmath.code.tex
(/usr/share/texmf/tex/generic/pgf/math/pgfmathcalc.code.tex
(/usr/share/texmf/tex/generic/pgf/math/pgfmathutil.code.tex)
(/usr/share/texmf/tex/generic/pgf/math/pgfmathparser.code.tex
\pgfmath@dimen=\dimen129
\pgfmath@count=\count100
\pgfmath@box=\box27
\pgfmath@toks=\toks22
\pgfmath@stack@operand=\toks23
\pgfmath@stack@operation=\toks24
)
(/usr/share/texmf/tex/generic/pgf/math/pgfmathfunctions.code.tex
(/usr/share/texmf/tex/generic/pgf/math/pgfmathfunctions.basic.code.tex)
(/usr/share/texmf/tex/generic/pgf/math/pgfmathfunctions.trigonometric.code.tex)
(/usr/share/texmf/tex/generic/pgf/math/pgfmathfunctions.random.code.tex)
(/usr/share/texmf/tex/generic/pgf/math/pgfmathfunctions.comparison.code.tex)
(/usr/share/texmf/tex/generic/pgf/math/pgfmathfunctions.base.code.tex)
(/usr/share/texmf/tex/generic/pgf/math/pgfmathfunctions.round.code.tex)
(/usr/share/texmf/tex/generic/pgf/math/pgfmathfunctions.misc.code.tex)))
(/usr/share/texmf/tex/generic/pgf/math/pgfmathfloat.code.tex
\c@pgfmathroundto@lastzeros=\count101
))
(/usr/share/texmf/tex/generic/pgf/basiclayer/pgfcorepoints.code.tex
File: pgfcorepoints.code.tex 2010/04/09  (rcs-revision 1.20)
\pgf@picminx=\dimen130
\pgf@picmaxx=\dimen131
\pgf@picminy=\dimen132
\pgf@picmaxy=\dimen133
\pgf@pathminx=\dimen134
\pgf@pathmaxx=\dimen135
\pgf@pathminy=\dimen136
\pgf@pathmaxy=\dimen137
\pgf@xx=\dimen138
\pgf@xy=\dimen139
\pgf@yx=\dimen140
\pgf@yy=\dimen141
\pgf@zx=\dimen142
\pgf@zy=\dimen143
)
(/usr/share/texmf/tex/generic/pgf/basiclayer/pgfcorepathconstruct.code.tex
File: pgfcorepathconstruct.code.tex 2010/08/03  (rcs-revision 1.24)
\pgf@path@lastx=\dimen144
\pgf@path@lasty=\dimen145
)
(/usr/share/texmf/tex/generic/pgf/basiclayer/pgfcorepathusage.code.tex
File: pgfcorepathusage.code.tex 2008/04/22  (rcs-revision 1.12)
\pgf@shorten@end@additional=\dimen146
\pgf@shorten@start@additional=\dimen147
)
(/usr/share/texmf/tex/generic/pgf/basiclayer/pgfcorescopes.code.tex
File: pgfcorescopes.code.tex 2010/09/08  (rcs-revision 1.34)
\pgfpic=\box28
\pgf@hbox=\box29
\pgf@layerbox@main=\box30
\pgf@picture@serial@count=\count102
)
(/usr/share/texmf/tex/generic/pgf/basiclayer/pgfcoregraphicstate.code.tex
File: pgfcoregraphicstate.code.tex 2008/04/22  (rcs-revision 1.9)
\pgflinewidth=\dimen148
)
(/usr/share/texmf/tex/generic/pgf/basiclayer/pgfcoretransformations.code.tex
File: pgfcoretransformations.code.tex 2009/06/10  (rcs-revision 1.11)
\pgf@pt@x=\dimen149
\pgf@pt@y=\dimen150
\pgf@pt@temp=\dimen151
)
(/usr/share/texmf/tex/generic/pgf/basiclayer/pgfcorequick.code.tex
File: pgfcorequick.code.tex 2008/10/09  (rcs-revision 1.3)
)
(/usr/share/texmf/tex/generic/pgf/basiclayer/pgfcoreobjects.code.tex
File: pgfcoreobjects.code.tex 2006/10/11  (rcs-revision 1.2)
)
(/usr/share/texmf/tex/generic/pgf/basiclayer/pgfcorepathprocessing.code.tex
File: pgfcorepathprocessing.code.tex 2008/10/09  (rcs-revision 1.8)
)
(/usr/share/texmf/tex/generic/pgf/basiclayer/pgfcorearrows.code.tex
File: pgfcorearrows.code.tex 2008/04/23  (rcs-revision 1.11)
)
(/usr/share/texmf/tex/generic/pgf/basiclayer/pgfcoreshade.code.tex
File: pgfcoreshade.code.tex 2008/11/23  (rcs-revision 1.13)
\pgf@max=\dimen152
\pgf@sys@shading@range@num=\count103
)
(/usr/share/texmf/tex/generic/pgf/basiclayer/pgfcoreimage.code.tex
File: pgfcoreimage.code.tex 2010/03/25  (rcs-revision 1.16)

(/usr/share/texmf/tex/generic/pgf/basiclayer/pgfcoreexternal.code.tex
File: pgfcoreexternal.code.tex 2010/09/01  (rcs-revision 1.17)
\pgfexternal@startupbox=\box31
))
(/usr/share/texmf/tex/generic/pgf/basiclayer/pgfcorelayers.code.tex
File: pgfcorelayers.code.tex 2010/08/27  (rcs-revision 1.2)
)
(/usr/share/texmf/tex/generic/pgf/basiclayer/pgfcoretransparency.code.tex
File: pgfcoretransparency.code.tex 2008/01/17  (rcs-revision 1.2)
)
(/usr/share/texmf/tex/generic/pgf/basiclayer/pgfcorepatterns.code.tex
File: pgfcorepatterns.code.tex 2009/07/02  (rcs-revision 1.3)
)))
(/usr/share/texmf/tex/generic/pgf/modules/pgfmoduleshapes.code.tex
File: pgfmoduleshapes.code.tex 2010/09/09  (rcs-revision 1.13)
\pgfnodeparttextbox=\box32
)
(/usr/share/texmf/tex/generic/pgf/modules/pgfmoduleplot.code.tex
File: pgfmoduleplot.code.tex 2010/10/22  (rcs-revision 1.8)
)
(/usr/share/texmf/tex/latex/pgf/compatibility/pgfcomp-version-0-65.sty
Package: pgfcomp-version-0-65 2007/07/03 v2.10 (rcs-revision 1.7)
\pgf@nodesepstart=\dimen153
\pgf@nodesepend=\dimen154
)
(/usr/share/texmf/tex/latex/pgf/compatibility/pgfcomp-version-1-18.sty
Package: pgfcomp-version-1-18 2007/07/23 v2.10 (rcs-revision 1.1)
))
(/usr/share/texmf/tex/latex/pgf/utilities/pgffor.sty
(/usr/share/texmf/tex/latex/pgf/utilities/pgfkeys.sty
(/usr/share/texmf/tex/generic/pgf/utilities/pgfkeys.code.tex))
(/usr/share/texmf/tex/generic/pgf/utilities/pgffor.code.tex
Package: pgffor 2010/03/23 v2.10 (rcs-revision 1.18)
\pgffor@iter=\dimen155
\pgffor@skip=\dimen156
\pgffor@stack=\toks25
\pgffor@toks=\toks26
))
(/usr/share/texmf/tex/generic/pgf/frontendlayer/tikz/tikz.code.tex
Package: tikz 2010/10/13 v2.10 (rcs-revision 1.76)

(/usr/share/texmf/tex/generic/pgf/libraries/pgflibraryplothandlers.code.tex
File: pgflibraryplothandlers.code.tex 2010/05/31 v2.10 (rcs-revision 1.15)
\pgf@plot@mark@count=\count104
\pgfplotmarksize=\dimen157
)
\tikz@lastx=\dimen158
\tikz@lasty=\dimen159
\tikz@lastxsaved=\dimen160
\tikz@lastysaved=\dimen161
\tikzleveldistance=\dimen162
\tikzsiblingdistance=\dimen163
\tikz@figbox=\box33
\tikz@tempbox=\box34
\tikztreelevel=\count105
\tikznumberofchildren=\count106
\tikznumberofcurrentchild=\count107
\tikz@fig@count=\count108

(/usr/share/texmf/tex/generic/pgf/modules/pgfmodulematrix.code.tex
File: pgfmodulematrix.code.tex 2010/08/24  (rcs-revision 1.4)
\pgfmatrixcurrentrow=\count109
\pgfmatrixcurrentcolumn=\count110
\pgf@matrix@numberofcolumns=\count111
)
\tikz@expandcount=\count112

(/usr/share/texmf/tex/generic/pgf/frontendlayer/tikz/libraries/tikzlibrarytopat
hs.code.tex
File: tikzlibrarytopaths.code.tex 2008/06/17 v2.10 (rcs-revision 1.2)
))) (/usr/share/texlive/texmf-dist/tex/latex/tools/calc.sty
Package: calc 2007/08/22 v4.3 Infix arithmetic (KKT,FJ)
\calc@Acount=\count113
\calc@Bcount=\count114
\calc@Adimen=\dimen164
\calc@Bdimen=\dimen165
\calc@Askip=\skip46
\calc@Bskip=\skip47
LaTeX Info: Redefining \setlength on input line 76.
LaTeX Info: Redefining \addtolength on input line 77.
\calc@Ccount=\count115
\calc@Cskip=\skip48
)
\c@@todonotes@numberoftodonotes=\count116
)
(/usr/share/texlive/texmf-dist/tex/latex/booktabs/booktabs.sty
Package: booktabs 2005/04/14 v1.61803 publication quality tables
\heavyrulewidth=\dimen166
\lightrulewidth=\dimen167
\cmidrulewidth=\dimen168
\belowrulesep=\dimen169
\belowbottomsep=\dimen170
\aboverulesep=\dimen171
\abovetopsep=\dimen172
\cmidrulesep=\dimen173
\cmidrulekern=\dimen174
\defaultaddspace=\dimen175
\@cmidla=\count117
\@cmidlb=\count118
\@aboverulesep=\dimen176
\@belowrulesep=\dimen177
\@thisruleclass=\count119
\@lastruleclass=\count120
\@thisrulewidth=\dimen178
)
(/usr/share/texlive/texmf-dist/tex/latex/caption/subcaption.sty
Package: subcaption 2013/02/03 v1.1-62 Sub-captions (AR)
\c@subfigure=\count121
\c@subtable=\count122
)
(/usr/share/texlive/texmf-dist/tex/latex/hyperref/hyperref.sty
Package: hyperref 2012/11/06 v6.83m Hypertext links for LaTeX

(/usr/share/texlive/texmf-dist/tex/generic/oberdiek/hobsub-hyperref.sty
Package: hobsub-hyperref 2012/05/28 v1.13 Bundle oberdiek, subset hyperref (HO)


(/usr/share/texlive/texmf-dist/tex/generic/oberdiek/hobsub-generic.sty
Package: hobsub-generic 2012/05/28 v1.13 Bundle oberdiek, subset generic (HO)
Package: hobsub 2012/05/28 v1.13 Construct package bundles (HO)
Package hobsub Info: Skipping package `infwarerr' (already loaded).
Package hobsub Info: Skipping package `ltxcmds' (already loaded).
Package: ifluatex 2010/03/01 v1.3 Provides the ifluatex switch (HO)
Package ifluatex Info: LuaTeX not detected.
Package hobsub Info: Skipping package `ifvtex' (already loaded).
Package: intcalc 2007/09/27 v1.1 Expandable calculations with integers (HO)
Package hobsub Info: Skipping package `ifpdf' (already loaded).
Package: etexcmds 2011/02/16 v1.5 Avoid name clashes with e-TeX commands (HO)
Package etexcmds Info: Could not find \expanded.
(etexcmds)             That can mean that you are not using pdfTeX 1.50 or
(etexcmds)             that some package has redefined \expanded.
(etexcmds)             In the latter case, load this package earlier.
Package: kvsetkeys 2012/04/25 v1.16 Key value parser (HO)
Package: kvdefinekeys 2011/04/07 v1.3 Define keys (HO)
Package: pdftexcmds 2011/11/29 v0.20 Utility functions of pdfTeX for LuaTeX (HO
)
Package pdftexcmds Info: LuaTeX not detected.
Package pdftexcmds Info: \pdf@primitive is available.
Package pdftexcmds Info: \pdf@ifprimitive is available.
Package pdftexcmds Info: \pdfdraftmode found.
Package: pdfescape 2011/11/25 v1.13 Implements pdfTeX's escape features (HO)
Package: bigintcalc 2012/04/08 v1.3 Expandable calculations on big integers (HO
)
Package: bitset 2011/01/30 v1.1 Handle bit-vector datatype (HO)
Package: uniquecounter 2011/01/30 v1.2 Provide unlimited unique counter (HO)
)
Package hobsub Info: Skipping package `hobsub' (already loaded).
Package: letltxmacro 2010/09/02 v1.4 Let assignment for LaTeX macros (HO)
Package: hopatch 2012/05/28 v1.2 Wrapper for package hooks (HO)
Package: xcolor-patch 2011/01/30 xcolor patch
Package: atveryend 2011/06/30 v1.8 Hooks at the very end of document (HO)
Package atveryend Info: \enddocument detected (standard20110627).
Package: atbegshi 2011/10/05 v1.16 At begin shipout hook (HO)
Package: refcount 2011/10/16 v3.4 Data extraction from label references (HO)
Package: hycolor 2011/01/30 v1.7 Color options for hyperref/bookmark (HO)
)
(/usr/share/texlive/texmf-dist/tex/latex/oberdiek/auxhook.sty
Package: auxhook 2011/03/04 v1.3 Hooks for auxiliary files (HO)
)
(/usr/share/texlive/texmf-dist/tex/latex/oberdiek/kvoptions.sty
Package: kvoptions 2011/06/30 v3.11 Key value format for package options (HO)
)
\@linkdim=\dimen179
\Hy@linkcounter=\count123
\Hy@pagecounter=\count124

(/usr/share/texlive/texmf-dist/tex/latex/hyperref/pd1enc.def
File: pd1enc.def 2012/11/06 v6.83m Hyperref: PDFDocEncoding definition (HO)
)
\Hy@SavedSpaceFactor=\count125

(/usr/share/texlive/texmf-dist/tex/latex/latexconfig/hyperref.cfg
File: hyperref.cfg 2002/06/06 v1.2 hyperref configuration of TeXLive
)
Package hyperref Info: Hyper figures OFF on input line 4443.
Package hyperref Info: Link nesting OFF on input line 4448.
Package hyperref Info: Hyper index ON on input line 4451.
Package hyperref Info: Plain pages OFF on input line 4458.
Package hyperref Info: Backreferencing OFF on input line 4463.
Package hyperref Info: Implicit mode ON; LaTeX internals redefined.
Package hyperref Info: Bookmarks ON on input line 4688.
\c@Hy@tempcnt=\count126

(/usr/share/texlive/texmf-dist/tex/latex/url/url.sty
\Urlmuskip=\muskip10
Package: url 2013/09/16  ver 3.4  Verb mode for urls, etc.
)
LaTeX Info: Redefining \url on input line 5041.
\XeTeXLinkMargin=\dimen180
\Fld@menulength=\count127
\Field@Width=\dimen181
\Fld@charsize=\dimen182
Package hyperref Info: Hyper figures OFF on input line 6295.
Package hyperref Info: Link nesting OFF on input line 6300.
Package hyperref Info: Hyper index ON on input line 6303.
Package hyperref Info: backreferencing OFF on input line 6310.
Package hyperref Info: Link coloring OFF on input line 6315.
Package hyperref Info: Link coloring with OCG OFF on input line 6320.
Package hyperref Info: PDF/A mode OFF on input line 6325.
LaTeX Info: Redefining \ref on input line 6365.
LaTeX Info: Redefining \pageref on input line 6369.
\Hy@abspage=\count128
\c@Item=\count129
\c@Hfootnote=\count130
)

Package hyperref Message: Driver (autodetected): hpdftex.

(/usr/share/texlive/texmf-dist/tex/latex/hyperref/hpdftex.def
File: hpdftex.def 2012/11/06 v6.83m Hyperref driver for pdfTeX
\Fld@listcount=\count131
\c@bookmark@seq@number=\count132

(/usr/share/texlive/texmf-dist/tex/latex/oberdiek/rerunfilecheck.sty
Package: rerunfilecheck 2011/04/15 v1.7 Rerun checks for auxiliary files (HO)
Package uniquecounter Info: New unique counter `rerunfilecheck' on input line 2
82.
)
\Hy@SectionHShift=\skip49
)
(./comment.sty Excluding comment 'comment') (./algpseudocode.sty
Package: algpseudocode 

(./algorithmicx.sty
Package: algorithmicx 2005/04/27 v1.2 Algorithmicx

Document Style algorithmicx 1.2 - a greatly improved `algorithmic' style
\c@ALG@line=\count133
\c@ALG@rem=\count134
\c@ALG@nested=\count135
\ALG@tlm=\skip50
\ALG@thistlm=\skip51
\c@ALG@Lnr=\count136
\c@ALG@blocknr=\count137
\c@ALG@storecount=\count138
\c@ALG@tmpcounter=\count139
\ALG@tmplength=\skip52
)
Document Style - pseudocode environments for use with the `algorithmicx' style
) (./algorithm.sty
\c@algorithm=\count140
\Blockindent=\skip53
\algorithmindent=\skip54
)
(/usr/share/texlive/texmf-dist/tex/latex/amsmath/amsmath.sty
Package: amsmath 2013/01/14 v2.14 AMS math features
\@mathmargin=\skip55

For additional information on amsmath, use the `?' option.
(/usr/share/texlive/texmf-dist/tex/latex/amsmath/amstext.sty
Package: amstext 2000/06/29 v2.01

(/usr/share/texlive/texmf-dist/tex/latex/amsmath/amsgen.sty
File: amsgen.sty 1999/11/30 v2.0
\@emptytoks=\toks27
\ex@=\dimen183
))
(/usr/share/texlive/texmf-dist/tex/latex/amsmath/amsbsy.sty
Package: amsbsy 1999/11/29 v1.2d
\pmbraise@=\dimen184
)
(/usr/share/texlive/texmf-dist/tex/latex/amsmath/amsopn.sty
Package: amsopn 1999/12/14 v2.01 operator names
)
\inf@bad=\count141
LaTeX Info: Redefining \frac on input line 210.
\uproot@=\count142
\leftroot@=\count143
LaTeX Info: Redefining \overline on input line 306.
\classnum@=\count144
\DOTSCASE@=\count145
LaTeX Info: Redefining \ldots on input line 378.
LaTeX Info: Redefining \dots on input line 381.
LaTeX Info: Redefining \cdots on input line 466.
\Mathstrutbox@=\box35
\strutbox@=\box36
\big@size=\dimen185
LaTeX Font Info:    Redeclaring font encoding OML on input line 566.
LaTeX Font Info:    Redeclaring font encoding OMS on input line 567.
\macc@depth=\count146
\c@MaxMatrixCols=\count147
\dotsspace@=\muskip11
\c@parentequation=\count148
\dspbrk@lvl=\count149
\tag@help=\toks28
\row@=\count150
\column@=\count151
\maxfields@=\count152
\andhelp@=\toks29
\eqnshift@=\dimen186
\alignsep@=\dimen187
\tagshift@=\dimen188
\tagwidth@=\dimen189
\totwidth@=\dimen190
\lineht@=\dimen191
\@envbody=\toks30
\multlinegap=\skip56
\multlinetaggap=\skip57
\mathdisplay@stack=\toks31
LaTeX Info: Redefining \[ on input line 2665.
LaTeX Info: Redefining \] on input line 2666.
)
(/usr/share/texlive/texmf-dist/tex/latex/amsfonts/amssymb.sty
Package: amssymb 2013/01/14 v3.01 AMS font symbols

(/usr/share/texlive/texmf-dist/tex/latex/amsfonts/amsfonts.sty
Package: amsfonts 2013/01/14 v3.01 Basic AMSFonts support
\symAMSa=\mathgroup4
\symAMSb=\mathgroup5
LaTeX Font Info:    Overwriting math alphabet `\mathfrak' in version `bold'
(Font)                  U/euf/m/n --> U/euf/b/n on input line 106.
)) (./bclogo.sty
Package: bclogo 2011/07/06 v2.26
\logowidth=\skip58

(/usr/share/texmf/tex/generic/pgf/frontendlayer/tikz/libraries/tikzlibraryshado
ws.code.tex
File: tikzlibraryshadows.code.tex 2008/01/13 v2.10 (rcs-revision 1.3)

(/usr/share/texmf/tex/generic/pgf/frontendlayer/tikz/libraries/tikzlibraryfadin
gs.code.tex
File: tikzlibraryfadings.code.tex 2009/11/15 v2.10 (rcs-revision 1.2)

(/usr/share/texmf/tex/generic/pgf/libraries/pgflibraryfadings.code.tex
File: pgflibraryfadings.code.tex 2008/02/07 v2.10 (rcs-revision 1.3)
)))
(/usr/share/texmf/tex/generic/pgf/frontendlayer/tikz/libraries/tikzlibrarydecor
ations.pathmorphing.code.tex
(/usr/share/texmf/tex/generic/pgf/frontendlayer/tikz/libraries/tikzlibrarydecor
ations.code.tex
(/usr/share/texmf/tex/generic/pgf/modules/pgfmoduledecorations.code.tex
\pgfdecoratedcompleteddistance=\dimen192
\pgfdecoratedremainingdistance=\dimen193
\pgfdecoratedinputsegmentcompleteddistance=\dimen194
\pgfdecoratedinputsegmentremainingdistance=\dimen195
\pgf@decorate@distancetomove=\dimen196
\pgf@decorate@repeatstate=\count153
\pgfdecorationsegmentamplitude=\dimen197
\pgfdecorationsegmentlength=\dimen198
)
\tikz@lib@dec@box=\box37
)
(/usr/share/texmf/tex/generic/pgf/libraries/decorations/pgflibrarydecorations.p
athmorphing.code.tex))
\c@bclogocompteur=\count154
\bcval@epBarre=\skip59
\bcval@framesep=\skip60
\bcval@tailleOndu=\skip61
\bcval@borderWidth=\skip62
\bc@envbox=\box38
\bc@invbox=\box39
\bc@invboxh=\skip63
\bc@invboxd=\skip64
) (/home/djura/texmf/tex/latex/multibib/multibib.sty
Package: multibib 2008/12/10 v1.4 Multiple bibliographies for one document.
\mb@biblabelwidth=\count155
)
(/usr/share/texlive/texmf-dist/tex/latex/eso-pic/eso-pic.sty
Package: eso-pic 2013/10/06 v2.0d eso-pic (RN)
)
\@auxoutself=\write4
 (./self.aux)
\openout4 = `self.aux'.


(./simobs_thesis_final.aux)
\openout1 = `simobs_thesis_final.aux'.

LaTeX Font Info:    Checking defaults for OML/cmm/m/it on input line 28.
LaTeX Font Info:    ... okay on input line 28.
LaTeX Font Info:    Checking defaults for T1/cmr/m/n on input line 28.
LaTeX Font Info:    ... okay on input line 28.
LaTeX Font Info:    Checking defaults for OT1/cmr/m/n on input line 28.
LaTeX Font Info:    ... okay on input line 28.
LaTeX Font Info:    Checking defaults for OMS/cmsy/m/n on input line 28.
LaTeX Font Info:    ... okay on input line 28.
LaTeX Font Info:    Checking defaults for OMX/cmex/m/n on input line 28.
LaTeX Font Info:    ... okay on input line 28.
LaTeX Font Info:    Checking defaults for U/cmr/m/n on input line 28.
LaTeX Font Info:    ... okay on input line 28.
LaTeX Font Info:    Checking defaults for PD1/pdf/m/n on input line 28.
LaTeX Font Info:    ... okay on input line 28.
Package caption Info: Begin \AtBeginDocument code.
Package caption Info: hyperref package is loaded.
Package caption Info: End \AtBeginDocument code.

*geometry* driver: auto-detecting
*geometry* detected driver: pdftex
*geometry* verbose mode - [ preamble ] result:
* driver: pdftex
* paper: a4paper
* layout: <same size as paper>
* layoutoffset:(h,v)=(0.0pt,0.0pt)
* modes: twoside 
* h-part:(L,W,R)=(85.35826pt, 426.79135pt, 85.35826pt)
* v-part:(T,H,B)=(85.35826pt, 674.33032pt, 85.35826pt)
* \paperwidth=597.50787pt
* \paperheight=845.04684pt
* \textwidth=426.79135pt
* \textheight=674.33032pt
* \oddsidemargin=13.08827pt
* \evensidemargin=13.08827pt
* \topmargin=-18.78552pt
* \headheight=12.0pt
* \headsep=19.8738pt
* \topskip=11.0pt
* \footskip=27.46295pt
* \marginparwidth=106.0pt
* \marginparsep=7.0pt
* \columnsep=10.0pt
* \skip\footins=10.0pt plus 4.0pt minus 2.0pt
* \hoffset=0.0pt
* \voffset=0.0pt
* \mag=1000
* \@twocolumnfalse
* \@twosidetrue
* \@mparswitchtrue
* \@reversemarginfalse
* (1in=72.27pt=25.4mm, 1cm=28.453pt)

(/usr/share/texlive/texmf-dist/tex/context/base/supp-pdf.mkii
[Loading MPS to PDF converter (version 2006.09.02).]
\scratchcounter=\count156
\scratchdimen=\dimen199
\scratchbox=\box40
\nofMPsegments=\count157
\nofMParguments=\count158
\everyMPshowfont=\toks32
\MPscratchCnt=\count159
\MPscratchDim=\dimen200
\MPnumerator=\count160
\makeMPintoPDFobject=\count161
\everyMPtoPDFconversion=\toks33
) ABD: EveryShipout initializing macros
(/usr/share/texlive/texmf-dist/tex/latex/oberdiek/epstopdf-base.sty
Package: epstopdf-base 2010/02/09 v2.5 Base part for package epstopdf

(/usr/share/texlive/texmf-dist/tex/latex/oberdiek/grfext.sty
Package: grfext 2010/08/19 v1.1 Manage graphics extensions (HO)
)
Package grfext Info: Graphics extension search list:
(grfext)             [.mps,.png,.pdf,.jpg,.mps,.jpeg,.jbig2,.jb2,.PNG,.PDF,.JPG
,.JPEG,.JBIG2,.JB2,.eps]
(grfext)             \AppendGraphicsExtensions on input line 452.

(/usr/share/texlive/texmf-dist/tex/latex/latexconfig/epstopdf-sys.cfg
File: epstopdf-sys.cfg 2010/07/13 v1.3 Configuration of (r)epstopdf for TeX Liv
e
))
\AtBeginShipoutBox=\box41
Package hyperref Info: Link coloring OFF on input line 28.

(/usr/share/texlive/texmf-dist/tex/latex/hyperref/nameref.sty
Package: nameref 2012/10/27 v2.43 Cross-referencing by name of section

(/usr/share/texlive/texmf-dist/tex/generic/oberdiek/gettitlestring.sty
Package: gettitlestring 2010/12/03 v1.4 Cleanup title references (HO)
)
\c@section@level=\count162
)
LaTeX Info: Redefining \ref on input line 28.
LaTeX Info: Redefining \pageref on input line 28.
LaTeX Info: Redefining \nameref on input line 28.

(./simobs_thesis_final.out) (./simobs_thesis_final.out)
\@outlinefile=\write5
\openout5 = `simobs_thesis_final.out'.


<scriptiekaft.png, id=191, 373.8768pt x 511.1898pt>
File: scriptiekaft.png Graphic file (type png)
 <use scriptiekaft.png>
Package pdftex.def Info: scriptiekaft.png used on input line 52.
(pdftex.def)             Requested size: 478.00812pt x 653.5641pt.

[1{/var/lib/texmf/fonts/map/pdftex/updmap/pdftex.map}


 <./scriptiekaft.png>]
[2]
Package hyperref Info: bookmark level for unknown todo defaults to 0 on input l
ine 99.
 [3] (./self.bbl) [4] (./simobs_thesis_final.tdo
LaTeX Font Info:    Try loading font information for U+msa on input line 1.

(/usr/share/texlive/texmf-dist/tex/latex/amsfonts/umsa.fd
File: umsa.fd 2013/01/14 v3.01 AMS symbols A
)
LaTeX Font Info:    Try loading font information for U+msb on input line 1.

(/usr/share/texlive/texmf-dist/tex/latex/amsfonts/umsb.fd
File: umsb.fd 2013/01/14 v3.01 AMS symbols B
)
Overfull \hbox (22.31924pt too wide) in paragraph at lines 21--21
 [][] [][][][][][][] \OT1/cmr/m/n/10.95 Check go-to-toi-let Petri one last time
 to see if there aren't any re-dun-dant places/transitions[] [][]  
 []

[5

])
\tf@tdo=\write6
\openout6 = `simobs_thesis_final.tdo'.

 [6] [7] [8

] (./simobs_thesis_final.toc [9])
\tf@toc=\write7
\openout7 = `simobs_thesis_final.toc'.

 [10]
Chapter 1.
<pedestrians.jpg, id=404, 602.25pt x 401.5pt>
File: pedestrians.jpg Graphic file (type jpg)
 <use pedestrians.jpg>
Package pdftex.def Info: pedestrians.jpg used on input line 140.
(pdftex.def)             Requested size: 200.0pt x 133.33472pt.

Underfull \hbox (badness 10000) in paragraph at lines 137--146

 []

[1


 <./pedestrians.jpg>]
Underfull \hbox (badness 10000) in paragraph at lines 149--151

 []


Underfull \hbox (badness 2165) in paragraph at lines 149--151
\OT1/cmr/m/n/10.95 SIMOBS is a plu-gin for the mil-i-tary sim-u-la-tion toolkit
 VR-forces ([]$\OT1/cmtt/m/n/10.95 http :
 []


Underfull \hbox (badness 10000) in paragraph at lines 147--151

 []

Package hyperref Info: bookmark level for unknown bclogo defaults to 0 on input
 line 151.
File: bc-trombone.mps Graphic file (type mps)
[MP to PDF] (/home/djura/texmf/tex/latex/bclogo/latex/bc-trombone.mps)
<rotterdam_airport_pictures/Rotterdamairport.jpg, id=412, 495.8525pt x 376.4062
5pt>
File: rotterdam_airport_pictures/Rotterdamairport.jpg Graphic file (type jpg)
 <use rotterdam_airport_pictures/Rotterdamairport.jpg>
Package pdftex.def Info: rotterdam_airport_pictures/Rotterdamairport.jpg used o
n input line 155.
(pdftex.def)             Requested size: 213.39568pt x 161.98936pt.
 [2 <./rotterdam_airport_pictures/Rotterdamairport.jpg>]
LaTeX Font Info:    Try loading font information for OMS+cmr on input line 186.


(/usr/share/texlive/texmf-dist/tex/latex/base/omscmr.fd
File: omscmr.fd 1999/05/25 v2.5h Standard LaTeX font definitions
)
LaTeX Font Info:    Font shape `OMS/cmr/m/n' in size <10.95> not available
(Font)              Font shape `OMS/cmsy/m/n' tried instead on input line 186.
 [3] [4]
Chapter 2.
<boids.jpg, id=432, 642.4pt x 410.53375pt>
File: boids.jpg Graphic file (type jpg)
 <use boids.jpg>
Package pdftex.def Info: boids.jpg used on input line 254.
(pdftex.def)             Requested size: 256.07741pt x 163.65306pt.
Missing character: There is no Â in font cmr10!
Missing character: There is no ´ in font cmr10!
Missing character: There is no Â in font cmr10!
Missing character: There is no ´ in font cmr10!
 [5

 <./boids.jpg>]
[6] <./cellular_automata_crowd.png, id=470, 552.0625pt x 503.8825pt>
File: ./cellular_automata_crowd.png Graphic file (type png)

<use ./cellular_automata_crowd.png>
Package pdftex.def Info: ./cellular_automata_crowd.png used on input line 276.
(pdftex.def)             Requested size: 256.07741pt x 233.73398pt.
 [7 <./cellular_automata_crowd.png>]
<./formations.png, id=487, 573.14125pt x 603.25375pt>
File: ./formations.png Graphic file (type png)
 <use ./formations.png>
Package pdftex.def Info: ./formations.png used on input line 288.
(pdftex.def)             Requested size: 256.07741pt x 269.53786pt.
Missing character: There is no Ã in font cmr10!
Missing character: There is no © in font cmr10!

Underfull \hbox (badness 10000) in paragraph at lines 297--298

 []


Underfull \vbox (badness 10000) has occurred while \output is active []

 [8 <./formations.png>] <./thesims.png, id=502, 2055.68pt x 1156.32pt>
File: ./thesims.png Graphic file (type png)

<use ./thesims.png>
Package pdftex.def Info: ./thesims.png used on input line 310.
(pdftex.def)             Requested size: 256.07741pt x 144.02797pt.


LaTeX Warning: `h' float specifier changed to `ht'.


Underfull \hbox (badness 10000) in paragraph at lines 315--317

 []

[9] <./sung_situations_example.png, id=517, 1193.45876pt x 777.90625pt>
File: ./sung_situations_example.png Graphic file (type png)

<use ./sung_situations_example.png>
Package pdftex.def Info: ./sung_situations_example.png used on input line 324.
(pdftex.def)             Requested size: 256.07741pt x 166.91422pt.


LaTeX Warning: `!h' float specifier changed to `!ht'.

[10 <./thesims.png (PNG copy)>]
<./statemachine_situations.png, id=528, 1139.25626pt x 764.8575pt>
File: ./statemachine_situations.png Graphic file (type png)

<use ./statemachine_situations.png>
Package pdftex.def Info: ./statemachine_situations.png used on input line 349.
(pdftex.def)             Requested size: 256.07741pt x 171.91045pt.

Overfull \hbox (11.17879pt too wide) in paragraph at lines 345--353
\OT1/cmr/m/n/10.95 The dif-fer-ence be-tween de-ter-min-is-tic and non-determin
istic FSMs is that in non-deterministic
 []


LaTeX Warning: `h' float specifier changed to `ht'.

[11 <./sung_situations_example.png>]
Overfull \hbox (15.811pt too wide) in paragraph at lines 374--376
\OT1/cmr/m/n/10.95 where $(\OML/cmm/m/it/10.95 P; T; I; O; M[]\OT1/cmr/m/n/10.9
5 )$ is the marked un-timed PN un-der-ly-ing the SPN, and $^^C = (\OML/cmm/m/it
/10.95 ^^U[]; ^^U[]; [] ; ^^U[]\OT1/cmr/m/n/10.95 )$
 []

[12 <./statemachine_situations.png>]
<restaurant.png, id=547, 683.55376pt x 465.74pt>
File: restaurant.png Graphic file (type png)
 <use restaurant.png>
Package pdftex.def Info: restaurant.png used on input line 388.
(pdftex.def)             Requested size: 450.0pt x 306.61473pt.

Overfull \hbox (23.20865pt too wide) in paragraph at lines 388--389
 [] 
 []

[13] [14 <./restaurant.png (PNG copy)>] [15] [16

]
Chapter 3.
[17] [18] <example.png, id=584, 592.2125pt x 476.78125pt>
File: example.png Graphic file (type png)
 <use example.png>
Package pdftex.def Info: example.png used on input line 449.
(pdftex.def)             Requested size: 350.0pt x 281.78592pt.

Underfull \vbox (badness 10000) has occurred while \output is active []

 [19]
Missing character: There is no Â in font cmr10!
Missing character: There is no ¨ in font cmr10!

Underfull \vbox (badness 1178) has occurred while \output is active []

 [20 <./example.png>] [21] [22]
Missing character: There is no Â in font cmr10!
Missing character: There is no ¨ in font cmr10!
Missing character: There is no Â in font cmr10!
Missing character: There is no ¨ in font cmr10!

Underfull \hbox (badness 3635) in paragraph at lines 554--554
[][][][]\OT1/cmr/m/n/10.95 Check go-to-toi-let Petri one last time to see if th
ere aren't any re-dun-dant 
 []


</home/djura/vakken/svn_afstudeerstage/deadline-driven-behavior/report/petrinet
_pictures/pillarSituation.png, id=617, 371.3875pt x 265.99374pt>
File: /home/djura/vakken/svn_afstudeerstage/deadline-driven-behavior/report/pet
rinet_pictures/pillarSituation.png Graphic file (type png)

<use /home/djura/vakken/svn_afstudeerstage/deadline-driven-behavior/report/petr
inet_pictures/pillarSituation.png>
Package pdftex.def Info: /home/djura/vakken/svn_afstudeerstage/deadline-driven-
behavior/report/petrinet_pictures/pillarSituation.png used on input line 558.
(pdftex.def)             Requested size: 298.75264pt x 213.97636pt.


LaTeX Warning: `!h' float specifier changed to `!ht'.


</home/djura/vakken/svn_afstudeerstage/deadline-driven-behavior/report/petrinet
_pictures/standStillSituation.png, id=618, 235.88126pt x 250.9375pt>
File: /home/djura/vakken/svn_afstudeerstage/deadline-driven-behavior/report/pet
rinet_pictures/standStillSituation.png Graphic file (type png)

<use /home/djura/vakken/svn_afstudeerstage/deadline-driven-behavior/report/petr
inet_pictures/standStillSituation.png>
Package pdftex.def Info: /home/djura/vakken/svn_afstudeerstage/deadline-driven-
behavior/report/petrinet_pictures/standStillSituation.png used on input line 56
5.
(pdftex.def)             Requested size: 170.71393pt x 181.61295pt.


LaTeX Warning: `!h' float specifier changed to `!ht'.


</home/djura/vakken/svn_afstudeerstage/deadline-driven-behavior/report/petrinet
_pictures/twoPeopleToiletSituation_new.png, id=619, 762.85pt x 444.66125pt>
File: /home/djura/vakken/svn_afstudeerstage/deadline-driven-behavior/report/pet
rinet_pictures/twoPeopleToiletSituation_new.png Graphic file (type png)

<use /home/djura/vakken/svn_afstudeerstage/deadline-driven-behavior/report/petr
inet_pictures/twoPeopleToiletSituation_new.png>
Package pdftex.def Info: /home/djura/vakken/svn_afstudeerstage/deadline-driven-
behavior/report/petrinet_pictures/twoPeopleToiletSituation_new.png used on inpu
t line 572.
(pdftex.def)             Requested size: 426.79135pt x 248.77112pt.


LaTeX Warning: `!h' float specifier changed to `!ht'.


</home/djura/vakken/svn_afstudeerstage/deadline-driven-behavior/report/petrinet
_pictures/wanderSituation.png, id=620, 301.125pt x 218.8175pt>
File: /home/djura/vakken/svn_afstudeerstage/deadline-driven-behavior/report/pet
rinet_pictures/wanderSituation.png Graphic file (type png)

<use /home/djura/vakken/svn_afstudeerstage/deadline-driven-behavior/report/petr
inet_pictures/wanderSituation.png>
Package pdftex.def Info: /home/djura/vakken/svn_afstudeerstage/deadline-driven-
behavior/report/petrinet_pictures/wanderSituation.png used on input line 579.
(pdftex.def)             Requested size: 213.39568pt x 155.07436pt.


LaTeX Warning: `!h' float specifier changed to `!ht'.

[23] [24 </home/djura/vakken/svn_afstudeerstage/deadline-driven-behavior/report
/petrinet_pictures/pillarSituation.png (PNG copy)> </home/djura/vakken/svn_afst
udeerstage/deadline-driven-behavior/report/petrinet_pictures/standStillSituatio
n.png (PNG copy)>] [25 </home/djura/vakken/svn_afstudeerstage/deadline-driven-b
ehavior/report/petrinet_pictures/twoPeopleToiletSituation_new.png (PNG copy)> <
/home/djura/vakken/svn_afstudeerstage/deadline-driven-behavior/report/petrinet_
pictures/wanderSituation.png (PNG copy)>]
</home/djura/vakken/svn_afstudeerstage/deadline-driven-behavior/report/room_wit
h_agent.png, id=640, 803.0pt x 803.0pt>
File: /home/djura/vakken/svn_afstudeerstage/deadline-driven-behavior/report/roo
m_with_agent.png Graphic file (type png)

<use /home/djura/vakken/svn_afstudeerstage/deadline-driven-behavior/report/room
_with_agent.png>
Package pdftex.def Info: /home/djura/vakken/svn_afstudeerstage/deadline-driven-
behavior/report/room_with_agent.png used on input line 595.
(pdftex.def)             Requested size: 213.39568pt x 213.39436pt.

</home/djura/vakken/svn_afstudeerstage/deadline-driven-behavior/report/room_wit
h_agent_and_situations.png, id=641, 803.0pt x 803.0pt>
File: /home/djura/vakken/svn_afstudeerstage/deadline-driven-behavior/report/roo
m_with_agent_and_situations.png Graphic file (type png)

<use /home/djura/vakken/svn_afstudeerstage/deadline-driven-behavior/report/room
_with_agent_and_situations.png>
Package pdftex.def Info: /home/djura/vakken/svn_afstudeerstage/deadline-driven-
behavior/report/room_with_agent_and_situations.png used on input line 601.
(pdftex.def)             Requested size: 213.39568pt x 213.39436pt.
 [26

 </home/djura/vakken/svn_afstudeerstage/deadline-driven-behavior/report/room_wi
th_agent.png> </home/djura/vakken/svn_afstudeerstage/deadline-driven-behavior/r
eport/room_with_agent_and_situations.png>]
Underfull \hbox (badness 10000) in paragraph at lines 611--611

 []


</home/djura/vakken/svn_afstudeerstage/deadline-driven-behavior/report/petrinet
_pictures/examplePedestrianNet.png, id=655, 205.76875pt x 160.6pt>
File: /home/djura/vakken/svn_afstudeerstage/deadline-driven-behavior/report/pet
rinet_pictures/examplePedestrianNet.png Graphic file (type png)

<use /home/djura/vakken/svn_afstudeerstage/deadline-driven-behavior/report/petr
inet_pictures/examplePedestrianNet.png>
Package pdftex.def Info: /home/djura/vakken/svn_afstudeerstage/deadline-driven-
behavior/report/petrinet_pictures/examplePedestrianNet.png used on input line 6
36.
(pdftex.def)             Requested size: 213.39568pt x 166.55444pt.

</home/djura/vakken/svn_afstudeerstage/deadline-driven-behavior/report/petrinet
_pictures/sitOnBenchExample.png, id=656, 296.10625pt x 279.0425pt>
File: /home/djura/vakken/svn_afstudeerstage/deadline-driven-behavior/report/pet
rinet_pictures/sitOnBenchExample.png Graphic file (type png)

<use /home/djura/vakken/svn_afstudeerstage/deadline-driven-behavior/report/petr
inet_pictures/sitOnBenchExample.png>
Package pdftex.def Info: /home/djura/vakken/svn_afstudeerstage/deadline-driven-
behavior/report/petrinet_pictures/sitOnBenchExample.png used on input line 642.

(pdftex.def)             Requested size: 213.39568pt x 201.10204pt.

</home/djura/vakken/svn_afstudeerstage/deadline-driven-behavior/report/petrinet
_pictures/wanderExample.png, id=657, 296.10625pt x 220.825pt>
File: /home/djura/vakken/svn_afstudeerstage/deadline-driven-behavior/report/pet
rinet_pictures/wanderExample.png Graphic file (type png)

<use /home/djura/vakken/svn_afstudeerstage/deadline-driven-behavior/report/petr
inet_pictures/wanderExample.png>
Package pdftex.def Info: /home/djura/vakken/svn_afstudeerstage/deadline-driven-
behavior/report/petrinet_pictures/wanderExample.png used on input line 649.
(pdftex.def)             Requested size: 213.39568pt x 159.1455pt.


LaTeX Warning: `!h' float specifier changed to `!ht'.


</home/djura/vakken/svn_afstudeerstage/deadline-driven-behavior/report/petrinet
_pictures/connectedExample.png, id=658, 642.4pt x 449.68pt>
File: /home/djura/vakken/svn_afstudeerstage/deadline-driven-behavior/report/pet
rinet_pictures/connectedExample.png Graphic file (type png)

<use /home/djura/vakken/svn_afstudeerstage/deadline-driven-behavior/report/petr
inet_pictures/connectedExample.png>
Package pdftex.def Info: /home/djura/vakken/svn_afstudeerstage/deadline-driven-
behavior/report/petrinet_pictures/connectedExample.png used on input line 656.
(pdftex.def)             Requested size: 426.79135pt x 298.75897pt.


LaTeX Warning: `!h' float specifier changed to `!ht'.


Underfull \hbox (badness 10000) in paragraph at lines 661--665

 []

[27 </home/djura/vakken/svn_afstudeerstage/deadline-driven-behavior/report/petr
inet_pictures/examplePedestrianNet.png> </home/djura/vakken/svn_afstudeerstage/
deadline-driven-behavior/report/petrinet_pictures/sitOnBenchExample.png>]
[28 </home/djura/vakken/svn_afstudeerstage/deadline-driven-behavior/report/petr
inet_pictures/wanderExample.png> </home/djura/vakken/svn_afstudeerstage/deadlin
e-driven-behavior/report/petrinet_pictures/connectedExample.png>] [29] [30

]
Chapter 4.

<"./qualitative experiment pictures/zoomed_in_toiletsituation_reallife".png, id
=688, 713.66624pt x 478.78876pt>
File: "./qualitative experiment pictures/zoomed_in_toiletsituation_reallife".pn
g Graphic file (type png)

<use "./qualitative experiment pictures/zoomed_in_toiletsituation_reallife".png
>
Package pdftex.def Info: "./qualitative experiment pictures/zoomed_in_toiletsit
uation_reallife".png used on input line 704.
(pdftex.def)             Requested size: 213.39568pt x 143.16286pt.
 [31]
<"./qualitative experiment pictures/zoomed_in_leanagainstpillar_reallife".png, 
id=697, 707.64375pt x 686.565pt>
File: "./qualitative experiment pictures/zoomed_in_leanagainstpillar_reallife".
png Graphic file (type png)

<use "./qualitative experiment pictures/zoomed_in_leanagainstpillar_reallife".p
ng>
Package pdftex.def Info: "./qualitative experiment pictures/zoomed_in_leanagain
stpillar_reallife".png used on input line 710.
(pdftex.def)             Requested size: 213.39568pt x 207.02917pt.

<"./qualitative experiment pictures/zoomed_in_standstill_reallife".png, id=698,
 638.385pt x 454.69875pt>
File: "./qualitative experiment pictures/zoomed_in_standstill_reallife".png Gra
phic file (type png)

<use "./qualitative experiment pictures/zoomed_in_standstill_reallife".png>
Package pdftex.def Info: "./qualitative experiment pictures/zoomed_in_standstil
l_reallife".png used on input line 716.
(pdftex.def)             Requested size: 213.39568pt x 151.99373pt.
Missing character: There is no Â in font cmr10!
Missing character: There is no ¨ in font cmr10!
Missing character: There is no Â in font cmr10!
Missing character: There is no ¨ in font cmr10!
Missing character: There is no Â in font cmr10!
Missing character: There is no ¨ in font cmr10!
Missing character: There is no Â in font cmr10!
Missing character: There is no ¨ in font cmr10!

<"./qualitative experiment pictures/wander_tracked_cropped".png, id=699, 996.72
375pt x 608.2725pt>
File: "./qualitative experiment pictures/wander_tracked_cropped".png Graphic fi
le (type png)

<use "./qualitative experiment pictures/wander_tracked_cropped".png>
Package pdftex.def Info: "./qualitative experiment pictures/wander_tracked_crop
ped".png used on input line 722.
(pdftex.def)             Requested size: 213.39568pt x 130.22842pt.
 [32 <./qualitative experiment pictures/zoomed_in_toiletsituation_reallife.png>
 <./qualitative experiment pictures/zoomed_in_leanagainstpillar_reallife.png>] 
[33 <./qualitative experiment pictures/zoomed_in_standstill_reallife.png> <./qu
alitative experiment pictures/wander_tracked_cropped.png>] [34] [35]
<fastWanderSituation.png, id=726, 281.05pt x 220.825pt>
File: fastWanderSituation.png Graphic file (type png)

<use fastWanderSituation.png>
Package pdftex.def Info: fastWanderSituation.png used on input line 825.
(pdftex.def)             Requested size: 213.39568pt x 167.66699pt.

<slowWanderSituation.png, id=727, 296.10625pt x 220.825pt>
File: slowWanderSituation.png Graphic file (type png)

<use slowWanderSituation.png>
Package pdftex.def Info: slowWanderSituation.png used on input line 832.
(pdftex.def)             Requested size: 213.39568pt x 159.1455pt.

Overfull \hbox (4.86667pt too wide) in paragraph at lines 824--836
 [][]  [] 
 []

[36 <./fastWanderSituation.png (PNG copy)> <./slowWanderSituation.png (PNG copy
)>]
Chapter 5.

<"./qualitative experiment pictures/simulated_gototoilet_cropped".png, id=739, 
1475.5125pt x 825.0825pt>
File: "./qualitative experiment pictures/simulated_gototoilet_cropped".png Grap
hic file (type png)

<use "./qualitative experiment pictures/simulated_gototoilet_cropped".png>
Package pdftex.def Info: "./qualitative experiment pictures/simulated_gototoile
t_cropped".png used on input line 853.
(pdftex.def)             Requested size: 298.75264pt x 167.05312pt.


LaTeX Warning: `!h' float specifier changed to `!ht'.


<"./qualitative experiment pictures/simulated_pillarsituation_cropped".png, id=
740, 1053.9375pt x 761.84625pt>
File: "./qualitative experiment pictures/simulated_pillarsituation_cropped".png
 Graphic file (type png)

<use "./qualitative experiment pictures/simulated_pillarsituation_cropped".png>
Package pdftex.def Info: "./qualitative experiment pictures/simulated_pillarsit
uation_cropped".png used on input line 859.
(pdftex.def)             Requested size: 298.75264pt x 215.95433pt.

LaTeX Warning: `!h' float specifier changed to `!ht'.


<"./qualitative experiment pictures/simulated_standstillsituation_cropped".png,
 id=741, 978.65625pt x 716.6775pt>
File: "./qualitative experiment pictures/simulated_standstillsituation_cropped"
.png Graphic file (type png)

<use "./qualitative experiment pictures/simulated_standstillsituation_cropped".
png>
Package pdftex.def Info: "./qualitative experiment pictures/simulated_standstil
lsituation_cropped".png used on input line 865.
(pdftex.def)             Requested size: 298.75264pt x 218.7777pt.
Missing character: There is no Â in font cmr10!
Missing character: There is no ¨ in font cmr10!
Missing character: There is no Â in font cmr10!
Missing character: There is no ¨ in font cmr10!
Missing character: There is no Â in font cmr10!
Missing character: There is no ¨ in font cmr10!
Missing character: There is no Â in font cmr10!
Missing character: There is no ¨ in font cmr10!


LaTeX Warning: `!h' float specifier changed to `!ht'.


<"./qualitative experiment pictures/simulated_wander_cropped".png, id=742, 1047
.915pt x 647.41875pt>
File: "./qualitative experiment pictures/simulated_wander_cropped".png Graphic 
file (type png)

<use "./qualitative experiment pictures/simulated_wander_cropped".png>
Package pdftex.def Info: "./qualitative experiment pictures/simulated_wander_cr
opped".png used on input line 871.
(pdftex.def)             Requested size: 298.75264pt x 184.56564pt.
Missing character: There is no Â in font cmr10!
Missing character: There is no ¨ in font cmr10!
Missing character: There is no Â in font cmr10!
Missing character: There is no ¨ in font cmr10!
Missing character: There is no Â in font cmr10!
Missing character: There is no ¨ in font cmr10!
Missing character: There is no Â in font cmr10!
Missing character: There is no ¨ in font cmr10!


LaTeX Warning: `!h' float specifier changed to `!ht'.

[37

] [38 <./qualitative experiment pictures/simulated_gototoilet_cropped.png> <./q
ualitative experiment pictures/simulated_pillarsituation_cropped.png>]
[39 <./qualitative experiment pictures/simulated_standstillsituation_cropped.pn
g> <./qualitative experiment pictures/simulated_wander_cropped.png>]
</home/djura/vakken/svn_afstudeerstage/deadline-driven-behavior/hulpscriptjes/g
oodresults/linear0to1goal1to0.png, id=760, 1064.778pt x 645.612pt>
File: /home/djura/vakken/svn_afstudeerstage/deadline-driven-behavior/hulpscript
jes/goodresults/linear0to1goal1to0.png Graphic file (type png)

<use /home/djura/vakken/svn_afstudeerstage/deadline-driven-behavior/hulpscriptj
es/goodresults/linear0to1goal1to0.png>
Package pdftex.def Info: /home/djura/vakken/svn_afstudeerstage/deadline-driven-
behavior/hulpscriptjes/goodresults/linear0to1goal1to0.png used on input line 89
3.
(pdftex.def)             Requested size: 285.94942pt x 173.3817pt.

</home/djura/vakken/svn_afstudeerstage/deadline-driven-behavior/hulpscriptjes/g
oodresults/sigmoid100_0_10_1_goal1to0.png, id=761, 1069.596pt x 645.612pt>
File: /home/djura/vakken/svn_afstudeerstage/deadline-driven-behavior/hulpscript
jes/goodresults/sigmoid100_0_10_1_goal1to0.png Graphic file (type png)

<use /home/djura/vakken/svn_afstudeerstage/deadline-driven-behavior/hulpscriptj
es/goodresults/sigmoid100_0_10_1_goal1to0.png>
Package pdftex.def Info: /home/djura/vakken/svn_afstudeerstage/deadline-driven-
behavior/hulpscriptjes/goodresults/sigmoid100_0_10_1_goal1to0.png used on input
 line 900.
(pdftex.def)             Requested size: 285.94942pt x 172.60345pt.


LaTeX Warning: `!h' float specifier changed to `!ht'.


</home/djura/vakken/svn_afstudeerstage/deadline-driven-behavior/hulpscriptjes/g
oodresults/gaussian200_50_1_goal1to0.png, id=762, 1069.596pt x 645.612pt>
File: /home/djura/vakken/svn_afstudeerstage/deadline-driven-behavior/hulpscript
jes/goodresults/gaussian200_50_1_goal1to0.png Graphic file (type png)

<use /home/djura/vakken/svn_afstudeerstage/deadline-driven-behavior/hulpscriptj
es/goodresults/gaussian200_50_1_goal1to0.png>
Package pdftex.def Info: /home/djura/vakken/svn_afstudeerstage/deadline-driven-
behavior/hulpscriptjes/goodresults/gaussian200_50_1_goal1to0.png used on input 
line 907.
(pdftex.def)             Requested size: 285.94942pt x 172.60345pt.


LaTeX Warning: `!h' float specifier changed to `!ht'.

[40

 </home/djura/vakken/svn_afstudeerstage/deadline-driven-behavior/hulpscriptjes/
goodresults/linear0to1goal1to0.png (PNG copy)>]
</home/djura/vakken/svn_afstudeerstage/deadline-driven-behavior/hulpscriptjes/g
oodresults/linear0to1_goal01to0.png, id=776, 1064.778pt x 645.612pt>
File: /home/djura/vakken/svn_afstudeerstage/deadline-driven-behavior/hulpscript
jes/goodresults/linear0to1_goal01to0.png Graphic file (type png)

<use /home/djura/vakken/svn_afstudeerstage/deadline-driven-behavior/hulpscriptj
es/goodresults/linear0to1_goal01to0.png>
Package pdftex.def Info: /home/djura/vakken/svn_afstudeerstage/deadline-driven-
behavior/hulpscriptjes/goodresults/linear0to1_goal01to0.png used on input line 
917.
(pdftex.def)             Requested size: 285.94942pt x 173.3817pt.


LaTeX Warning: `!h' float specifier changed to `!ht'.


</home/djura/vakken/svn_afstudeerstage/deadline-driven-behavior/hulpscriptjes/g
oodresults/sigmoid_100_0_10_1goal01to0.png, id=777, 868.846pt x 460.922pt>
File: /home/djura/vakken/svn_afstudeerstage/deadline-driven-behavior/hulpscript
jes/goodresults/sigmoid_100_0_10_1goal01to0.png Graphic file (type png)

<use /home/djura/vakken/svn_afstudeerstage/deadline-driven-behavior/hulpscriptj
es/goodresults/sigmoid_100_0_10_1goal01to0.png>
Package pdftex.def Info: /home/djura/vakken/svn_afstudeerstage/deadline-driven-
behavior/hulpscriptjes/goodresults/sigmoid_100_0_10_1goal01to0.png used on inpu
t line 924.
(pdftex.def)             Requested size: 285.94942pt x 151.68977pt.


LaTeX Warning: `!h' float specifier changed to `!ht'.


</home/djura/vakken/svn_afstudeerstage/deadline-driven-behavior/hulpscriptjes/g
oodresults/gaussian200_50_1_goal01to0.png, id=778, 1069.596pt x 645.612pt>
File: /home/djura/vakken/svn_afstudeerstage/deadline-driven-behavior/hulpscript
jes/goodresults/gaussian200_50_1_goal01to0.png Graphic file (type png)

<use /home/djura/vakken/svn_afstudeerstage/deadline-driven-behavior/hulpscriptj
es/goodresults/gaussian200_50_1_goal01to0.png>
Package pdftex.def Info: /home/djura/vakken/svn_afstudeerstage/deadline-driven-
behavior/hulpscriptjes/goodresults/gaussian200_50_1_goal01to0.png used on input
 line 931.
(pdftex.def)             Requested size: 285.94942pt x 172.60345pt.


LaTeX Warning: `!h' float specifier changed to `!ht'.


</home/djura/vakken/svn_afstudeerstage/deadline-driven-behavior/hulpscriptjes/g
oodresults/linear0_1_200_goalsigmoid_100_0_-10_1.png, id=782, 1064.778pt x 646.
415pt>
File: /home/djura/vakken/svn_afstudeerstage/deadline-driven-behavior/hulpscript
jes/goodresults/linear0_1_200_goalsigmoid_100_0_-10_1.png Graphic file (type pn
g)

<use /home/djura/vakken/svn_afstudeerstage/deadline-driven-behavior/hulpscriptj
es/goodresults/linear0_1_200_goalsigmoid_100_0_-10_1.png>
Package pdftex.def Info: /home/djura/vakken/svn_afstudeerstage/deadline-driven-
behavior/hulpscriptjes/goodresults/linear0_1_200_goalsigmoid_100_0_-10_1.png us
ed on input line 941.
(pdftex.def)             Requested size: 285.94942pt x 173.59735pt.


LaTeX Warning: `!h' float specifier changed to `!ht'.


</home/djura/vakken/svn_afstudeerstage/deadline-driven-behavior/hulpscriptjes/g
oodresults/sigmoid100_0_10_1_goalsigmoid100_0_-10_1.png, id=783, 873.664pt x 46
1.725pt>
File: /home/djura/vakken/svn_afstudeerstage/deadline-driven-behavior/hulpscript
jes/goodresults/sigmoid100_0_10_1_goalsigmoid100_0_-10_1.png Graphic file (type
 png)

<use /home/djura/vakken/svn_afstudeerstage/deadline-driven-behavior/hulpscriptj
es/goodresults/sigmoid100_0_10_1_goalsigmoid100_0_-10_1.png>
Package pdftex.def Info: /home/djura/vakken/svn_afstudeerstage/deadline-driven-
behavior/hulpscriptjes/goodresults/sigmoid100_0_10_1_goalsigmoid100_0_-10_1.png
 used on input line 949.
(pdftex.def)             Requested size: 285.94942pt x 151.1227pt.


LaTeX Warning: `!h' float specifier changed to `!ht'.


</home/djura/vakken/svn_afstudeerstage/deadline-driven-behavior/hulpscriptjes/g
oodresults/gaussian200_50_1_goalsigmoid_100_0_-1_1.png, id=784, 873.664pt x 461
.725pt>
File: /home/djura/vakken/svn_afstudeerstage/deadline-driven-behavior/hulpscript
jes/goodresults/gaussian200_50_1_goalsigmoid_100_0_-1_1.png Graphic file (type 
png)

<use /home/djura/vakken/svn_afstudeerstage/deadline-driven-behavior/hulpscriptj
es/goodresults/gaussian200_50_1_goalsigmoid_100_0_-1_1.png>
Package pdftex.def Info: /home/djura/vakken/svn_afstudeerstage/deadline-driven-
behavior/hulpscriptjes/goodresults/gaussian200_50_1_goalsigmoid_100_0_-1_1.png 
used on input line 956.
(pdftex.def)             Requested size: 285.94942pt x 151.1227pt.


LaTeX Warning: `!h' float specifier changed to `!ht'.


</home/djura/vakken/svn_afstudeerstage/deadline-driven-behavior/hulpscriptjes/g
oodresults/linear0_1_200_goalgaussian_0_50_1.png, id=788, 873.664pt x 461.725pt
>
File: /home/djura/vakken/svn_afstudeerstage/deadline-driven-behavior/hulpscript
jes/goodresults/linear0_1_200_goalgaussian_0_50_1.png Graphic file (type png)

<use /home/djura/vakken/svn_afstudeerstage/deadline-driven-behavior/hulpscriptj
es/goodresults/linear0_1_200_goalgaussian_0_50_1.png>
Package pdftex.def Info: /home/djura/vakken/svn_afstudeerstage/deadline-driven-
behavior/hulpscriptjes/goodresults/linear0_1_200_goalgaussian_0_50_1.png used o
n input line 964.
(pdftex.def)             Requested size: 285.94942pt x 151.1227pt.


LaTeX Warning: `!h' float specifier changed to `!ht'.


</home/djura/vakken/svn_afstudeerstage/deadline-driven-behavior/hulpscriptjes/g
oodresults/sigmoid100_0_10_1_goalgaussian0_50_1.png, id=789, 873.664pt x 461.72
5pt>
File: /home/djura/vakken/svn_afstudeerstage/deadline-driven-behavior/hulpscript
jes/goodresults/sigmoid100_0_10_1_goalgaussian0_50_1.png Graphic file (type png
)

<use /home/djura/vakken/svn_afstudeerstage/deadline-driven-behavior/hulpscriptj
es/goodresults/sigmoid100_0_10_1_goalgaussian0_50_1.png>
Package pdftex.def Info: /home/djura/vakken/svn_afstudeerstage/deadline-driven-
behavior/hulpscriptjes/goodresults/sigmoid100_0_10_1_goalgaussian0_50_1.png use
d on input line 971.
(pdftex.def)             Requested size: 285.94942pt x 151.1227pt.


LaTeX Warning: `!h' float specifier changed to `!ht'.


</home/djura/vakken/svn_afstudeerstage/deadline-driven-behavior/hulpscriptjes/g
oodresults/gaussian200_50_1_goalgaussian0_50_1.png, id=790, 868.846pt x 461.725
pt>
File: /home/djura/vakken/svn_afstudeerstage/deadline-driven-behavior/hulpscript
jes/goodresults/gaussian200_50_1_goalgaussian0_50_1.png Graphic file (type png)


<use /home/djura/vakken/svn_afstudeerstage/deadline-driven-behavior/hulpscriptj
es/goodresults/gaussian200_50_1_goalgaussian0_50_1.png>
Package pdftex.def Info: /home/djura/vakken/svn_afstudeerstage/deadline-driven-
behavior/hulpscriptjes/goodresults/gaussian200_50_1_goalgaussian0_50_1.png used
 on input line 978.
(pdftex.def)             Requested size: 285.94942pt x 151.95404pt.


LaTeX Warning: `!h' float specifier changed to `!ht'.

[41 </home/djura/vakken/svn_afstudeerstage/deadline-driven-behavior/hulpscriptj
es/goodresults/sigmoid100_0_10_1_goal1to0.png (PNG copy)> </home/djura/vakken/s
vn_afstudeerstage/deadline-driven-behavior/hulpscriptjes/goodresults/gaussian20
0_50_1_goal1to0.png (PNG copy)>] [42 </home/djura/vakken/svn_afstudeerstage/dea
dline-driven-behavior/hulpscriptjes/goodresults/linear0to1_goal01to0.png (PNG c
opy)> </home/djura/vakken/svn_afstudeerstage/deadline-driven-behavior/hulpscrip
tjes/goodresults/sigmoid_100_0_10_1goal01to0.png (PNG copy)> </home/djura/vakke
n/svn_afstudeerstage/deadline-driven-behavior/hulpscriptjes/goodresults/gaussia
n200_50_1_goal01to0.png (PNG copy)>] [43 </home/djura/vakken/svn_afstudeerstage
/deadline-driven-behavior/hulpscriptjes/goodresults/linear0_1_200_goalsigmoid_1
00_0_-10_1.png (PNG copy)> </home/djura/vakken/svn_afstudeerstage/deadline-driv
en-behavior/hulpscriptjes/goodresults/sigmoid100_0_10_1_goalsigmoid100_0_-10_1.
png (PNG copy)> </home/djura/vakken/svn_afstudeerstage/deadline-driven-behavior
/hulpscriptjes/goodresults/gaussian200_50_1_goalsigmoid_100_0_-1_1.png (PNG cop
y)>] [44 </home/djura/vakken/svn_afstudeerstage/deadline-driven-behavior/hulpsc
riptjes/goodresults/linear0_1_200_goalgaussian_0_50_1.png (PNG copy)> </home/dj
ura/vakken/svn_afstudeerstage/deadline-driven-behavior/hulpscriptjes/goodresult
s/sigmoid100_0_10_1_goalgaussian0_50_1.png (PNG copy)> </home/djura/vakken/svn_
afstudeerstage/deadline-driven-behavior/hulpscriptjes/goodresults/gaussian200_5
0_1_goalgaussian0_50_1.png (PNG copy)>] [45

]
</home/djura/vakken/svn_afstudeerstage/deadline-driven-behavior/hulpscriptjes/g
oodresults/constant1_cropped.png, id=835, 868.846pt x 460.922pt>
File: /home/djura/vakken/svn_afstudeerstage/deadline-driven-behavior/hulpscript
jes/goodresults/constant1_cropped.png Graphic file (type png)

<use /home/djura/vakken/svn_afstudeerstage/deadline-driven-behavior/hulpscriptj
es/goodresults/constant1_cropped.png>
Package pdftex.def Info: /home/djura/vakken/svn_afstudeerstage/deadline-driven-
behavior/hulpscriptjes/goodresults/constant1_cropped.png used on input line 107
2.
(pdftex.def)             Requested size: 285.94942pt x 151.68977pt.

</home/djura/vakken/svn_afstudeerstage/deadline-driven-behavior/hulpscriptjes/g
oodresults/linear0to1_100agents.png, id=842, 873.664pt x 460.922pt>
File: /home/djura/vakken/svn_afstudeerstage/deadline-driven-behavior/hulpscript
jes/goodresults/linear0to1_100agents.png Graphic file (type png)

<use /home/djura/vakken/svn_afstudeerstage/deadline-driven-behavior/hulpscriptj
es/goodresults/linear0to1_100agents.png>
Package pdftex.def Info: /home/djura/vakken/svn_afstudeerstage/deadline-driven-
behavior/hulpscriptjes/goodresults/linear0to1_100agents.png used on input line 
1086.
(pdftex.def)             Requested size: 285.94942pt x 150.85986pt.

</home/djura/vakken/svn_afstudeerstage/deadline-driven-behavior/hulpscriptjes/g
oodresults/linear0to05_100agents.png, id=843, 873.664pt x 460.922pt>
File: /home/djura/vakken/svn_afstudeerstage/deadline-driven-behavior/hulpscript
jes/goodresults/linear0to05_100agents.png Graphic file (type png)

<use /home/djura/vakken/svn_afstudeerstage/deadline-driven-behavior/hulpscriptj
es/goodresults/linear0to05_100agents.png>
Package pdftex.def Info: /home/djura/vakken/svn_afstudeerstage/deadline-driven-
behavior/hulpscriptjes/goodresults/linear0to05_100agents.png used on input line
 1094.
(pdftex.def)             Requested size: 285.94942pt x 150.85986pt.

</home/djura/vakken/svn_afstudeerstage/deadline-driven-behavior/hulpscriptjes/g
oodresults/linear0to01_100agents.png, id=844, 868.846pt x 460.922pt>
File: /home/djura/vakken/svn_afstudeerstage/deadline-driven-behavior/hulpscript
jes/goodresults/linear0to01_100agents.png Graphic file (type png)

<use /home/djura/vakken/svn_afstudeerstage/deadline-driven-behavior/hulpscriptj
es/goodresults/linear0to01_100agents.png>
Package pdftex.def Info: /home/djura/vakken/svn_afstudeerstage/deadline-driven-
behavior/hulpscriptjes/goodresults/linear0to01_100agents.png used on input line
 1101.
(pdftex.def)             Requested size: 285.94942pt x 151.68977pt.

</home/djura/vakken/svn_afstudeerstage/deadline-driven-behavior/hulpscriptjes/g
oodresults/sigmoid100_0_10_1.png, id=845, 868.846pt x 461.725pt>
File: /home/djura/vakken/svn_afstudeerstage/deadline-driven-behavior/hulpscript
jes/goodresults/sigmoid100_0_10_1.png Graphic file (type png)

<use /home/djura/vakken/svn_afstudeerstage/deadline-driven-behavior/hulpscriptj
es/goodresults/sigmoid100_0_10_1.png>
Package pdftex.def Info: /home/djura/vakken/svn_afstudeerstage/deadline-driven-
behavior/hulpscriptjes/goodresults/sigmoid100_0_10_1.png used on input line 110
8.
(pdftex.def)             Requested size: 285.94942pt x 151.95404pt.

</home/djura/vakken/svn_afstudeerstage/deadline-driven-behavior/hulpscriptjes/g
oodresults/gaussian_mean200_sigma50_100_max1.png, id=846, 868.846pt x 460.922pt
>
File: /home/djura/vakken/svn_afstudeerstage/deadline-driven-behavior/hulpscript
jes/goodresults/gaussian_mean200_sigma50_100_max1.png Graphic file (type png)

<use /home/djura/vakken/svn_afstudeerstage/deadline-driven-behavior/hulpscriptj
es/goodresults/gaussian_mean200_sigma50_100_max1.png>
Package pdftex.def Info: /home/djura/vakken/svn_afstudeerstage/deadline-driven-
behavior/hulpscriptjes/goodresults/gaussian_mean200_sigma50_100_max1.png used o
n input line 1115.
(pdftex.def)             Requested size: 285.94942pt x 151.68977pt.
 [46 </home/djura/vakken/svn_afstudeerstage/deadline-driven-behavior/hulpscript
jes/goodresults/constant1_cropped.png (PNG copy)>] [47 </home/djura/vakken/svn_
afstudeerstage/deadline-driven-behavior/hulpscriptjes/goodresults/linear0to1_10
0agents.png (PNG copy)> </home/djura/vakken/svn_afstudeerstage/deadline-driven-
behavior/hulpscriptjes/goodresults/linear0to05_100agents.png (PNG copy)> </home
/djura/vakken/svn_afstudeerstage/deadline-driven-behavior/hulpscriptjes/goodres
ults/linear0to01_100agents.png (PNG copy)>] [48 </home/djura/vakken/svn_afstude
erstage/deadline-driven-behavior/hulpscriptjes/goodresults/sigmoid100_0_10_1.pn
g (PNG copy)> </home/djura/vakken/svn_afstudeerstage/deadline-driven-behavior/h
ulpscriptjes/goodresults/gaussian_mean200_sigma50_100_max1.png (PNG copy)>]
Chapter 6.
[49

] [50] (./simobs_thesis_final.bbl [51] [52

]
Missing character: There is no ï in font cmti10!
Missing character: There is no ¿ in font cmti10!
Missing character: There is no ½ in font cmti10!
Missing character: There is no â in font cmti10!
Missing character: There is no  in font cmti10!
Missing character: There is no  in font cmti10!
 [53])
Package atveryend Info: Empty hook `BeforeClearDocument' on input line 1225.
 [54]
Package atveryend Info: Empty hook `AfterLastShipout' on input line 1225.

(./simobs_thesis_final.aux)
Package atveryend Info: Executing hook `AtVeryEndDocument' on input line 1225.
Package atveryend Info: Executing hook `AtEndAfterFileList' on input line 1225.

Package rerunfilecheck Info: File `simobs_thesis_final.out' has not changed.
(rerunfilecheck)             Checksum: A6CE0165637F66C296C9A687C1AEF4D1;3235.


LaTeX Warning: Label(s) may have changed. Rerun to get cross-references right.

Package atveryend Info: Empty hook `AtVeryVeryEnd' on input line 1225.
 ) 
Here is how much of TeX's memory you used:
 18571 strings out of 495028
 343475 string characters out of 6181496
 405456 words of memory out of 5000000
 21111 multiletter control sequences out of 15000+600000
 15014 words of font info for 54 fonts, out of 8000000 for 9000
 14 hyphenation exceptions out of 8191
 63i,13n,78p,2327b,762s stack positions out of 5000i,500n,10000p,200000b,80000s
</usr/share/texlive/texmf-dist/fonts/type1/public/amsfonts/cm/cmbx10.pfb></us
r/share/texlive/texmf-dist/fonts/type1/public/amsfonts/cm/cmbx12.pfb></usr/shar
e/texlive/texmf-dist/fonts/type1/public/amsfonts/cm/cmbxti10.pfb></usr/share/te
xlive/texmf-dist/fonts/type1/public/amsfonts/cm/cmex10.pfb></usr/share/texlive/
texmf-dist/fonts/type1/public/amsfonts/cm/cmmi10.pfb></usr/share/texlive/texmf-
dist/fonts/type1/public/amsfonts/cm/cmmi6.pfb></usr/share/texlive/texmf-dist/fo
nts/type1/public/amsfonts/cm/cmmi8.pfb></usr/share/texlive/texmf-dist/fonts/typ
e1/public/amsfonts/cm/cmmib10.pfb></usr/share/texlive/texmf-dist/fonts/type1/pu
blic/amsfonts/cm/cmr10.pfb></usr/share/texlive/texmf-dist/fonts/type1/public/am
sfonts/cm/cmr17.pfb></usr/share/texlive/texmf-dist/fonts/type1/public/amsfonts/
cm/cmr6.pfb></usr/share/texlive/texmf-dist/fonts/type1/public/amsfonts/cm/cmr8.
pfb></usr/share/texlive/texmf-dist/fonts/type1/public/amsfonts/cm/cmsl10.pfb></
usr/share/texlive/texmf-dist/fonts/type1/public/amsfonts/cm/cmsy10.pfb></usr/sh
are/texlive/texmf-dist/fonts/type1/public/amsfonts/cm/cmsy6.pfb></usr/share/tex
live/texmf-dist/fonts/type1/public/amsfonts/cm/cmsy8.pfb></usr/share/texlive/te
xmf-dist/fonts/type1/public/amsfonts/cm/cmti10.pfb></usr/share/texlive/texmf-di
st/fonts/type1/public/amsfonts/cm/cmtt10.pfb></usr/share/texlive/texmf-dist/fon
ts/type1/public/amsfonts/symbols/msam10.pfb>
Output written on simobs_thesis_final.pdf (64 pages, 5355492 bytes).
PDF statistics:
 1012 PDF objects out of 1200 (max. 8388607)
 843 compressed objects within 9 object streams
 236 named destinations out of 1000 (max. 500000)
 690 words of extra memory for PDF output out of 10000 (max. 10000000)

