\BOOKMARK [0][-]{chapter*.2}{Abstract}{}
\BOOKMARK [0][-]{chapter*.3}{Abstract}{}
\BOOKMARK [1][-]{section.0.1}{Introduction}{chapter*.3}
\BOOKMARK [2][-]{subsection.0.1.1}{SIMOBS}{section.0.1}
\BOOKMARK [1][-]{section.0.2}{Related Work}{chapter*.3}
\BOOKMARK [2][-]{subsection.0.2.1}{Designing the Situational Behaviors}{section.0.2}
\BOOKMARK [2][-]{subsection.0.2.2}{Group Interaction}{section.0.2}
\BOOKMARK [2][-]{subsection.0.2.3}{Interaction with Objects}{section.0.2}
\BOOKMARK [2][-]{subsection.0.2.4}{Designing the Behavior Structure in the Environment}{section.0.2}
\BOOKMARK [2][-]{subsection.0.2.5}{General Behavior Modeling}{section.0.2}
\BOOKMARK [2][-]{subsection.0.2.6}{Time Planning}{section.0.2}
\BOOKMARK [2][-]{subsection.0.2.7}{Which Techniques Can We Use?}{section.0.2}
\BOOKMARK [1][-]{section.0.3}{Method}{chapter*.3}
\BOOKMARK [2][-]{subsection.0.3.1}{PIPE2}{section.0.3}
\BOOKMARK [2][-]{subsection.0.3.2}{Pedestrian Layer}{section.0.3}
\BOOKMARK [2][-]{subsection.0.3.3}{Assumptions}{section.0.3}
\BOOKMARK [2][-]{subsection.0.3.4}{Preparations}{section.0.3}
\BOOKMARK [1][-]{section.0.4}{Experiments}{chapter*.3}
\BOOKMARK [2][-]{subsection.0.4.1}{Quantitative Experiment}{section.0.4}
\BOOKMARK [2][-]{subsection.0.4.2}{Qualitative Experiment}{section.0.4}
\BOOKMARK [2][-]{subsection.0.4.3}{Results}{section.0.4}
\BOOKMARK [2][-]{subsection.0.4.4}{Results 2}{section.0.4}
\BOOKMARK [1][-]{section.0.5}{Conclusion \046 Discussion}{chapter*.3}
\BOOKMARK [2][-]{subsection.0.5.1}{Limits of the Deadline Driven Behavior Framework}{section.0.5}
\BOOKMARK [2][-]{subsection.0.5.2}{Other things}{section.0.5}
\BOOKMARK [2][-]{subsection.0.5.3}{Future Work}{section.0.5}
\BOOKMARK [1][-]{section..1}{Appendix A: Implementation}{chapter*.3}
\BOOKMARK [2][-]{subsection..1.1}{Implementing the Framework}{section..1}
\BOOKMARK [2][-]{subsection..1.2}{Extending PIPE2}{section..1}
\BOOKMARK [2][-]{subsection..1.3}{MASON}{section..1}
\BOOKMARK [2][-]{subsection..1.4}{Connecting MASON and the Situations Framework}{section..1}
\BOOKMARK [1][-]{section..2}{Appendix B: Results}{chapter*.3}
