\BOOKMARK [1][-]{section.0.1}{Acknowledgements}{}% 1
\BOOKMARK [0][-]{chapter.1}{Introduction}{}% 2
\BOOKMARK [1][-]{section.1.1}{Research Question}{chapter.1}% 3
\BOOKMARK [0][-]{chapter.2}{Related Work}{}% 4
\BOOKMARK [1][-]{section.2.1}{Group Interaction}{chapter.2}% 5
\BOOKMARK [2][-]{subsection.2.1.1}{Large Crowds}{section.2.1}% 6
\BOOKMARK [2][-]{subsection.2.1.2}{Smaller Groups and Individual Approaches}{section.2.1}% 7
\BOOKMARK [1][-]{section.2.2}{Interaction with Objects}{chapter.2}% 8
\BOOKMARK [2][-]{subsection.2.2.1}{Mixed Approaches}{section.2.2}% 9
\BOOKMARK [1][-]{section.2.3}{Designing the Behavior Structure in the Environment}{chapter.2}% 10
\BOOKMARK [1][-]{section.2.4}{General Behavior Modeling}{chapter.2}% 11
\BOOKMARK [2][-]{subsection.2.4.1}{Petri Nets}{section.2.4}% 12
\BOOKMARK [2][-]{subsection.2.4.2}{Advantages of Petri Nets over Finite State Automata}{section.2.4}% 13
\BOOKMARK [2][-]{subsection.2.4.3}{Are FSMs and Petri Nets interchangable?}{section.2.4}% 14
\BOOKMARK [1][-]{section.2.5}{Time Planning}{chapter.2}% 15
\BOOKMARK [1][-]{section.2.6}{Which Techniques Can We Use?}{chapter.2}% 16
\BOOKMARK [0][-]{chapter.3}{Method}{}% 17
\BOOKMARK [1][-]{section.3.1}{Petri-nets}{chapter.3}% 18
\BOOKMARK [1][-]{section.3.2}{Restrictions and Assumptions}{chapter.3}% 19
\BOOKMARK [1][-]{section.3.3}{Preparations}{chapter.3}% 20
\BOOKMARK [1][-]{section.3.4}{Time Planning \046 Decision Mechanism}{chapter.3}% 21
\BOOKMARK [2][-]{subsection.3.4.1}{The Basic Algorithm}{section.3.4}% 22
\BOOKMARK [1][-]{section.3.5}{Rotterdam Airport}{chapter.3}% 23
\BOOKMARK [1][-]{section.3.6}{Example}{chapter.3}% 24
\BOOKMARK [0][-]{chapter.4}{Experiments}{}% 25
\BOOKMARK [1][-]{section.4.1}{Qualitative Experiment}{chapter.4}% 26
\BOOKMARK [1][-]{section.4.2}{Quantitative Experiment}{chapter.4}% 27
\BOOKMARK [2][-]{subsection.4.2.1}{Sigmoid Function}{section.4.2}% 28
\BOOKMARK [2][-]{subsection.4.2.2}{Linear Function}{section.4.2}% 29
\BOOKMARK [2][-]{subsection.4.2.3}{Gaussian Function}{section.4.2}% 30
\BOOKMARK [1][-]{section.4.3}{New Quantitative Experiment}{chapter.4}% 31
\BOOKMARK [0][-]{chapter.5}{Results}{}% 32
\BOOKMARK [1][-]{section.5.1}{Results of the Qualitative Experiment}{chapter.5}% 33
\BOOKMARK [1][-]{section.5.2}{Results of the First Quantitative Experiment}{chapter.5}% 34
\BOOKMARK [1][-]{section.5.3}{Results of the Second Quantitative Experiment}{chapter.5}% 35
\BOOKMARK [0][-]{chapter.6}{Conclusion \046 Discussion}{}% 36
\BOOKMARK [1][-]{section.6.1}{How Can an Intelligent Virtual Environment for Simulated Pedestrians be Extended to Deal with Time-Restricted Destinations?}{chapter.6}% 37
\BOOKMARK [2][-]{subsection.6.1.1}{To What Extent Can Pedestrians be Simulated Realistically?}{section.6.1}% 38
\BOOKMARK [2][-]{subsection.6.1.2}{How Do We Let the Pedestrians Make Decisions Based on Time Left to Reach the Destination?}{section.6.1}% 39
\BOOKMARK [2][-]{subsection.6.1.3}{Is it Possible to Have Emergent Behavior Based on Time Restrictions}{section.6.1}% 40
\BOOKMARK [2][-]{subsection.6.1.4}{Is it Possible to Quickly Generate These Virtual Pedestrians Without Much Tweaking for Each Environment?}{section.6.1}% 41
\BOOKMARK [2][-]{subsection.6.1.5}{The Benefits of Petri nets}{section.6.1}% 42
\BOOKMARK [1][-]{section.6.2}{Limits of the Deadline Driven Behavior Framework}{chapter.6}% 43
\BOOKMARK [2][-]{subsection.6.2.1}{Future Work}{section.6.2}% 44
